Using pre-set license
Built from '2021.3/staging' branch; Version is '2021.3.10f1 (1c7d0df0160b) revision 1867021'; Using compiler version '192829333'; Build Type 'Release'
OS: 'Windows 10  (10.0.19044) 64bit Professional' Language: 'es' Physical Memory: 16299 MB
BatchMode: 1, IsHumanControllingUs: 0, StartBugReporterOnCrash: 0, Is64bit: 1, IsPro: 1

COMMAND LINE ARGUMENTS:
D:\Unity\2021.3.10f1\Editor\Unity.exe
-adb2
-batchMode
-noUpm
-name
AssetImportWorker1
-projectPath
D:/Dracollarium/Project-Dracollarium/ProjectDracollarium
-logFile
Logs/AssetImportWorker1.log
-srvPort
51573
Successfully changed project path to: D:/Dracollarium/Project-Dracollarium/ProjectDracollarium
D:/Dracollarium/Project-Dracollarium/ProjectDracollarium
[UnityMemory] Configuration Parameters - Can be set up in boot.config
    "memorysetup-bucket-allocator-granularity=16"
    "memorysetup-bucket-allocator-bucket-count=8"
    "memorysetup-bucket-allocator-block-size=33554432"
    "memorysetup-bucket-allocator-block-count=8"
    "memorysetup-main-allocator-block-size=16777216"
    "memorysetup-thread-allocator-block-size=16777216"
    "memorysetup-gfx-main-allocator-block-size=16777216"
    "memorysetup-gfx-thread-allocator-block-size=16777216"
    "memorysetup-cache-allocator-block-size=4194304"
    "memorysetup-typetree-allocator-block-size=2097152"
    "memorysetup-profiler-bucket-allocator-granularity=16"
    "memorysetup-profiler-bucket-allocator-bucket-count=8"
    "memorysetup-profiler-bucket-allocator-block-size=33554432"
    "memorysetup-profiler-bucket-allocator-block-count=8"
    "memorysetup-profiler-allocator-block-size=16777216"
    "memorysetup-profiler-editor-allocator-block-size=1048576"
    "memorysetup-temp-allocator-size-main=16777216"
    "memorysetup-job-temp-allocator-block-size=2097152"
    "memorysetup-job-temp-allocator-block-size-background=1048576"
    "memorysetup-job-temp-allocator-reduction-small-platforms=262144"
    "memorysetup-temp-allocator-size-background-worker=32768"
    "memorysetup-temp-allocator-size-job-worker=262144"
    "memorysetup-temp-allocator-size-preload-manager=33554432"
    "memorysetup-temp-allocator-size-nav-mesh-worker=65536"
    "memorysetup-temp-allocator-size-audio-worker=65536"
    "memorysetup-temp-allocator-size-cloud-worker=32768"
    "memorysetup-temp-allocator-size-gi-baking-worker=262144"
    "memorysetup-temp-allocator-size-gfx=262144"
Refreshing native plugins compatible for Editor in 175.36 ms, found 6 plugins.
Preloading 0 native plugins for Editor in 0.00 ms.
Initialize engine version: 2021.3.10f1 (1c7d0df0160b)
[Subsystems] Discovering subsystems at path D:/Unity/2021.3.10f1/Editor/Data/Resources/UnitySubsystems
[Subsystems] Discovering subsystems at path D:/Dracollarium/Project-Dracollarium/ProjectDracollarium/Assets
GfxDevice: creating device client; threaded=0; jobified=0
Direct3D:
    Version:  Direct3D 11.0 [level 11.1]
    Renderer: Radeon RX 580 Series (ID=0x67df)
    Vendor:   ATI
    VRAM:     8170 MB
    Driver:   31.0.12019.11001
Initialize mono
Mono path[0] = 'D:/Unity/2021.3.10f1/Editor/Data/Managed'
Mono path[1] = 'D:/Unity/2021.3.10f1/Editor/Data/MonoBleedingEdge/lib/mono/unityjit-win32'
Mono config path = 'D:/Unity/2021.3.10f1/Editor/Data/MonoBleedingEdge/etc'
Using monoOptions --debugger-agent=transport=dt_socket,embedding=1,server=y,suspend=n,address=127.0.0.1:56612
Begin MonoManager ReloadAssembly
Registering precompiled unity dll's ...
Register platform support module: D:/Unity/2021.3.10f1/Editor/Data/PlaybackEngines/WebGLSupport/UnityEditor.WebGL.Extensions.dll
Register platform support module: D:/Unity/2021.3.10f1/Editor/Data/PlaybackEngines/AndroidPlayer/UnityEditor.Android.Extensions.dll
Register platform support module: D:/Unity/2021.3.10f1/Editor/Data/PlaybackEngines/WindowsStandaloneSupport/UnityEditor.WindowsStandalone.Extensions.dll
Registered in 0.002903 seconds.
Native extension for WindowsStandalone target not found
Native extension for Android target not found
Native extension for WebGL target not found
Refreshing native plugins compatible for Editor in 147.96 ms, found 6 plugins.
Preloading 0 native plugins for Editor in 0.00 ms.
Mono: successfully reloaded assembly
- Completed reload, in  0.597 seconds
Domain Reload Profiling:
	ReloadAssembly (598ms)
		BeginReloadAssembly (59ms)
			ExecutionOrderSort (0ms)
			DisableScriptedObjects (0ms)
			BackupInstance (0ms)
			ReleaseScriptingObjects (0ms)
			CreateAndSetChildDomain (1ms)
		EndReloadAssembly (458ms)
			LoadAssemblies (59ms)
			RebuildTransferFunctionScriptingTraits (0ms)
			SetupTypeCache (88ms)
			ReleaseScriptCaches (0ms)
			RebuildScriptCaches (23ms)
			SetupLoadedEditorAssemblies (304ms)
				LogAssemblyErrors (0ms)
				InitializePlatformSupportModulesInManaged (33ms)
				SetLoadedEditorAssemblies (0ms)
				RefreshPlugins (148ms)
				BeforeProcessingInitializeOnLoad (1ms)
				ProcessInitializeOnLoadAttributes (81ms)
				ProcessInitializeOnLoadMethodAttributes (41ms)
				AfterProcessingInitializeOnLoad (0ms)
				EditorAssembliesLoaded (0ms)
			ExecutionOrderSort2 (0ms)
			AwakeInstancesAfterBackupRestoration (0ms)
Platform modules already initialized, skipping
Registering precompiled user dll's ...
Registered in 0.008182 seconds.
Begin MonoManager ReloadAssembly
Native extension for WindowsStandalone target not found
Native extension for Android target not found
Native extension for WebGL target not found
Refreshing native plugins compatible for Editor in 163.35 ms, found 6 plugins.
Preloading 0 native plugins for Editor in 0.00 ms.
Mono: successfully reloaded assembly
- Completed reload, in  1.622 seconds
Domain Reload Profiling:
	ReloadAssembly (1622ms)
		BeginReloadAssembly (98ms)
			ExecutionOrderSort (0ms)
			DisableScriptedObjects (4ms)
			BackupInstance (0ms)
			ReleaseScriptingObjects (0ms)
			CreateAndSetChildDomain (19ms)
		EndReloadAssembly (1428ms)
			LoadAssemblies (85ms)
			RebuildTransferFunctionScriptingTraits (0ms)
			SetupTypeCache (258ms)
			ReleaseScriptCaches (1ms)
			RebuildScriptCaches (106ms)
			SetupLoadedEditorAssemblies (842ms)
				LogAssemblyErrors (0ms)
				InitializePlatformSupportModulesInManaged (10ms)
				SetLoadedEditorAssemblies (0ms)
				RefreshPlugins (163ms)
				BeforeProcessingInitializeOnLoad (106ms)
				ProcessInitializeOnLoadAttributes (467ms)
				ProcessInitializeOnLoadMethodAttributes (93ms)
				AfterProcessingInitializeOnLoad (3ms)
				EditorAssembliesLoaded (0ms)
			ExecutionOrderSort2 (0ms)
			AwakeInstancesAfterBackupRestoration (6ms)
Platform modules already initialized, skipping
========================================================================
Worker process is ready to serve import requests
Launched and connected shader compiler UnityShaderCompiler.exe after 0.04 seconds
Refreshing native plugins compatible for Editor in 4.90 ms, found 6 plugins.
Preloading 0 native plugins for Editor in 0.00 ms.
Unloading 7412 Unused Serialized files (Serialized files now loaded: 0)
Unloading 141 unused Assets / (6.2 MB). Loaded Objects now: 7877.
Memory consumption went from 424.1 MB to 417.9 MB.
Total: 7.828700 ms (FindLiveObjects: 1.171500 ms CreateObjectMapping: 0.362000 ms MarkObjects: 4.162100 ms  DeleteObjects: 2.131800 ms)

AssetImportParameters requested are different than current active one (requested -> active):
  custom:video-decoder-ogg-theora: a1e56fd34408186e4bbccfd4996cb3dc -> 
  custom:container-muxer-webm: aa71ff27fc2769a1b78a27578f13a17b -> 
  custom:container-demuxer-webm: 4f35f7cbe854078d1ac9338744f61a02 -> 
  custom:video-encoder-webm-vp8: eb34c28f22e8b96e1ab97ce403110664 -> 
  custom:audio-encoder-webm-vorbis: bf7c407c2cedff20999df2af8eb42d56 -> 
  custom:framework-win-MediaFoundation: 216162199b28c13a410421893ffa2e32 -> 
  custom:container-demuxer-ogg: 62fdf1f143b41e24485cea50d1cbac27 -> 
  custom:video-decoder-webm-vp8: 9c59270c3fd7afecdb556c50c9e8de78 -> 
  custom:audio-decoder-ogg-vorbis: bf7c407c2cedff20999df2af8eb42d56 -> 
========================================================================
Received Import Request.
  Time since last request: 5673.623277 seconds.
  path: Assets/Prefabs/Materials/BSAR/[BSAR] Black Rock (x1)/black_rock_cliff_normal.tga
  artifactKey: Guid(becb41d363c70524e839e425f0f13494) Importer(815301076,1909f56bfc062723c751e8b465ee728b)
Start importing Assets/Prefabs/Materials/BSAR/[BSAR] Black Rock (x1)/black_rock_cliff_normal.tga using Guid(becb41d363c70524e839e425f0f13494) Importer(815301076,1909f56bfc062723c751e8b465ee728b)  -> (artifact id: 'abac952bcea2326d224b1f8430a6ebc6') in 0.273095 seconds 
========================================================================
Received Import Request.
  Time since last request: 8395.689730 seconds.
  path: Assets/Prefabs/Thirdparty/ANGRY MESH/Nature Pack - PBR Rocks/Ground Textures/Cliffs_01_Albedo.tif
  artifactKey: Guid(8f76c4d65bd8840438e3b824dc423d28) Importer(815301076,1909f56bfc062723c751e8b465ee728b)
Start importing Assets/Prefabs/Thirdparty/ANGRY MESH/Nature Pack - PBR Rocks/Ground Textures/Cliffs_01_Albedo.tif using Guid(8f76c4d65bd8840438e3b824dc423d28) Importer(815301076,1909f56bfc062723c751e8b465ee728b)  -> (artifact id: 'cf941f57f9863de25d9e3361d0e96a98') in 0.106914 seconds 
========================================================================
Received Import Request.
  Time since last request: 3.780865 seconds.
  path: Assets/Prefabs/Thirdparty/ANGRY MESH/Nature Pack - PBR Rocks/Ground Textures/Helper_Color_01.tif
  artifactKey: Guid(68336b7ae72c11a428b63844e6c4af1b) Importer(815301076,1909f56bfc062723c751e8b465ee728b)
Start importing Assets/Prefabs/Thirdparty/ANGRY MESH/Nature Pack - PBR Rocks/Ground Textures/Helper_Color_01.tif using Guid(68336b7ae72c11a428b63844e6c4af1b) Importer(815301076,1909f56bfc062723c751e8b465ee728b)  -> (artifact id: 'b6313274cd16580cc6215e0bced98468') in 0.011431 seconds 
========================================================================
Received Import Request.
  Time since last request: 0.743570 seconds.
  path: Assets/Prefabs/Thirdparty/ANGRY MESH/Nature Pack - PBR Rocks/Ground Textures/Moss_01_Mask.tif
  artifactKey: Guid(5551aa95ac8a1054cb22ddeb69234e64) Importer(815301076,1909f56bfc062723c751e8b465ee728b)
Start importing Assets/Prefabs/Thirdparty/ANGRY MESH/Nature Pack - PBR Rocks/Ground Textures/Moss_01_Mask.tif using Guid(5551aa95ac8a1054cb22ddeb69234e64) Importer(815301076,1909f56bfc062723c751e8b465ee728b)  -> (artifact id: '068ac8960f25aa61103388c189a7181a') in 0.041247 seconds 
========================================================================
Received Import Request.
  Time since last request: 1.634445 seconds.
  path: Assets/Prefabs/Thirdparty/ANGRY MESH/Nature Pack - PBR Rocks/Ground Textures/Mud_01_Albedo.tif
  artifactKey: Guid(20491b7ebbb4b5b48b345b9d28e3676a) Importer(815301076,1909f56bfc062723c751e8b465ee728b)
Start importing Assets/Prefabs/Thirdparty/ANGRY MESH/Nature Pack - PBR Rocks/Ground Textures/Mud_01_Albedo.tif using Guid(20491b7ebbb4b5b48b345b9d28e3676a) Importer(815301076,1909f56bfc062723c751e8b465ee728b)  -> (artifact id: '092afe5e77dc529cd27948deab1d1ae1') in 0.048885 seconds 
========================================================================
Received Import Request.
  Time since last request: 0.000030 seconds.
  path: Assets/Prefabs/Thirdparty/ANGRY MESH/Nature Pack - PBR Rocks/Ground Textures/Mud_01_Mask.tif
  artifactKey: Guid(4b7d355b386a8de42ae863473e0e6396) Importer(815301076,1909f56bfc062723c751e8b465ee728b)
Start importing Assets/Prefabs/Thirdparty/ANGRY MESH/Nature Pack - PBR Rocks/Ground Textures/Mud_01_Mask.tif using Guid(4b7d355b386a8de42ae863473e0e6396) Importer(815301076,1909f56bfc062723c751e8b465ee728b)  -> (artifact id: 'd9b4ebfb2d140f34150234a9e57bd3b5') in 0.050944 seconds 
========================================================================
Received Import Request.
  Time since last request: 1.117393 seconds.
  path: Assets/Prefabs/Thirdparty/ANGRY MESH/Nature Pack - PBR Rocks/Ground Textures/Sand_01_Albedo.tif
  artifactKey: Guid(7521bccde2791c44b8fa614dd1e0bc6e) Importer(815301076,1909f56bfc062723c751e8b465ee728b)
Start importing Assets/Prefabs/Thirdparty/ANGRY MESH/Nature Pack - PBR Rocks/Ground Textures/Sand_01_Albedo.tif using Guid(7521bccde2791c44b8fa614dd1e0bc6e) Importer(815301076,1909f56bfc062723c751e8b465ee728b)  -> (artifact id: '6d89e9be1c2abfd0095b66e55fbd415b') in 0.036905 seconds 
========================================================================
Received Import Request.
  Time since last request: 0.000029 seconds.
  path: Assets/Prefabs/Thirdparty/ANGRY MESH/Nature Pack - PBR Rocks/Ground Textures/Sand_01_NM.tif
  artifactKey: Guid(4473b629215d3884ca9ad46dff0618a5) Importer(815301076,1909f56bfc062723c751e8b465ee728b)
Start importing Assets/Prefabs/Thirdparty/ANGRY MESH/Nature Pack - PBR Rocks/Ground Textures/Sand_01_NM.tif using Guid(4473b629215d3884ca9ad46dff0618a5) Importer(815301076,1909f56bfc062723c751e8b465ee728b)  -> (artifact id: 'eef3759aa546c70bec6535a66251ec53') in 0.046589 seconds 
========================================================================
Received Import Request.
  Time since last request: 41.323883 seconds.
  path: Assets/Resources/Textures/Terrain Textures/[Texture] Shell Sand Beach_BaseMap.png
  artifactKey: Guid(b25537fc3091fee46a0c5341cdbebd3a) Importer(815301076,1909f56bfc062723c751e8b465ee728b)
Start importing Assets/Resources/Textures/Terrain Textures/[Texture] Shell Sand Beach_BaseMap.png using Guid(b25537fc3091fee46a0c5341cdbebd3a) Importer(815301076,1909f56bfc062723c751e8b465ee728b)  -> (artifact id: 'a07868eed2006b1a3d7990ed743f0dc2') in 0.053218 seconds 
========================================================================
Received Import Request.
  Time since last request: 0.000035 seconds.
  path: Assets/Resources/Textures/Terrain Textures/[Texture] Bedrock_BaseMap.png
  artifactKey: Guid(346f55a794681a04ea02eed7d55e1e28) Importer(815301076,1909f56bfc062723c751e8b465ee728b)
Start importing Assets/Resources/Textures/Terrain Textures/[Texture] Bedrock_BaseMap.png using Guid(346f55a794681a04ea02eed7d55e1e28) Importer(815301076,1909f56bfc062723c751e8b465ee728b)  -> (artifact id: '2f50976da7ebd6c9a43e53df8922231c') in 0.010100 seconds 
========================================================================
Received Import Request.
  Time since last request: 92.335278 seconds.
  path: Assets/Resources/Textures/Terrain Textures/[Texture] Bedrock_NormalMap.png
  artifactKey: Guid(7868b189a81752045844e02533c4dc2f) Importer(815301076,1909f56bfc062723c751e8b465ee728b)
Start importing Assets/Resources/Textures/Terrain Textures/[Texture] Bedrock_NormalMap.png using Guid(7868b189a81752045844e02533c4dc2f) Importer(815301076,1909f56bfc062723c751e8b465ee728b)  -> (artifact id: '75911b6f13e8c211034820f0f259094d') in 0.017983 seconds 
========================================================================
Received Import Request.
  Time since last request: 18.856983 seconds.
  path: Assets/Prefabs/Thirdparty/ANGRY MESH/Nature Pack - PBR Rocks/Ground Textures/Snow_01_Mask.tif
  artifactKey: Guid(2cc6395f64be2834d8dc6f781000f34f) Importer(815301076,1909f56bfc062723c751e8b465ee728b)
Start importing Assets/Prefabs/Thirdparty/ANGRY MESH/Nature Pack - PBR Rocks/Ground Textures/Snow_01_Mask.tif using Guid(2cc6395f64be2834d8dc6f781000f34f) Importer(815301076,1909f56bfc062723c751e8b465ee728b)  -> (artifact id: '90ee3629f8528f6771a4e9d185b2fb5b') in 0.045980 seconds 
========================================================================
Received Import Request.
  Time since last request: 0.501886 seconds.
  path: Assets/Prefabs/Thirdparty/ANGRY MESH/Nature Pack - PBR Rocks/Ground Textures/Sand_02_Albedo.tif
  artifactKey: Guid(f9d53647aeb7c6549a638209856c7d62) Importer(815301076,1909f56bfc062723c751e8b465ee728b)
Start importing Assets/Prefabs/Thirdparty/ANGRY MESH/Nature Pack - PBR Rocks/Ground Textures/Sand_02_Albedo.tif using Guid(f9d53647aeb7c6549a638209856c7d62) Importer(815301076,1909f56bfc062723c751e8b465ee728b)  -> (artifact id: 'b2c3b524efbef6d1212e0c9b5e82dfdf') in 0.047155 seconds 
========================================================================
Received Import Request.
  Time since last request: 0.000048 seconds.
  path: Assets/Prefabs/Thirdparty/ANGRY MESH/Nature Pack - PBR Rocks/Ground Textures/Sand_02_Mask.tif
  artifactKey: Guid(24221854de2c5be4282775b87e5d4c66) Importer(815301076,1909f56bfc062723c751e8b465ee728b)
Start importing Assets/Prefabs/Thirdparty/ANGRY MESH/Nature Pack - PBR Rocks/Ground Textures/Sand_02_Mask.tif using Guid(24221854de2c5be4282775b87e5d4c66) Importer(815301076,1909f56bfc062723c751e8b465ee728b)  -> (artifact id: 'b22ce763786dd12626e2cc8bc8ecb352') in 0.047360 seconds 
========================================================================
Received Import Request.
  Time since last request: 1.284334 seconds.
  path: Assets/Prefabs/Thirdparty/ANGRY MESH/Nature Pack - PBR Rocks/Ground Textures/Leaves_02_Albedo.tif
  artifactKey: Guid(3f484838a005ddd4694720c0e52e0238) Importer(815301076,1909f56bfc062723c751e8b465ee728b)
Start importing Assets/Prefabs/Thirdparty/ANGRY MESH/Nature Pack - PBR Rocks/Ground Textures/Leaves_02_Albedo.tif using Guid(3f484838a005ddd4694720c0e52e0238) Importer(815301076,1909f56bfc062723c751e8b465ee728b)  -> (artifact id: 'ba6c4a80e3873c89ce255fa4cbd57322') in 0.055477 seconds 
========================================================================
Received Import Request.
  Time since last request: 0.000042 seconds.
  path: Assets/Prefabs/Thirdparty/ANGRY MESH/Nature Pack - PBR Rocks/Ground Textures/Leaves_02_NM.tif
  artifactKey: Guid(7610575e8af38404d93ab99bb0a30c39) Importer(815301076,1909f56bfc062723c751e8b465ee728b)
Start importing Assets/Prefabs/Thirdparty/ANGRY MESH/Nature Pack - PBR Rocks/Ground Textures/Leaves_02_NM.tif using Guid(7610575e8af38404d93ab99bb0a30c39) Importer(815301076,1909f56bfc062723c751e8b465ee728b)  -> (artifact id: '804225dd0f6c42164cd875b6b41eb3a4') in 0.050616 seconds 
========================================================================
Received Import Request.
  Time since last request: 0.667646 seconds.
  path: Assets/Prefabs/Thirdparty/ANGRY MESH/Nature Pack - PBR Rocks/Ground Textures/Leaves_01_Albedo.tif
  artifactKey: Guid(2cc3a6c165e257241b27867ea3db764d) Importer(815301076,1909f56bfc062723c751e8b465ee728b)
Start importing Assets/Prefabs/Thirdparty/ANGRY MESH/Nature Pack - PBR Rocks/Ground Textures/Leaves_01_Albedo.tif using Guid(2cc3a6c165e257241b27867ea3db764d) Importer(815301076,1909f56bfc062723c751e8b465ee728b)  -> (artifact id: '7eb7eaee31c2913e4611b4e1ca5004cf') in 0.037132 seconds 
========================================================================
Received Import Request.
  Time since last request: 0.000032 seconds.
  path: Assets/Prefabs/Thirdparty/ANGRY MESH/Nature Pack - PBR Rocks/Ground Textures/Leaves_01_Mask.tif
  artifactKey: Guid(1a3b3afcf5eed2c4183562e8d998b7f5) Importer(815301076,1909f56bfc062723c751e8b465ee728b)
Start importing Assets/Prefabs/Thirdparty/ANGRY MESH/Nature Pack - PBR Rocks/Ground Textures/Leaves_01_Mask.tif using Guid(1a3b3afcf5eed2c4183562e8d998b7f5) Importer(815301076,1909f56bfc062723c751e8b465ee728b)  -> (artifact id: '4b8841a3f934ddcd3a84421cf5c005c4') in 0.031137 seconds 
========================================================================
Received Import Request.
  Time since last request: 25.439985 seconds.
  path: Assets/Resources/Textures/Terrain Textures/[Texture] Eroded Limestone_NormalMap.png
  artifactKey: Guid(e373a1d1b41bb904ba1c960b0cdc9bbd) Importer(815301076,1909f56bfc062723c751e8b465ee728b)
Start importing Assets/Resources/Textures/Terrain Textures/[Texture] Eroded Limestone_NormalMap.png using Guid(e373a1d1b41bb904ba1c960b0cdc9bbd) Importer(815301076,1909f56bfc062723c751e8b465ee728b)  -> (artifact id: '39e535956c8d32c93c987a316e3f60f0') in 0.016823 seconds 
========================================================================
Received Import Request.
  Time since last request: 14.289786 seconds.
  path: Assets/ALP8310_Assets/Nature Package-Coniferous Environment/GroundTextures/_Grass01_N.png
  artifactKey: Guid(e60e26b5cdc1a2149a144c3efe450fcc) Importer(815301076,1909f56bfc062723c751e8b465ee728b)
Start importing Assets/ALP8310_Assets/Nature Package-Coniferous Environment/GroundTextures/_Grass01_N.png using Guid(e60e26b5cdc1a2149a144c3efe450fcc) Importer(815301076,1909f56bfc062723c751e8b465ee728b)  -> (artifact id: '2dee6ed9d12c2b2e2cd7b3786c5e4699') in 0.019158 seconds 
========================================================================
Received Import Request.
  Time since last request: 0.608931 seconds.
  path: Assets/ALP8310_Assets/Nature Package-Coniferous Environment/GroundTextures/Grass_003_N.png
  artifactKey: Guid(820216e5d0e5d7a458143d3c419593f0) Importer(815301076,1909f56bfc062723c751e8b465ee728b)
Start importing Assets/ALP8310_Assets/Nature Package-Coniferous Environment/GroundTextures/Grass_003_N.png using Guid(820216e5d0e5d7a458143d3c419593f0) Importer(815301076,1909f56bfc062723c751e8b465ee728b)  -> (artifact id: '7ee434ea7e3bf2d490793dcc9648d4d3') in 0.041661 seconds 
========================================================================
Received Import Request.
  Time since last request: 1.068040 seconds.
  path: Assets/ALP8310_Assets/Nature Package-Coniferous Environment/GroundTextures/ForestGround01_N.png
  artifactKey: Guid(e92bcf974566cab4bb35e94b101afeb0) Importer(815301076,1909f56bfc062723c751e8b465ee728b)
Start importing Assets/ALP8310_Assets/Nature Package-Coniferous Environment/GroundTextures/ForestGround01_N.png using Guid(e92bcf974566cab4bb35e94b101afeb0) Importer(815301076,1909f56bfc062723c751e8b465ee728b)  -> (artifact id: 'cdb3708047fd86bbfd16be21d847adf6') in 0.022086 seconds 
========================================================================
Received Import Request.
  Time since last request: 0.481315 seconds.
  path: Assets/ALP8310_Assets/Nature Package-Coniferous Environment/GroundTextures/DrySwampGround01_N.png
  artifactKey: Guid(840b4df487fe87640b1e948f2b58b3bd) Importer(815301076,1909f56bfc062723c751e8b465ee728b)
Start importing Assets/ALP8310_Assets/Nature Package-Coniferous Environment/GroundTextures/DrySwampGround01_N.png using Guid(840b4df487fe87640b1e948f2b58b3bd) Importer(815301076,1909f56bfc062723c751e8b465ee728b)  -> (artifact id: '7d306b4ce880d2277f66fbd8f7ebe0d6') in 0.036047 seconds 
========================================================================
Received Import Request.
  Time since last request: 2.596346 seconds.
  path: Assets/ALP8310_Assets/Nature Package-Coniferous Environment/GroundTextures/GroundRock01_N.png
  artifactKey: Guid(71620f255b21b6148a4e27767162a169) Importer(815301076,1909f56bfc062723c751e8b465ee728b)
Start importing Assets/ALP8310_Assets/Nature Package-Coniferous Environment/GroundTextures/GroundRock01_N.png using Guid(71620f255b21b6148a4e27767162a169) Importer(815301076,1909f56bfc062723c751e8b465ee728b)  -> (artifact id: '2f01660b8952eb5f17b92cf1bc2a3dc6') in 0.021768 seconds 
========================================================================
Received Import Request.
  Time since last request: 24.056090 seconds.
  path: Assets/Resources/Textures/Terrain Textures/[Texture] Shell Sand Beach_MaskMap.png
  artifactKey: Guid(9adbaa62f1a9e3146847912e8ce21eb2) Importer(815301076,1909f56bfc062723c751e8b465ee728b)
Start importing Assets/Resources/Textures/Terrain Textures/[Texture] Shell Sand Beach_MaskMap.png using Guid(9adbaa62f1a9e3146847912e8ce21eb2) Importer(815301076,1909f56bfc062723c751e8b465ee728b)  -> (artifact id: 'e69c678a905c5acc957f56b40b9b9b61') in 0.014230 seconds 
