Using pre-set license
Built from '2020.3/staging' branch; Version is '2020.3.5f1 (8095aa901b9b) revision 8426922'; Using compiler version '192528614'; Build Type 'Release'
OS: 'Windows 10 Pro; OS build 19042.1288; Version 2009; 64bit' Language: 'es' Physical Memory: 8140 MB
BatchMode: 1, IsHumanControllingUs: 0, StartBugReporterOnCrash: 0, Is64bit: 1, IsPro: 0

 COMMAND LINE ARGUMENTS:
D:\Program Files\Unity\2020.3.5f1\Editor\Unity.exe
-adb2
-batchMode
-noUpm
-name
AssetImportWorker0
-projectPath
D:/MisProyectos/Dracollarium/Project-Dracollarium/Unity Project
-logFile
Logs/AssetImportWorker0.log
-srvPort
56782
Successfully changed project path to: D:/MisProyectos/Dracollarium/Project-Dracollarium/Unity Project
D:/MisProyectos/Dracollarium/Project-Dracollarium/Unity Project
Using Asset Import Pipeline V2.
Refreshing native plugins compatible for Editor in 188.39 ms, found 0 plugins.
Preloading 0 native plugins for Editor in 0.00 ms.
Initialize engine version: 2020.3.5f1 (8095aa901b9b)
[Subsystems] Discovering subsystems at path D:/Program Files/Unity/2020.3.5f1/Editor/Data/Resources/UnitySubsystems
[Subsystems] Discovering subsystems at path D:/MisProyectos/Dracollarium/Project-Dracollarium/Unity Project/Assets
GfxDevice: creating device client; threaded=0
Direct3D:
    Version:  Direct3D 11.0 [level 11.1]
    Renderer: Radeon RX 580 Series (ID=0x67df)
    Vendor:   
    VRAM:     8171 MB
    Driver:   27.20.1034.6
Initialize mono
Mono path[0] = 'D:/Program Files/Unity/2020.3.5f1/Editor/Data/Managed'
Mono path[1] = 'D:/Program Files/Unity/2020.3.5f1/Editor/Data/MonoBleedingEdge/lib/mono/unityjit'
Mono config path = 'D:/Program Files/Unity/2020.3.5f1/Editor/Data/MonoBleedingEdge/etc'
Using monoOptions --debugger-agent=transport=dt_socket,embedding=1,server=y,suspend=n,address=127.0.0.1:56660
Begin MonoManager ReloadAssembly
Registering precompiled unity dll's ...
Register platform support module: D:/Program Files/Unity/2020.3.5f1/Editor/Data/PlaybackEngines/WindowsStandaloneSupport/UnityEditor.WindowsStandalone.Extensions.dll
Registered in 0.002454 seconds.
Native extension for WindowsStandalone target not found
Refreshing native plugins compatible for Editor in 142.47 ms, found 0 plugins.
Preloading 0 native plugins for Editor in 0.00 ms.
Mono: successfully reloaded assembly
- Completed reload, in  2.039 seconds
Platform modules already initialized, skipping
Registering precompiled user dll's ...
Registered in 0.005076 seconds.
Begin MonoManager ReloadAssembly
Native extension for WindowsStandalone target not found
Refreshing native plugins compatible for Editor in 163.49 ms, found 0 plugins.
Preloading 0 native plugins for Editor in 0.00 ms.
Mono: successfully reloaded assembly
- Completed reload, in  8.820 seconds
Platform modules already initialized, skipping
========================================================================
Worker process is ready to serve import requests
Launched and connected shader compiler UnityShaderCompiler.exe after 0.16 seconds
Refreshing native plugins compatible for Editor in 1.13 ms, found 0 plugins.
Preloading 0 native plugins for Editor in 0.00 ms.
Unloading 4243 Unused Serialized files (Serialized files now loaded: 0)
System memory in use before: 207.5 MB.
System memory in use after: 207.7 MB.

Unloading 18 unused Assets to reduce memory usage. Loaded Objects now: 4706.
Total: 7.357000 ms (FindLiveObjects: 2.340800 ms CreateObjectMapping: 0.340200 ms MarkObjects: 4.573100 ms  DeleteObjects: 0.100500 ms)

========================================================================
Received Import Request.
  path: Assets/Scripts/Inventory/PlayerItemPickup.cs
  artifactKey: Guid(5ba4ca3b65c78144eb011dcff388f5f5) Importer(815301076,1909f56bfc062723c751e8b465ee728b)
Start importing Assets/Scripts/Inventory/PlayerItemPickup.cs using Guid(5ba4ca3b65c78144eb011dcff388f5f5) Importer(815301076,1909f56bfc062723c751e8b465ee728b)  -> (artifact id: 'bfdf4e9584055e1b85f87c751ce4fab1') in 1.756591 seconds
  Import took 1.808793 seconds .

========================================================================
Received Prepare
Registering precompiled user dll's ...
Registered in 0.319814 seconds.
Begin MonoManager ReloadAssembly
Native extension for WindowsStandalone target not found
Refreshing native plugins compatible for Editor in 1.23 ms, found 0 plugins.
Preloading 0 native plugins for Editor in 0.00 ms.
Mono: successfully reloaded assembly
- Completed reload, in  2.551 seconds
Platform modules already initialized, skipping
Refreshing native plugins compatible for Editor in 1.06 ms, found 0 plugins.
Preloading 0 native plugins for Editor in 0.00 ms.
Unloading 3966 Unused Serialized files (Serialized files now loaded: 0)
System memory in use before: 193.0 MB.
System memory in use after: 193.2 MB.

Unloading 12 unused Assets to reduce memory usage. Loaded Objects now: 4711.
Total: 5.928300 ms (FindLiveObjects: 1.046200 ms CreateObjectMapping: 0.515900 ms MarkObjects: 4.336000 ms  DeleteObjects: 0.028400 ms)

========================================================================
Received Import Request.
  Time since last request: 9796.921424 seconds.
  path: Assets/Scripts/Movement/PlayerFreeMovement.cs
  artifactKey: Guid(c27eebc82aa4daf4db372e74ee204385) Importer(815301076,1909f56bfc062723c751e8b465ee728b)
Start importing Assets/Scripts/Movement/PlayerFreeMovement.cs using Guid(c27eebc82aa4daf4db372e74ee204385) Importer(815301076,1909f56bfc062723c751e8b465ee728b)  -> (artifact id: '7230f1d861b3d016cc5c6b9b69c1e661') in 0.011292 seconds
  Import took 0.037639 seconds .

========================================================================
Received Import Request.
  Time since last request: 0.000769 seconds.
  path: Assets/Scripts/Movement/PlayerFreeMovement.cs
  artifactKey: Guid(c27eebc82aa4daf4db372e74ee204385) Importer(815301076,1909f56bfc062723c751e8b465ee728b)
Start importing Assets/Scripts/Movement/PlayerFreeMovement.cs using Guid(c27eebc82aa4daf4db372e74ee204385) Importer(815301076,1909f56bfc062723c751e8b465ee728b)  -> (artifact id: '7230f1d861b3d016cc5c6b9b69c1e661') in 0.003655 seconds
  Import took 0.014341 seconds .

========================================================================
Received Prepare
Registering precompiled user dll's ...
Registered in 0.007575 seconds.
Begin MonoManager ReloadAssembly
Native extension for WindowsStandalone target not found
Refreshing native plugins compatible for Editor in 1.13 ms, found 0 plugins.
Preloading 0 native plugins for Editor in 0.00 ms.
Mono: successfully reloaded assembly
- Completed reload, in  2.145 seconds
Platform modules already initialized, skipping
Refreshing native plugins compatible for Editor in 1.12 ms, found 0 plugins.
Preloading 0 native plugins for Editor in 0.00 ms.
Unloading 3966 Unused Serialized files (Serialized files now loaded: 0)
System memory in use before: 193.1 MB.
System memory in use after: 193.3 MB.

Unloading 12 unused Assets to reduce memory usage. Loaded Objects now: 4716.
Total: 5.330500 ms (FindLiveObjects: 0.971300 ms CreateObjectMapping: 0.422400 ms MarkObjects: 3.909800 ms  DeleteObjects: 0.025000 ms)

========================================================================
Received Import Request.
  Time since last request: 2800.552195 seconds.
  path: Assets/Prefabs/Items_Database/Material/[9331]DevMaterial.asset
  artifactKey: Guid(f8ee1511a4bccf74fa29618078117f44) Importer(815301076,1909f56bfc062723c751e8b465ee728b)
Start importing Assets/Prefabs/Items_Database/Material/[9331]DevMaterial.asset using Guid(f8ee1511a4bccf74fa29618078117f44) Importer(815301076,1909f56bfc062723c751e8b465ee728b)  -> (artifact id: 'b02ccbf8a54564dcd3da9c559397780b') in 0.200151 seconds
  Import took 0.252781 seconds .

========================================================================
Received Import Request.
  Time since last request: 0.000583 seconds.
  path: Assets/Prefabs/Items_Database/Resources/[9826]DevResource.asset
  artifactKey: Guid(e0611bc550456b349b83278efdee03fe) Importer(815301076,1909f56bfc062723c751e8b465ee728b)
Start importing Assets/Prefabs/Items_Database/Resources/[9826]DevResource.asset using Guid(e0611bc550456b349b83278efdee03fe) Importer(815301076,1909f56bfc062723c751e8b465ee728b)  -> (artifact id: 'd3b86492e08a5c6c8aa5ea14e841715a') in 0.004121 seconds
  Import took 0.046799 seconds .

========================================================================
Received Prepare
Registering precompiled user dll's ...
Registered in 0.005613 seconds.
Begin MonoManager ReloadAssembly
Native extension for WindowsStandalone target not found
Refreshing native plugins compatible for Editor in 1.20 ms, found 0 plugins.
Preloading 0 native plugins for Editor in 0.00 ms.
Mono: successfully reloaded assembly
- Completed reload, in  2.278 seconds
Platform modules already initialized, skipping
Refreshing native plugins compatible for Editor in 1.16 ms, found 0 plugins.
Preloading 0 native plugins for Editor in 0.00 ms.
Unloading 3966 Unused Serialized files (Serialized files now loaded: 0)
System memory in use before: 193.1 MB.
System memory in use after: 193.3 MB.

Unloading 12 unused Assets to reduce memory usage. Loaded Objects now: 4721.
Total: 4.562700 ms (FindLiveObjects: 0.729100 ms CreateObjectMapping: 0.249400 ms MarkObjects: 3.554200 ms  DeleteObjects: 0.028200 ms)

========================================================================
Received Prepare
Registering precompiled user dll's ...
Registered in 0.005658 seconds.
Begin MonoManager ReloadAssembly
Native extension for WindowsStandalone target not found
Refreshing native plugins compatible for Editor in 1.20 ms, found 0 plugins.
Preloading 0 native plugins for Editor in 0.00 ms.
Mono: successfully reloaded assembly
- Completed reload, in  2.311 seconds
Platform modules already initialized, skipping
Refreshing native plugins compatible for Editor in 1.10 ms, found 0 plugins.
Preloading 0 native plugins for Editor in 0.00 ms.
Unloading 3966 Unused Serialized files (Serialized files now loaded: 0)
System memory in use before: 193.1 MB.
System memory in use after: 193.4 MB.

Unloading 12 unused Assets to reduce memory usage. Loaded Objects now: 4726.
Total: 5.127200 ms (FindLiveObjects: 1.028700 ms CreateObjectMapping: 0.403500 ms MarkObjects: 3.665900 ms  DeleteObjects: 0.026900 ms)

========================================================================
Received Prepare
Registering precompiled user dll's ...
Registered in 0.005810 seconds.
Begin MonoManager ReloadAssembly
Native extension for WindowsStandalone target not found
Refreshing native plugins compatible for Editor in 1.38 ms, found 0 plugins.
Preloading 0 native plugins for Editor in 0.00 ms.
Mono: successfully reloaded assembly
- Completed reload, in  2.286 seconds
Platform modules already initialized, skipping
Refreshing native plugins compatible for Editor in 1.12 ms, found 0 plugins.
Preloading 0 native plugins for Editor in 0.00 ms.
Unloading 3966 Unused Serialized files (Serialized files now loaded: 0)
System memory in use before: 193.1 MB.
System memory in use after: 193.4 MB.

Unloading 12 unused Assets to reduce memory usage. Loaded Objects now: 4731.
Total: 5.396100 ms (FindLiveObjects: 0.895600 ms CreateObjectMapping: 0.288500 ms MarkObjects: 4.176200 ms  DeleteObjects: 0.033800 ms)

========================================================================
Received Prepare
Registering precompiled user dll's ...
Registered in 0.006108 seconds.
Begin MonoManager ReloadAssembly
Native extension for WindowsStandalone target not found
Refreshing native plugins compatible for Editor in 1.19 ms, found 0 plugins.
Preloading 0 native plugins for Editor in 0.00 ms.
Mono: successfully reloaded assembly
- Completed reload, in  2.366 seconds
Platform modules already initialized, skipping
Refreshing native plugins compatible for Editor in 1.20 ms, found 0 plugins.
Preloading 0 native plugins for Editor in 0.00 ms.
Unloading 3966 Unused Serialized files (Serialized files now loaded: 0)
System memory in use before: 193.1 MB.
System memory in use after: 193.4 MB.

Unloading 12 unused Assets to reduce memory usage. Loaded Objects now: 4736.
Total: 5.582300 ms (FindLiveObjects: 0.823400 ms CreateObjectMapping: 0.260200 ms MarkObjects: 4.457900 ms  DeleteObjects: 0.039100 ms)

========================================================================
Received Prepare
Registering precompiled user dll's ...
Registered in 0.005418 seconds.
Begin MonoManager ReloadAssembly
Native extension for WindowsStandalone target not found
Refreshing native plugins compatible for Editor in 1.20 ms, found 0 plugins.
Preloading 0 native plugins for Editor in 0.00 ms.
Mono: successfully reloaded assembly
- Completed reload, in  2.162 seconds
Platform modules already initialized, skipping
Refreshing native plugins compatible for Editor in 1.17 ms, found 0 plugins.
Preloading 0 native plugins for Editor in 0.00 ms.
Unloading 3966 Unused Serialized files (Serialized files now loaded: 0)
System memory in use before: 193.2 MB.
System memory in use after: 193.4 MB.

Unloading 12 unused Assets to reduce memory usage. Loaded Objects now: 4741.
Total: 4.495900 ms (FindLiveObjects: 0.738200 ms CreateObjectMapping: 0.265800 ms MarkObjects: 3.467800 ms  DeleteObjects: 0.022700 ms)

========================================================================
Received Prepare
Registering precompiled user dll's ...
Registered in 0.005489 seconds.
Begin MonoManager ReloadAssembly
Native extension for WindowsStandalone target not found
Refreshing native plugins compatible for Editor in 1.14 ms, found 0 plugins.
Preloading 0 native plugins for Editor in 0.00 ms.
Mono: successfully reloaded assembly
- Completed reload, in  2.139 seconds
Platform modules already initialized, skipping
Refreshing native plugins compatible for Editor in 1.10 ms, found 0 plugins.
Preloading 0 native plugins for Editor in 0.00 ms.
Unloading 3966 Unused Serialized files (Serialized files now loaded: 0)
System memory in use before: 193.2 MB.
System memory in use after: 193.4 MB.

Unloading 12 unused Assets to reduce memory usage. Loaded Objects now: 4746.
Total: 4.998500 ms (FindLiveObjects: 0.984300 ms CreateObjectMapping: 0.476100 ms MarkObjects: 3.512800 ms  DeleteObjects: 0.024000 ms)

========================================================================
Received Prepare
Registering precompiled user dll's ...
Registered in 0.005199 seconds.
Begin MonoManager ReloadAssembly
Native extension for WindowsStandalone target not found
Refreshing native plugins compatible for Editor in 1.14 ms, found 0 plugins.
Preloading 0 native plugins for Editor in 0.00 ms.
Mono: successfully reloaded assembly
- Completed reload, in  2.220 seconds
Platform modules already initialized, skipping
Refreshing native plugins compatible for Editor in 1.21 ms, found 0 plugins.
Preloading 0 native plugins for Editor in 0.00 ms.
Unloading 3966 Unused Serialized files (Serialized files now loaded: 0)
System memory in use before: 193.2 MB.
System memory in use after: 193.4 MB.

Unloading 12 unused Assets to reduce memory usage. Loaded Objects now: 4751.
Total: 4.584500 ms (FindLiveObjects: 0.729600 ms CreateObjectMapping: 0.233300 ms MarkObjects: 3.591300 ms  DeleteObjects: 0.028300 ms)

========================================================================
Received Prepare
Registering precompiled user dll's ...
Registered in 0.005665 seconds.
Begin MonoManager ReloadAssembly
Native extension for WindowsStandalone target not found
Refreshing native plugins compatible for Editor in 1.16 ms, found 0 plugins.
Preloading 0 native plugins for Editor in 0.00 ms.
Mono: successfully reloaded assembly
- Completed reload, in  2.406 seconds
Platform modules already initialized, skipping
Refreshing native plugins compatible for Editor in 1.21 ms, found 0 plugins.
Preloading 0 native plugins for Editor in 0.00 ms.
Unloading 3966 Unused Serialized files (Serialized files now loaded: 0)
System memory in use before: 193.2 MB.
System memory in use after: 193.4 MB.

Unloading 12 unused Assets to reduce memory usage. Loaded Objects now: 4756.
Total: 6.455700 ms (FindLiveObjects: 0.824900 ms CreateObjectMapping: 0.559500 ms MarkObjects: 5.028100 ms  DeleteObjects: 0.041100 ms)

========================================================================
Received Prepare
Registering precompiled user dll's ...
Registered in 0.005428 seconds.
Begin MonoManager ReloadAssembly
Native extension for WindowsStandalone target not found
Refreshing native plugins compatible for Editor in 1.16 ms, found 0 plugins.
Preloading 0 native plugins for Editor in 0.00 ms.
Mono: successfully reloaded assembly
- Completed reload, in  2.291 seconds
Platform modules already initialized, skipping
Refreshing native plugins compatible for Editor in 1.07 ms, found 0 plugins.
Preloading 0 native plugins for Editor in 0.00 ms.
Unloading 3966 Unused Serialized files (Serialized files now loaded: 0)
System memory in use before: 193.2 MB.
System memory in use after: 193.5 MB.

Unloading 12 unused Assets to reduce memory usage. Loaded Objects now: 4761.
Total: 4.587700 ms (FindLiveObjects: 0.776400 ms CreateObjectMapping: 0.277300 ms MarkObjects: 3.509200 ms  DeleteObjects: 0.023500 ms)

========================================================================
Received Prepare
Registering precompiled user dll's ...
Registered in 0.028556 seconds.
Begin MonoManager ReloadAssembly
Native extension for WindowsStandalone target not found
Refreshing native plugins compatible for Editor in 1.22 ms, found 0 plugins.
Preloading 0 native plugins for Editor in 0.00 ms.
Mono: successfully reloaded assembly
- Completed reload, in  2.209 seconds
Platform modules already initialized, skipping
Refreshing native plugins compatible for Editor in 1.20 ms, found 0 plugins.
Preloading 0 native plugins for Editor in 0.00 ms.
Unloading 3966 Unused Serialized files (Serialized files now loaded: 0)
System memory in use before: 193.2 MB.
System memory in use after: 193.5 MB.

Unloading 12 unused Assets to reduce memory usage. Loaded Objects now: 4766.
Total: 4.575300 ms (FindLiveObjects: 0.779100 ms CreateObjectMapping: 0.247200 ms MarkObjects: 3.525600 ms  DeleteObjects: 0.022000 ms)

========================================================================
Received Prepare
Registering precompiled user dll's ...
Registered in 0.006234 seconds.
Begin MonoManager ReloadAssembly
Native extension for WindowsStandalone target not found
Refreshing native plugins compatible for Editor in 1.17 ms, found 0 plugins.
Preloading 0 native plugins for Editor in 0.00 ms.
Mono: successfully reloaded assembly
- Completed reload, in  2.199 seconds
Platform modules already initialized, skipping
Refreshing native plugins compatible for Editor in 1.36 ms, found 0 plugins.
Preloading 0 native plugins for Editor in 0.00 ms.
Unloading 3966 Unused Serialized files (Serialized files now loaded: 0)
System memory in use before: 193.2 MB.
System memory in use after: 193.5 MB.

Unloading 12 unused Assets to reduce memory usage. Loaded Objects now: 4771.
Total: 4.809200 ms (FindLiveObjects: 0.933700 ms CreateObjectMapping: 0.282900 ms MarkObjects: 3.560600 ms  DeleteObjects: 0.030000 ms)

========================================================================
Received Prepare
Registering precompiled user dll's ...
Registered in 0.005266 seconds.
Begin MonoManager ReloadAssembly
Native extension for WindowsStandalone target not found
Refreshing native plugins compatible for Editor in 1.20 ms, found 0 plugins.
Preloading 0 native plugins for Editor in 0.00 ms.
Mono: successfully reloaded assembly
- Completed reload, in  2.503 seconds
Platform modules already initialized, skipping
Refreshing native plugins compatible for Editor in 1.09 ms, found 0 plugins.
Preloading 0 native plugins for Editor in 0.00 ms.
Unloading 3966 Unused Serialized files (Serialized files now loaded: 0)
System memory in use before: 193.2 MB.
System memory in use after: 193.5 MB.

Unloading 12 unused Assets to reduce memory usage. Loaded Objects now: 4776.
Total: 5.797500 ms (FindLiveObjects: 1.059800 ms CreateObjectMapping: 0.321500 ms MarkObjects: 4.374200 ms  DeleteObjects: 0.039700 ms)

========================================================================
Received Import Request.
  Time since last request: 13621.512032 seconds.
  path: Assets/Scripts/GUI/EnableOnKeyStarted.cs
  artifactKey: Guid(371c4256f7566f444b3a4ff025fd541a) Importer(815301076,1909f56bfc062723c751e8b465ee728b)
Start importing Assets/Scripts/GUI/EnableOnKeyStarted.cs using Guid(371c4256f7566f444b3a4ff025fd541a) Importer(815301076,1909f56bfc062723c751e8b465ee728b)  -> (artifact id: '5bb3302bf8ce06183c150063edcde452') in 0.035516 seconds
  Import took 0.071599 seconds .

========================================================================
Received Prepare
Registering precompiled user dll's ...
Registered in 0.005390 seconds.
Begin MonoManager ReloadAssembly
Native extension for WindowsStandalone target not found
Refreshing native plugins compatible for Editor in 2.14 ms, found 0 plugins.
Preloading 0 native plugins for Editor in 0.00 ms.
Mono: successfully reloaded assembly
- Completed reload, in  2.572 seconds
Platform modules already initialized, skipping
Refreshing native plugins compatible for Editor in 1.39 ms, found 0 plugins.
Preloading 0 native plugins for Editor in 0.00 ms.
Unloading 3966 Unused Serialized files (Serialized files now loaded: 0)
System memory in use before: 193.2 MB.
System memory in use after: 193.5 MB.

Unloading 12 unused Assets to reduce memory usage. Loaded Objects now: 4781.
Total: 6.277300 ms (FindLiveObjects: 0.937900 ms CreateObjectMapping: 0.273900 ms MarkObjects: 5.034300 ms  DeleteObjects: 0.029500 ms)

========================================================================
Received Import Request.
  Time since last request: 56.860087 seconds.
  path: Assets/Scripts/GUI/EnableOnKeyStarted.cs
  artifactKey: Guid(371c4256f7566f444b3a4ff025fd541a) Importer(815301076,1909f56bfc062723c751e8b465ee728b)
Start importing Assets/Scripts/GUI/EnableOnKeyStarted.cs using Guid(371c4256f7566f444b3a4ff025fd541a) Importer(815301076,1909f56bfc062723c751e8b465ee728b)  -> (artifact id: 'e49d6583e8ca658748194e15d9a7e648') in 0.011656 seconds
  Import took 0.042072 seconds .

========================================================================
Received Prepare
Registering precompiled user dll's ...
Registered in 0.006122 seconds.
Begin MonoManager ReloadAssembly
Native extension for WindowsStandalone target not found
Refreshing native plugins compatible for Editor in 1.26 ms, found 0 plugins.
Preloading 0 native plugins for Editor in 0.00 ms.
Mono: successfully reloaded assembly
- Completed reload, in  2.508 seconds
Platform modules already initialized, skipping
Refreshing native plugins compatible for Editor in 1.46 ms, found 0 plugins.
Preloading 0 native plugins for Editor in 0.00 ms.
Unloading 3966 Unused Serialized files (Serialized files now loaded: 0)
System memory in use before: 193.2 MB.
System memory in use after: 193.5 MB.

Unloading 12 unused Assets to reduce memory usage. Loaded Objects now: 4786.
Total: 6.129100 ms (FindLiveObjects: 0.854600 ms CreateObjectMapping: 0.673300 ms MarkObjects: 4.560800 ms  DeleteObjects: 0.038200 ms)

========================================================================
Received Prepare
Registering precompiled user dll's ...
Registered in 0.007565 seconds.
Begin MonoManager ReloadAssembly
Native extension for WindowsStandalone target not found
Refreshing native plugins compatible for Editor in 1.65 ms, found 0 plugins.
Preloading 0 native plugins for Editor in 0.00 ms.
Mono: successfully reloaded assembly
- Completed reload, in  2.526 seconds
Platform modules already initialized, skipping
Refreshing native plugins compatible for Editor in 1.25 ms, found 0 plugins.
Preloading 0 native plugins for Editor in 0.00 ms.
Unloading 3966 Unused Serialized files (Serialized files now loaded: 0)
System memory in use before: 193.3 MB.
System memory in use after: 193.5 MB.

Unloading 12 unused Assets to reduce memory usage. Loaded Objects now: 4791.
Total: 4.514700 ms (FindLiveObjects: 0.805600 ms CreateObjectMapping: 0.259500 ms MarkObjects: 3.419500 ms  DeleteObjects: 0.028400 ms)

========================================================================
Received Prepare
Registering precompiled user dll's ...
Registered in 0.006353 seconds.
Begin MonoManager ReloadAssembly
Native extension for WindowsStandalone target not found
Refreshing native plugins compatible for Editor in 1.14 ms, found 0 plugins.
Preloading 0 native plugins for Editor in 0.00 ms.
Mono: successfully reloaded assembly
- Completed reload, in  2.546 seconds
Platform modules already initialized, skipping
Refreshing native plugins compatible for Editor in 1.21 ms, found 0 plugins.
Preloading 0 native plugins for Editor in 0.00 ms.
Unloading 3966 Unused Serialized files (Serialized files now loaded: 0)
System memory in use before: 193.3 MB.
System memory in use after: 193.5 MB.

Unloading 12 unused Assets to reduce memory usage. Loaded Objects now: 4796.
Total: 5.727600 ms (FindLiveObjects: 1.331500 ms CreateObjectMapping: 0.477600 ms MarkObjects: 3.885000 ms  DeleteObjects: 0.031800 ms)

========================================================================
Received Import Request.
  Time since last request: 567.406065 seconds.
  path: Assets/Scripts/GUI/DisableOnKeyCanceled.cs
  artifactKey: Guid(aa21f491ff1a6a349b0ed22d9c76e063) Importer(815301076,1909f56bfc062723c751e8b465ee728b)
Start importing Assets/Scripts/GUI/DisableOnKeyCanceled.cs using Guid(aa21f491ff1a6a349b0ed22d9c76e063) Importer(815301076,1909f56bfc062723c751e8b465ee728b)  -> (artifact id: '1aede195dbe325197b69496601043e9a') in 0.012172 seconds
  Import took 0.048761 seconds .

========================================================================
Received Prepare
Registering precompiled user dll's ...
Registered in 0.006251 seconds.
Begin MonoManager ReloadAssembly
Native extension for WindowsStandalone target not found
Refreshing native plugins compatible for Editor in 1.35 ms, found 0 plugins.
Preloading 0 native plugins for Editor in 0.00 ms.
Mono: successfully reloaded assembly
- Completed reload, in  2.888 seconds
Platform modules already initialized, skipping
Refreshing native plugins compatible for Editor in 1.38 ms, found 0 plugins.
Preloading 0 native plugins for Editor in 0.00 ms.
Unloading 3966 Unused Serialized files (Serialized files now loaded: 0)
System memory in use before: 193.3 MB.
System memory in use after: 193.5 MB.

Unloading 12 unused Assets to reduce memory usage. Loaded Objects now: 4801.
Total: 6.169700 ms (FindLiveObjects: 0.934000 ms CreateObjectMapping: 0.261500 ms MarkObjects: 4.939600 ms  DeleteObjects: 0.032200 ms)

========================================================================
Received Prepare
Registering precompiled user dll's ...
Registered in 0.006382 seconds.
Begin MonoManager ReloadAssembly
Native extension for WindowsStandalone target not found
Refreshing native plugins compatible for Editor in 1.08 ms, found 0 plugins.
Preloading 0 native plugins for Editor in 0.00 ms.
Mono: successfully reloaded assembly
- Completed reload, in  2.296 seconds
Platform modules already initialized, skipping
Refreshing native plugins compatible for Editor in 1.07 ms, found 0 plugins.
Preloading 0 native plugins for Editor in 0.00 ms.
Unloading 3966 Unused Serialized files (Serialized files now loaded: 0)
System memory in use before: 193.3 MB.
System memory in use after: 193.5 MB.

Unloading 12 unused Assets to reduce memory usage. Loaded Objects now: 4806.
Total: 8.660700 ms (FindLiveObjects: 0.839300 ms CreateObjectMapping: 0.282100 ms MarkObjects: 7.492100 ms  DeleteObjects: 0.045000 ms)

========================================================================
Received Prepare
Registering precompiled user dll's ...
Registered in 0.005472 seconds.
Begin MonoManager ReloadAssembly
Native extension for WindowsStandalone target not found
Refreshing native plugins compatible for Editor in 1.24 ms, found 0 plugins.
Preloading 0 native plugins for Editor in 0.00 ms.
Mono: successfully reloaded assembly
- Completed reload, in  2.579 seconds
Platform modules already initialized, skipping
Refreshing native plugins compatible for Editor in 1.17 ms, found 0 plugins.
Preloading 0 native plugins for Editor in 0.00 ms.
Unloading 3966 Unused Serialized files (Serialized files now loaded: 0)
System memory in use before: 193.3 MB.
System memory in use after: 193.5 MB.

Unloading 12 unused Assets to reduce memory usage. Loaded Objects now: 4811.
Total: 6.115400 ms (FindLiveObjects: 0.820800 ms CreateObjectMapping: 0.240500 ms MarkObjects: 5.018400 ms  DeleteObjects: 0.033700 ms)

========================================================================
Received Prepare
Registering precompiled user dll's ...
Registered in 0.021881 seconds.
Begin MonoManager ReloadAssembly
Native extension for WindowsStandalone target not found
Refreshing native plugins compatible for Editor in 1.43 ms, found 0 plugins.
Preloading 0 native plugins for Editor in 0.00 ms.
Mono: successfully reloaded assembly
- Completed reload, in  2.456 seconds
Platform modules already initialized, skipping
Refreshing native plugins compatible for Editor in 1.43 ms, found 0 plugins.
Preloading 0 native plugins for Editor in 0.00 ms.
Unloading 3966 Unused Serialized files (Serialized files now loaded: 0)
System memory in use before: 193.3 MB.
System memory in use after: 193.6 MB.

Unloading 12 unused Assets to reduce memory usage. Loaded Objects now: 4816.
Total: 5.992100 ms (FindLiveObjects: 0.986400 ms CreateObjectMapping: 0.225200 ms MarkObjects: 4.700800 ms  DeleteObjects: 0.077600 ms)

========================================================================
Received Import Request.
  Time since last request: 5599.167250 seconds.
  path: ProjectSettings/TagManager.asset
  artifactKey: Guid(00000000000000003000000000000000) Importer(815301076,1909f56bfc062723c751e8b465ee728b)
Start importing ProjectSettings/TagManager.asset using Guid(00000000000000003000000000000000) Importer(815301076,1909f56bfc062723c751e8b465ee728b)  -> (artifact id: 'a77d90777d49e5ecede2f2642f003249') in 0.066948 seconds
  Import took 0.108184 seconds .

========================================================================
Received Prepare
Registering precompiled user dll's ...
Registered in 0.007090 seconds.
Begin MonoManager ReloadAssembly
Native extension for WindowsStandalone target not found
Refreshing native plugins compatible for Editor in 1.26 ms, found 0 plugins.
Preloading 0 native plugins for Editor in 0.00 ms.
Mono: successfully reloaded assembly
- Completed reload, in  2.394 seconds
Platform modules already initialized, skipping
Refreshing native plugins compatible for Editor in 1.24 ms, found 0 plugins.
Preloading 0 native plugins for Editor in 0.00 ms.
Unloading 3966 Unused Serialized files (Serialized files now loaded: 0)
System memory in use before: 193.3 MB.
System memory in use after: 193.6 MB.

Unloading 13 unused Assets to reduce memory usage. Loaded Objects now: 4821.
Total: 6.137000 ms (FindLiveObjects: 0.954800 ms CreateObjectMapping: 0.277900 ms MarkObjects: 4.869600 ms  DeleteObjects: 0.032200 ms)

========================================================================
Received Prepare
Registering precompiled user dll's ...
Registered in 0.006480 seconds.
Begin MonoManager ReloadAssembly
Native extension for WindowsStandalone target not found
Refreshing native plugins compatible for Editor in 1.19 ms, found 0 plugins.
Preloading 0 native plugins for Editor in 0.00 ms.
Mono: successfully reloaded assembly
- Completed reload, in  2.361 seconds
Platform modules already initialized, skipping
Refreshing native plugins compatible for Editor in 1.08 ms, found 0 plugins.
Preloading 0 native plugins for Editor in 0.00 ms.
Unloading 3966 Unused Serialized files (Serialized files now loaded: 0)
System memory in use before: 193.3 MB.
System memory in use after: 193.6 MB.

Unloading 12 unused Assets to reduce memory usage. Loaded Objects now: 4826.
Total: 4.558300 ms (FindLiveObjects: 0.701300 ms CreateObjectMapping: 0.232500 ms MarkObjects: 3.596800 ms  DeleteObjects: 0.026200 ms)

========================================================================
Received Import Request.
  Time since last request: 1485.361739 seconds.
  path: Assets/Scripts/Input/PlayerActions.inputactions
  artifactKey: Guid(3537d580c11a8cb4182ee6f58072a727) Importer(815301076,1909f56bfc062723c751e8b465ee728b)
Start importing Assets/Scripts/Input/PlayerActions.inputactions using Guid(3537d580c11a8cb4182ee6f58072a727) Importer(815301076,1909f56bfc062723c751e8b465ee728b)  -> (artifact id: '2756512f23bcb9f3e9f44e539c4c3666') in 0.044267 seconds
  Import took 0.074512 seconds .

========================================================================
Received Import Request.
  Time since last request: 118.784167 seconds.
  path: Assets/Scripts/Input/PlayerActions.inputactions
  artifactKey: Guid(3537d580c11a8cb4182ee6f58072a727) Importer(815301076,1909f56bfc062723c751e8b465ee728b)
Start importing Assets/Scripts/Input/PlayerActions.inputactions using Guid(3537d580c11a8cb4182ee6f58072a727) Importer(815301076,1909f56bfc062723c751e8b465ee728b)  -> (artifact id: 'b424b9c5f9053c9c932ed0e8863fec21') in 0.007923 seconds
  Import took 0.032817 seconds .

========================================================================
Received Prepare
Registering precompiled user dll's ...
Registered in 0.005827 seconds.
Begin MonoManager ReloadAssembly
Native extension for WindowsStandalone target not found
Refreshing native plugins compatible for Editor in 1.35 ms, found 0 plugins.
Preloading 0 native plugins for Editor in 0.00 ms.
Mono: successfully reloaded assembly
- Completed reload, in  2.223 seconds
Platform modules already initialized, skipping
Refreshing native plugins compatible for Editor in 1.21 ms, found 0 plugins.
Preloading 0 native plugins for Editor in 0.00 ms.
Unloading 3966 Unused Serialized files (Serialized files now loaded: 0)
System memory in use before: 193.3 MB.
System memory in use after: 193.6 MB.

Unloading 12 unused Assets to reduce memory usage. Loaded Objects now: 4831.
Total: 4.912200 ms (FindLiveObjects: 0.766800 ms CreateObjectMapping: 0.243600 ms MarkObjects: 3.864500 ms  DeleteObjects: 0.035400 ms)

========================================================================
Received Prepare
Registering precompiled user dll's ...
Registered in 0.007849 seconds.
Begin MonoManager ReloadAssembly
Native extension for WindowsStandalone target not found
Refreshing native plugins compatible for Editor in 1.20 ms, found 0 plugins.
Preloading 0 native plugins for Editor in 0.00 ms.
Mono: successfully reloaded assembly
- Completed reload, in  2.339 seconds
Platform modules already initialized, skipping
Refreshing native plugins compatible for Editor in 1.19 ms, found 0 plugins.
Preloading 0 native plugins for Editor in 0.00 ms.
Unloading 3966 Unused Serialized files (Serialized files now loaded: 0)
System memory in use before: 193.3 MB.
System memory in use after: 193.6 MB.

Unloading 12 unused Assets to reduce memory usage. Loaded Objects now: 4836.
Total: 5.041500 ms (FindLiveObjects: 0.746000 ms CreateObjectMapping: 0.247500 ms MarkObjects: 4.012400 ms  DeleteObjects: 0.033600 ms)

========================================================================
Received Prepare
Registering precompiled user dll's ...
Registered in 0.006643 seconds.
Begin MonoManager ReloadAssembly
Native extension for WindowsStandalone target not found
Refreshing native plugins compatible for Editor in 1.14 ms, found 0 plugins.
Preloading 0 native plugins for Editor in 0.00 ms.
Mono: successfully reloaded assembly
- Completed reload, in  2.227 seconds
Platform modules already initialized, skipping
Refreshing native plugins compatible for Editor in 1.18 ms, found 0 plugins.
Preloading 0 native plugins for Editor in 0.00 ms.
Unloading 3980 Unused Serialized files (Serialized files now loaded: 0)
System memory in use before: 195.5 MB.
System memory in use after: 195.1 MB.

Unloading 25 unused Assets to reduce memory usage. Loaded Objects now: 4842.
Total: 13.906700 ms (FindLiveObjects: 1.049900 ms CreateObjectMapping: 0.332900 ms MarkObjects: 3.957500 ms  DeleteObjects: 8.564700 ms)

========================================================================
Received Prepare
Registering precompiled user dll's ...
Registered in 0.005213 seconds.
Begin MonoManager ReloadAssembly
Native extension for WindowsStandalone target not found
Refreshing native plugins compatible for Editor in 1.11 ms, found 0 plugins.
Preloading 0 native plugins for Editor in 0.00 ms.
Mono: successfully reloaded assembly
- Completed reload, in  2.216 seconds
Platform modules already initialized, skipping
Refreshing native plugins compatible for Editor in 1.12 ms, found 0 plugins.
Preloading 0 native plugins for Editor in 0.00 ms.
Unloading 3980 Unused Serialized files (Serialized files now loaded: 0)
System memory in use before: 195.5 MB.
System memory in use after: 195.1 MB.

Unloading 25 unused Assets to reduce memory usage. Loaded Objects now: 4847.
Total: 5.961100 ms (FindLiveObjects: 0.825600 ms CreateObjectMapping: 0.241600 ms MarkObjects: 4.294400 ms  DeleteObjects: 0.597800 ms)

========================================================================
Received Prepare
Registering precompiled user dll's ...
Registered in 0.007238 seconds.
Begin MonoManager ReloadAssembly
Native extension for WindowsStandalone target not found
Refreshing native plugins compatible for Editor in 2.10 ms, found 0 plugins.
Preloading 0 native plugins for Editor in 0.00 ms.
Mono: successfully reloaded assembly
- Completed reload, in  2.273 seconds
Platform modules already initialized, skipping
Refreshing native plugins compatible for Editor in 1.72 ms, found 0 plugins.
Preloading 0 native plugins for Editor in 0.00 ms.
Unloading 3980 Unused Serialized files (Serialized files now loaded: 0)
System memory in use before: 195.5 MB.
System memory in use after: 195.1 MB.

Unloading 25 unused Assets to reduce memory usage. Loaded Objects now: 4852.
Total: 6.965600 ms (FindLiveObjects: 1.156300 ms CreateObjectMapping: 0.324400 ms MarkObjects: 4.815200 ms  DeleteObjects: 0.667600 ms)

========================================================================
Received Prepare
Registering precompiled user dll's ...
Registered in 0.006114 seconds.
Begin MonoManager ReloadAssembly
Native extension for WindowsStandalone target not found
Refreshing native plugins compatible for Editor in 1.21 ms, found 0 plugins.
Preloading 0 native plugins for Editor in 0.00 ms.
Mono: successfully reloaded assembly
- Completed reload, in  2.519 seconds
Platform modules already initialized, skipping
Refreshing native plugins compatible for Editor in 1.14 ms, found 0 plugins.
Preloading 0 native plugins for Editor in 0.00 ms.
Unloading 3980 Unused Serialized files (Serialized files now loaded: 0)
System memory in use before: 195.5 MB.
System memory in use after: 195.1 MB.

Unloading 25 unused Assets to reduce memory usage. Loaded Objects now: 4857.
Total: 5.636800 ms (FindLiveObjects: 0.762000 ms CreateObjectMapping: 0.261300 ms MarkObjects: 3.946600 ms  DeleteObjects: 0.665100 ms)

========================================================================
Received Prepare
Registering precompiled user dll's ...
Registered in 0.006333 seconds.
Begin MonoManager ReloadAssembly
Native extension for WindowsStandalone target not found
Refreshing native plugins compatible for Editor in 1.12 ms, found 0 plugins.
Preloading 0 native plugins for Editor in 0.00 ms.
Mono: successfully reloaded assembly
- Completed reload, in  2.299 seconds
Platform modules already initialized, skipping
Refreshing native plugins compatible for Editor in 1.12 ms, found 0 plugins.
Preloading 0 native plugins for Editor in 0.00 ms.
Unloading 3980 Unused Serialized files (Serialized files now loaded: 0)
System memory in use before: 195.5 MB.
System memory in use after: 195.1 MB.

Unloading 25 unused Assets to reduce memory usage. Loaded Objects now: 4862.
Total: 5.779800 ms (FindLiveObjects: 0.787600 ms CreateObjectMapping: 0.244800 ms MarkObjects: 4.156100 ms  DeleteObjects: 0.589900 ms)

========================================================================
Received Prepare
Registering precompiled user dll's ...
Registered in 0.005842 seconds.
Begin MonoManager ReloadAssembly
Native extension for WindowsStandalone target not found
Refreshing native plugins compatible for Editor in 1.33 ms, found 0 plugins.
Preloading 0 native plugins for Editor in 0.00 ms.
Mono: successfully reloaded assembly
- Completed reload, in  3.069 seconds
Platform modules already initialized, skipping
Refreshing native plugins compatible for Editor in 1.17 ms, found 0 plugins.
Preloading 0 native plugins for Editor in 0.00 ms.
Unloading 3980 Unused Serialized files (Serialized files now loaded: 0)
System memory in use before: 195.6 MB.
System memory in use after: 195.2 MB.

Unloading 25 unused Assets to reduce memory usage. Loaded Objects now: 4867.
Total: 5.659100 ms (FindLiveObjects: 0.893000 ms CreateObjectMapping: 0.270900 ms MarkObjects: 3.741400 ms  DeleteObjects: 0.751700 ms)

========================================================================
Received Prepare
Registering precompiled user dll's ...
Registered in 0.006141 seconds.
Begin MonoManager ReloadAssembly
Native extension for WindowsStandalone target not found
Refreshing native plugins compatible for Editor in 1.10 ms, found 0 plugins.
Preloading 0 native plugins for Editor in 0.00 ms.
Mono: successfully reloaded assembly
- Completed reload, in  2.339 seconds
Platform modules already initialized, skipping
Refreshing native plugins compatible for Editor in 1.13 ms, found 0 plugins.
Preloading 0 native plugins for Editor in 0.00 ms.
Unloading 3980 Unused Serialized files (Serialized files now loaded: 0)
System memory in use before: 195.6 MB.
System memory in use after: 195.2 MB.

Unloading 25 unused Assets to reduce memory usage. Loaded Objects now: 4872.
Total: 5.689600 ms (FindLiveObjects: 0.814000 ms CreateObjectMapping: 0.263300 ms MarkObjects: 3.942700 ms  DeleteObjects: 0.667800 ms)

========================================================================
Received Prepare
Registering precompiled user dll's ...
Registered in 0.008261 seconds.
Begin MonoManager ReloadAssembly
Native extension for WindowsStandalone target not found
Refreshing native plugins compatible for Editor in 2.45 ms, found 0 plugins.
Preloading 0 native plugins for Editor in 0.00 ms.
Mono: successfully reloaded assembly
- Completed reload, in  2.563 seconds
Platform modules already initialized, skipping
Refreshing native plugins compatible for Editor in 2.22 ms, found 0 plugins.
Preloading 0 native plugins for Editor in 0.00 ms.
Unloading 3980 Unused Serialized files (Serialized files now loaded: 0)
System memory in use before: 195.6 MB.
System memory in use after: 195.2 MB.

Unloading 25 unused Assets to reduce memory usage. Loaded Objects now: 4877.
Total: 6.036600 ms (FindLiveObjects: 0.904100 ms CreateObjectMapping: 0.257800 ms MarkObjects: 4.200100 ms  DeleteObjects: 0.671100 ms)

========================================================================
Received Prepare
Registering precompiled user dll's ...
Registered in 0.008215 seconds.
Begin MonoManager ReloadAssembly
Native extension for WindowsStandalone target not found
Refreshing native plugins compatible for Editor in 2.06 ms, found 0 plugins.
Preloading 0 native plugins for Editor in 0.00 ms.
Mono: successfully reloaded assembly
- Completed reload, in  2.451 seconds
Platform modules already initialized, skipping
Refreshing native plugins compatible for Editor in 1.13 ms, found 0 plugins.
Preloading 0 native plugins for Editor in 0.00 ms.
Unloading 3980 Unused Serialized files (Serialized files now loaded: 0)
System memory in use before: 195.6 MB.
System memory in use after: 195.2 MB.

Unloading 25 unused Assets to reduce memory usage. Loaded Objects now: 4882.
Total: 4.991800 ms (FindLiveObjects: 0.685800 ms CreateObjectMapping: 0.225400 ms MarkObjects: 3.491200 ms  DeleteObjects: 0.588000 ms)

========================================================================
Received Prepare
Registering precompiled user dll's ...
Registered in 0.005558 seconds.
Begin MonoManager ReloadAssembly
Native extension for WindowsStandalone target not found
Refreshing native plugins compatible for Editor in 1.16 ms, found 0 plugins.
Preloading 0 native plugins for Editor in 0.00 ms.
Mono: successfully reloaded assembly
- Completed reload, in  2.213 seconds
Platform modules already initialized, skipping
Refreshing native plugins compatible for Editor in 1.34 ms, found 0 plugins.
Preloading 0 native plugins for Editor in 0.00 ms.
Unloading 3980 Unused Serialized files (Serialized files now loaded: 0)
System memory in use before: 195.6 MB.
System memory in use after: 195.2 MB.

Unloading 25 unused Assets to reduce memory usage. Loaded Objects now: 4887.
Total: 5.759200 ms (FindLiveObjects: 0.780500 ms CreateObjectMapping: 0.255300 ms MarkObjects: 4.047600 ms  DeleteObjects: 0.673800 ms)

========================================================================
Received Prepare
Registering precompiled user dll's ...
Registered in 0.006929 seconds.
Begin MonoManager ReloadAssembly
Native extension for WindowsStandalone target not found
Refreshing native plugins compatible for Editor in 1.29 ms, found 0 plugins.
Preloading 0 native plugins for Editor in 0.00 ms.
Mono: successfully reloaded assembly
- Completed reload, in  2.347 seconds
Platform modules already initialized, skipping
Refreshing native plugins compatible for Editor in 1.07 ms, found 0 plugins.
Preloading 0 native plugins for Editor in 0.00 ms.
Unloading 3980 Unused Serialized files (Serialized files now loaded: 0)
System memory in use before: 195.6 MB.
System memory in use after: 195.2 MB.

Unloading 25 unused Assets to reduce memory usage. Loaded Objects now: 4892.
Total: 5.370800 ms (FindLiveObjects: 0.801800 ms CreateObjectMapping: 0.241500 ms MarkObjects: 3.576700 ms  DeleteObjects: 0.749000 ms)

========================================================================
Received Prepare
Registering precompiled user dll's ...
Registered in 0.005361 seconds.
Begin MonoManager ReloadAssembly
Native extension for WindowsStandalone target not found
Refreshing native plugins compatible for Editor in 1.80 ms, found 0 plugins.
Preloading 0 native plugins for Editor in 0.00 ms.
Mono: successfully reloaded assembly
- Completed reload, in  2.621 seconds
Platform modules already initialized, skipping
Refreshing native plugins compatible for Editor in 4.60 ms, found 0 plugins.
Preloading 0 native plugins for Editor in 0.00 ms.
Unloading 3980 Unused Serialized files (Serialized files now loaded: 0)
System memory in use before: 195.6 MB.
System memory in use after: 195.2 MB.

Unloading 25 unused Assets to reduce memory usage. Loaded Objects now: 4897.
Total: 6.211600 ms (FindLiveObjects: 0.825900 ms CreateObjectMapping: 0.238800 ms MarkObjects: 4.433200 ms  DeleteObjects: 0.712100 ms)

========================================================================
Received Prepare
Registering precompiled user dll's ...
Registered in 0.005785 seconds.
Begin MonoManager ReloadAssembly
Native extension for WindowsStandalone target not found
Refreshing native plugins compatible for Editor in 1.12 ms, found 0 plugins.
Preloading 0 native plugins for Editor in 0.00 ms.
Mono: successfully reloaded assembly
- Completed reload, in  2.336 seconds
Platform modules already initialized, skipping
Refreshing native plugins compatible for Editor in 1.46 ms, found 0 plugins.
Preloading 0 native plugins for Editor in 0.00 ms.
Unloading 3980 Unused Serialized files (Serialized files now loaded: 0)
System memory in use before: 195.6 MB.
System memory in use after: 195.2 MB.

Unloading 25 unused Assets to reduce memory usage. Loaded Objects now: 4902.
Total: 7.169000 ms (FindLiveObjects: 1.163500 ms CreateObjectMapping: 0.469900 ms MarkObjects: 4.690200 ms  DeleteObjects: 0.842000 ms)

========================================================================
Received Prepare
Registering precompiled user dll's ...
Registered in 0.005600 seconds.
Begin MonoManager ReloadAssembly
Native extension for WindowsStandalone target not found
Refreshing native plugins compatible for Editor in 1.98 ms, found 0 plugins.
Preloading 0 native plugins for Editor in 0.00 ms.
Mono: successfully reloaded assembly
- Completed reload, in  2.664 seconds
Platform modules already initialized, skipping
Refreshing native plugins compatible for Editor in 1.40 ms, found 0 plugins.
Preloading 0 native plugins for Editor in 0.00 ms.
Unloading 3980 Unused Serialized files (Serialized files now loaded: 0)
System memory in use before: 195.6 MB.
System memory in use after: 195.2 MB.

Unloading 25 unused Assets to reduce memory usage. Loaded Objects now: 4907.
Total: 7.845200 ms (FindLiveObjects: 1.378500 ms CreateObjectMapping: 0.401100 ms MarkObjects: 5.354100 ms  DeleteObjects: 0.708900 ms)

========================================================================
Received Prepare
Registering precompiled user dll's ...
Registered in 0.006200 seconds.
Begin MonoManager ReloadAssembly
Native extension for WindowsStandalone target not found
Refreshing native plugins compatible for Editor in 1.14 ms, found 0 plugins.
Preloading 0 native plugins for Editor in 0.00 ms.
Mono: successfully reloaded assembly
- Completed reload, in  2.450 seconds
Platform modules already initialized, skipping
Refreshing native plugins compatible for Editor in 1.33 ms, found 0 plugins.
Preloading 0 native plugins for Editor in 0.00 ms.
Unloading 3980 Unused Serialized files (Serialized files now loaded: 0)
System memory in use before: 195.6 MB.
System memory in use after: 195.3 MB.

Unloading 25 unused Assets to reduce memory usage. Loaded Objects now: 4912.
Total: 6.778100 ms (FindLiveObjects: 1.265400 ms CreateObjectMapping: 0.338700 ms MarkObjects: 4.490600 ms  DeleteObjects: 0.681800 ms)

========================================================================
Received Prepare
Registering precompiled user dll's ...
Registered in 0.005629 seconds.
Begin MonoManager ReloadAssembly
Native extension for WindowsStandalone target not found
Refreshing native plugins compatible for Editor in 1.91 ms, found 0 plugins.
Preloading 0 native plugins for Editor in 0.00 ms.
Mono: successfully reloaded assembly
- Completed reload, in  2.274 seconds
Platform modules already initialized, skipping
Refreshing native plugins compatible for Editor in 1.17 ms, found 0 plugins.
Preloading 0 native plugins for Editor in 0.00 ms.
Unloading 3980 Unused Serialized files (Serialized files now loaded: 0)
System memory in use before: 195.7 MB.
System memory in use after: 195.3 MB.

Unloading 25 unused Assets to reduce memory usage. Loaded Objects now: 4917.
Total: 6.762500 ms (FindLiveObjects: 0.964400 ms CreateObjectMapping: 0.502300 ms MarkObjects: 4.495600 ms  DeleteObjects: 0.798200 ms)

========================================================================
Received Prepare
Registering precompiled user dll's ...
Registered in 0.005512 seconds.
Begin MonoManager ReloadAssembly
Native extension for WindowsStandalone target not found
Refreshing native plugins compatible for Editor in 1.24 ms, found 0 plugins.
Preloading 0 native plugins for Editor in 0.00 ms.
Mono: successfully reloaded assembly
- Completed reload, in  2.562 seconds
Platform modules already initialized, skipping
Refreshing native plugins compatible for Editor in 1.27 ms, found 0 plugins.
Preloading 0 native plugins for Editor in 0.00 ms.
Unloading 3980 Unused Serialized files (Serialized files now loaded: 0)
System memory in use before: 195.7 MB.
System memory in use after: 195.3 MB.

Unloading 25 unused Assets to reduce memory usage. Loaded Objects now: 4922.
Total: 7.283300 ms (FindLiveObjects: 1.744000 ms CreateObjectMapping: 0.448900 ms MarkObjects: 4.191900 ms  DeleteObjects: 0.895600 ms)

========================================================================
Received Import Request.
  Time since last request: 6493.791239 seconds.
  path: Assets/Scripts/ScriptableObjects/EquippableData.cs
  artifactKey: Guid(2d5fb7e98f6434043926cee70270554d) Importer(815301076,1909f56bfc062723c751e8b465ee728b)
Start importing Assets/Scripts/ScriptableObjects/EquippableData.cs using Guid(2d5fb7e98f6434043926cee70270554d) Importer(815301076,1909f56bfc062723c751e8b465ee728b)  -> (artifact id: '68beee8da41a4ddd430e2334c2d5cb00') in 0.011464 seconds
  Import took 0.030400 seconds .

========================================================================
Received Import Request.
  Time since last request: 0.019505 seconds.
  path: Assets/Scripts/ScriptableObjects/EquippableData.cs
  artifactKey: Guid(2d5fb7e98f6434043926cee70270554d) Importer(815301076,1909f56bfc062723c751e8b465ee728b)
Start importing Assets/Scripts/ScriptableObjects/EquippableData.cs using Guid(2d5fb7e98f6434043926cee70270554d) Importer(815301076,1909f56bfc062723c751e8b465ee728b)  -> (artifact id: '68beee8da41a4ddd430e2334c2d5cb00') in 0.003567 seconds
  Import took 0.022012 seconds .

========================================================================
Received Import Request.
  Time since last request: 34.966165 seconds.
  path: Assets/Scripts/ScriptableObjects/ContainerData.cs
  artifactKey: Guid(4d0f31b1fe436944c9e572a4677e918f) Importer(815301076,1909f56bfc062723c751e8b465ee728b)
Start importing Assets/Scripts/ScriptableObjects/ContainerData.cs using Guid(4d0f31b1fe436944c9e572a4677e918f) Importer(815301076,1909f56bfc062723c751e8b465ee728b)  -> (artifact id: '9c5793a39932e29ec6a6397a18cbb898') in 0.005307 seconds
  Import took 0.028033 seconds .

========================================================================
Received Import Request.
  Time since last request: 20.287670 seconds.
  path: Assets/Scripts/ScriptableObjects/ItemData.cs
  artifactKey: Guid(c1b3341e4efe87d4f95b45d33882dc1f) Importer(815301076,1909f56bfc062723c751e8b465ee728b)
Start importing Assets/Scripts/ScriptableObjects/ItemData.cs using Guid(c1b3341e4efe87d4f95b45d33882dc1f) Importer(815301076,1909f56bfc062723c751e8b465ee728b)  -> (artifact id: 'd6f24a55e7965cd83e0b7f455d59cc53') in 0.004474 seconds
  Import took 0.025726 seconds .

========================================================================
Received Import Request.
  Time since last request: 180.262178 seconds.
  path: Assets/Scripts/ScriptableObjects/ItemData.cs
  artifactKey: Guid(c1b3341e4efe87d4f95b45d33882dc1f) Importer(815301076,1909f56bfc062723c751e8b465ee728b)
Start importing Assets/Scripts/ScriptableObjects/ItemData.cs using Guid(c1b3341e4efe87d4f95b45d33882dc1f) Importer(815301076,1909f56bfc062723c751e8b465ee728b)  -> (artifact id: 'd018c1bda42d9c4f393b51defd72daf0') in 0.005242 seconds
  Import took 0.032526 seconds .

========================================================================
Received Import Request.
  Time since last request: 695.857510 seconds.
  path: Assets/Scripts/ScriptableObjects/ConsumableData.cs
  artifactKey: Guid(fca0c6d1d18d1e64aacd6887b8c23663) Importer(815301076,1909f56bfc062723c751e8b465ee728b)
Start importing Assets/Scripts/ScriptableObjects/ConsumableData.cs using Guid(fca0c6d1d18d1e64aacd6887b8c23663) Importer(815301076,1909f56bfc062723c751e8b465ee728b)  -> (artifact id: '8bddd06a90c46954d1d46f7043cd222e') in 0.006065 seconds
  Import took 0.035109 seconds .

========================================================================
Received Import Request.
  Time since last request: 5.672391 seconds.
  path: Assets/Scripts/Interfaces/I_Item.cs
  artifactKey: Guid(bb8d02bcbc4be034288888a625e75933) Importer(815301076,1909f56bfc062723c751e8b465ee728b)
Start importing Assets/Scripts/Interfaces/I_Item.cs using Guid(bb8d02bcbc4be034288888a625e75933) Importer(815301076,1909f56bfc062723c751e8b465ee728b)  -> (artifact id: '9c42cfe4c18aef59d565c0f1270b25a5') in 0.004864 seconds
  Import took 0.028032 seconds .

========================================================================
Received Import Request.
  Time since last request: 34.012292 seconds.
  path: Assets/Scripts/Interfaces/I_Item.cs
  artifactKey: Guid(bb8d02bcbc4be034288888a625e75933) Importer(815301076,1909f56bfc062723c751e8b465ee728b)
Start importing Assets/Scripts/Interfaces/I_Item.cs using Guid(bb8d02bcbc4be034288888a625e75933) Importer(815301076,1909f56bfc062723c751e8b465ee728b)  -> (artifact id: 'f1abfc9e44714c153e68e55c9740792f') in 0.003710 seconds
  Import took 0.028733 seconds .

========================================================================
Received Import Request.
  Time since last request: 7.790845 seconds.
  path: Assets/Scripts/Inventory/Bag.cs
  artifactKey: Guid(1c0786f8241ff8f4ea5bda3df790855a) Importer(815301076,1909f56bfc062723c751e8b465ee728b)
Start importing Assets/Scripts/Inventory/Bag.cs using Guid(1c0786f8241ff8f4ea5bda3df790855a) Importer(815301076,1909f56bfc062723c751e8b465ee728b)  -> (artifact id: 'cc7d173c2ea090834af9220c6e920ade') in 0.004664 seconds
  Import took 0.024989 seconds .

========================================================================
Received Import Request.
  Time since last request: 0.003539 seconds.
  path: Assets/Scripts/Inventory/Bag.cs
  artifactKey: Guid(1c0786f8241ff8f4ea5bda3df790855a) Importer(815301076,1909f56bfc062723c751e8b465ee728b)
Start importing Assets/Scripts/Inventory/Bag.cs using Guid(1c0786f8241ff8f4ea5bda3df790855a) Importer(815301076,1909f56bfc062723c751e8b465ee728b)  -> (artifact id: 'cc7d173c2ea090834af9220c6e920ade') in 0.004134 seconds
  Import took 0.014765 seconds .

========================================================================
Received Import Request.
  Time since last request: 10.438039 seconds.
  path: Assets/Scripts/Inventory/Bag.cs
  artifactKey: Guid(1c0786f8241ff8f4ea5bda3df790855a) Importer(815301076,1909f56bfc062723c751e8b465ee728b)
Start importing Assets/Scripts/Inventory/Bag.cs using Guid(1c0786f8241ff8f4ea5bda3df790855a) Importer(815301076,1909f56bfc062723c751e8b465ee728b)  -> (artifact id: '2444f47f820347c86ba190f1a6592166') in 0.003453 seconds
  Import took 0.033715 seconds .

========================================================================
Received Import Request.
  Time since last request: 1.068880 seconds.
  path: Assets/Scripts/Inventory/Consumable.cs
  artifactKey: Guid(af641ca8fa114b54492290c448e0a5d1) Importer(815301076,1909f56bfc062723c751e8b465ee728b)
Start importing Assets/Scripts/Inventory/Consumable.cs using Guid(af641ca8fa114b54492290c448e0a5d1) Importer(815301076,1909f56bfc062723c751e8b465ee728b)  -> (artifact id: '39de7697ea383b78ba9d96466ca40043') in 0.016257 seconds
  Import took 0.043939 seconds .

========================================================================
Received Import Request.
  Time since last request: 4.818063 seconds.
  path: Assets/Scripts/Inventory/Equippable.cs
  artifactKey: Guid(eb4543fa88f06c542a565d4418e08138) Importer(815301076,1909f56bfc062723c751e8b465ee728b)
Start importing Assets/Scripts/Inventory/Equippable.cs using Guid(eb4543fa88f06c542a565d4418e08138) Importer(815301076,1909f56bfc062723c751e8b465ee728b)  -> (artifact id: '387ba71680962a30b21e229fa8d22d4a') in 0.009079 seconds
  Import took 0.041430 seconds .

========================================================================
Received Import Request.
  Time since last request: 2.185468 seconds.
  path: Assets/Scripts/Inventory/Item_Material.cs
  artifactKey: Guid(6383e69169ad80d498e2d26fd15dcc0b) Importer(815301076,1909f56bfc062723c751e8b465ee728b)
Start importing Assets/Scripts/Inventory/Item_Material.cs using Guid(6383e69169ad80d498e2d26fd15dcc0b) Importer(815301076,1909f56bfc062723c751e8b465ee728b)  -> (artifact id: '45d77710aa11a6b921367f09bcc419a8') in 0.003527 seconds
  Import took 0.037117 seconds .

========================================================================
Received Import Request.
  Time since last request: 31.362571 seconds.
  path: Assets/Scripts/Inventory/Item_Material.cs
  artifactKey: Guid(6383e69169ad80d498e2d26fd15dcc0b) Importer(815301076,1909f56bfc062723c751e8b465ee728b)
Start importing Assets/Scripts/Inventory/Item_Material.cs using Guid(6383e69169ad80d498e2d26fd15dcc0b) Importer(815301076,1909f56bfc062723c751e8b465ee728b)  -> (artifact id: 'b59d052a3aa9d3d10b11cc6399df5fad') in 0.002971 seconds
  Import took 0.023296 seconds .

========================================================================
Received Prepare
Registering precompiled user dll's ...
Registered in 0.005221 seconds.
Begin MonoManager ReloadAssembly
Native extension for WindowsStandalone target not found
Refreshing native plugins compatible for Editor in 1.20 ms, found 0 plugins.
Preloading 0 native plugins for Editor in 0.00 ms.
Mono: successfully reloaded assembly
- Completed reload, in  2.395 seconds
Platform modules already initialized, skipping
Refreshing native plugins compatible for Editor in 1.17 ms, found 0 plugins.
Preloading 0 native plugins for Editor in 0.00 ms.
Unloading 3981 Unused Serialized files (Serialized files now loaded: 0)
System memory in use before: 195.7 MB.
System memory in use after: 195.3 MB.

Unloading 25 unused Assets to reduce memory usage. Loaded Objects now: 4928.
Total: 5.398100 ms (FindLiveObjects: 0.920100 ms CreateObjectMapping: 0.301700 ms MarkObjects: 3.576200 ms  DeleteObjects: 0.598500 ms)

========================================================================
Received Import Request.
  Time since last request: 170.344548 seconds.
  path: Assets/Prefabs/Items_Database/Armor/[9000]DevArmor.asset
  artifactKey: Guid(e8626f2894822e34294f306b549bcfa5) Importer(815301076,1909f56bfc062723c751e8b465ee728b)
Start importing Assets/Prefabs/Items_Database/Armor/[9000]DevArmor.asset using Guid(e8626f2894822e34294f306b549bcfa5) Importer(815301076,1909f56bfc062723c751e8b465ee728b)  -> (artifact id: 'ecc102f24926280c44d186693e56b30e') in 0.025631 seconds
  Import took 0.043819 seconds .

========================================================================
Received Prepare
Registering precompiled user dll's ...
Registered in 0.005325 seconds.
Begin MonoManager ReloadAssembly
Native extension for WindowsStandalone target not found
Refreshing native plugins compatible for Editor in 1.13 ms, found 0 plugins.
Preloading 0 native plugins for Editor in 0.00 ms.
Mono: successfully reloaded assembly
- Completed reload, in  2.248 seconds
Platform modules already initialized, skipping
Refreshing native plugins compatible for Editor in 1.19 ms, found 0 plugins.
Preloading 0 native plugins for Editor in 0.00 ms.
Unloading 3981 Unused Serialized files (Serialized files now loaded: 0)
System memory in use before: 195.7 MB.
System memory in use after: 195.3 MB.

Unloading 25 unused Assets to reduce memory usage. Loaded Objects now: 4933.
Total: 5.542400 ms (FindLiveObjects: 0.920800 ms CreateObjectMapping: 0.291200 ms MarkObjects: 3.728400 ms  DeleteObjects: 0.600300 ms)

========================================================================
Received Prepare
Registering precompiled user dll's ...
Registered in 0.007599 seconds.
Begin MonoManager ReloadAssembly
Native extension for WindowsStandalone target not found
Refreshing native plugins compatible for Editor in 1.11 ms, found 0 plugins.
Preloading 0 native plugins for Editor in 0.00 ms.
Mono: successfully reloaded assembly
- Completed reload, in  2.235 seconds
Platform modules already initialized, skipping
Refreshing native plugins compatible for Editor in 1.18 ms, found 0 plugins.
Preloading 0 native plugins for Editor in 0.00 ms.
Unloading 3981 Unused Serialized files (Serialized files now loaded: 0)
System memory in use before: 195.7 MB.
System memory in use after: 195.3 MB.

Unloading 25 unused Assets to reduce memory usage. Loaded Objects now: 4938.
Total: 5.050100 ms (FindLiveObjects: 0.732400 ms CreateObjectMapping: 0.248200 ms MarkObjects: 3.481700 ms  DeleteObjects: 0.585800 ms)

========================================================================
Received Prepare
Registering precompiled user dll's ...
Registered in 0.006096 seconds.
Begin MonoManager ReloadAssembly
Native extension for WindowsStandalone target not found
Refreshing native plugins compatible for Editor in 1.20 ms, found 0 plugins.
Preloading 0 native plugins for Editor in 0.00 ms.
Mono: successfully reloaded assembly
- Completed reload, in  2.510 seconds
Platform modules already initialized, skipping
Refreshing native plugins compatible for Editor in 1.64 ms, found 0 plugins.
Preloading 0 native plugins for Editor in 0.00 ms.
Unloading 3981 Unused Serialized files (Serialized files now loaded: 0)
System memory in use before: 195.7 MB.
System memory in use after: 195.3 MB.

Unloading 25 unused Assets to reduce memory usage. Loaded Objects now: 4943.
Total: 7.055700 ms (FindLiveObjects: 0.818400 ms CreateObjectMapping: 0.248100 ms MarkObjects: 5.055200 ms  DeleteObjects: 0.932400 ms)

========================================================================
Received Prepare
Registering precompiled user dll's ...
Registered in 0.007392 seconds.
Begin MonoManager ReloadAssembly
Native extension for WindowsStandalone target not found
Refreshing native plugins compatible for Editor in 1.12 ms, found 0 plugins.
Preloading 0 native plugins for Editor in 0.00 ms.
Mono: successfully reloaded assembly
- Completed reload, in  2.384 seconds
Platform modules already initialized, skipping
Refreshing native plugins compatible for Editor in 1.47 ms, found 0 plugins.
Preloading 0 native plugins for Editor in 0.00 ms.
Unloading 3981 Unused Serialized files (Serialized files now loaded: 0)
System memory in use before: 195.7 MB.
System memory in use after: 195.3 MB.

Unloading 25 unused Assets to reduce memory usage. Loaded Objects now: 4948.
Total: 7.337100 ms (FindLiveObjects: 1.264900 ms CreateObjectMapping: 0.590000 ms MarkObjects: 4.778500 ms  DeleteObjects: 0.702000 ms)

========================================================================
Received Prepare
Registering precompiled user dll's ...
Registered in 0.006598 seconds.
Begin MonoManager ReloadAssembly
Native extension for WindowsStandalone target not found
Refreshing native plugins compatible for Editor in 1.18 ms, found 0 plugins.
Preloading 0 native plugins for Editor in 0.00 ms.
Mono: successfully reloaded assembly
- Completed reload, in  2.434 seconds
Platform modules already initialized, skipping
Refreshing native plugins compatible for Editor in 1.21 ms, found 0 plugins.
Preloading 0 native plugins for Editor in 0.00 ms.
Unloading 3981 Unused Serialized files (Serialized files now loaded: 0)
System memory in use before: 195.7 MB.
System memory in use after: 195.3 MB.

Unloading 25 unused Assets to reduce memory usage. Loaded Objects now: 4953.
Total: 6.329700 ms (FindLiveObjects: 0.974500 ms CreateObjectMapping: 0.270400 ms MarkObjects: 4.181800 ms  DeleteObjects: 0.900300 ms)

AssetImportWorkerClient::OnTransportError - code=2 error=End of file
