Using pre-set license
Built from '2020.3/staging' branch; Version is '2020.3.5f1 (8095aa901b9b) revision 8426922'; Using compiler version '192528614'; Build Type 'Release'
OS: 'Windows 10 Pro; OS build 19042.928; Version 2009; 64bit' Language: 'es' Physical Memory: 8140 MB
BatchMode: 1, IsHumanControllingUs: 0, StartBugReporterOnCrash: 0, Is64bit: 1, IsPro: 0

 COMMAND LINE ARGUMENTS:
D:\Program Files\Unity\2020.3.5f1\Editor\Unity.exe
-adb2
-batchMode
-noUpm
-name
AssetImportWorker0
-projectPath
D:/MisProyectos/Dracollarium/Project-Dracollarium/Unity Project
-logFile
Logs/AssetImportWorker0.log
-srvPort
56499
Successfully changed project path to: D:/MisProyectos/Dracollarium/Project-Dracollarium/Unity Project
D:/MisProyectos/Dracollarium/Project-Dracollarium/Unity Project
Using Asset Import Pipeline V2.
Refreshing native plugins compatible for Editor in 176.73 ms, found 0 plugins.
Preloading 0 native plugins for Editor in 0.00 ms.
Initialize engine version: 2020.3.5f1 (8095aa901b9b)
[Subsystems] Discovering subsystems at path D:/Program Files/Unity/2020.3.5f1/Editor/Data/Resources/UnitySubsystems
[Subsystems] Discovering subsystems at path D:/MisProyectos/Dracollarium/Project-Dracollarium/Unity Project/Assets
GfxDevice: creating device client; threaded=0
Direct3D:
    Version:  Direct3D 11.0 [level 11.1]
    Renderer: Radeon RX 580 Series (ID=0x67df)
    Vendor:   
    VRAM:     8171 MB
    Driver:   27.20.1034.6
Initialize mono
Mono path[0] = 'D:/Program Files/Unity/2020.3.5f1/Editor/Data/Managed'
Mono path[1] = 'D:/Program Files/Unity/2020.3.5f1/Editor/Data/MonoBleedingEdge/lib/mono/unityjit'
Mono config path = 'D:/Program Files/Unity/2020.3.5f1/Editor/Data/MonoBleedingEdge/etc'
Using monoOptions --debugger-agent=transport=dt_socket,embedding=1,server=y,suspend=n,address=127.0.0.1:56488
Begin MonoManager ReloadAssembly
Registering precompiled unity dll's ...
Register platform support module: D:/Program Files/Unity/2020.3.5f1/Editor/Data/PlaybackEngines/WindowsStandaloneSupport/UnityEditor.WindowsStandalone.Extensions.dll
Registered in 0.003444 seconds.
Native extension for WindowsStandalone target not found
Refreshing native plugins compatible for Editor in 179.41 ms, found 0 plugins.
Preloading 0 native plugins for Editor in 0.00 ms.
Mono: successfully reloaded assembly
- Completed reload, in  2.083 seconds
Platform modules already initialized, skipping
Registering precompiled user dll's ...
Registered in 0.005149 seconds.
Begin MonoManager ReloadAssembly
Native extension for WindowsStandalone target not found
Refreshing native plugins compatible for Editor in 186.23 ms, found 0 plugins.
Preloading 0 native plugins for Editor in 0.00 ms.
Mono: successfully reloaded assembly
- Completed reload, in  4.080 seconds
Platform modules already initialized, skipping
========================================================================
Worker process is ready to serve import requests
Launched and connected shader compiler UnityShaderCompiler.exe after 0.29 seconds
Refreshing native plugins compatible for Editor in 1.28 ms, found 0 plugins.
Preloading 0 native plugins for Editor in 0.00 ms.
Unloading 4217 Unused Serialized files (Serialized files now loaded: 0)
System memory in use before: 204.8 MB.
System memory in use after: 205.0 MB.

Unloading 18 unused Assets to reduce memory usage. Loaded Objects now: 4677.
Total: 6.559000 ms (FindLiveObjects: 1.112800 ms CreateObjectMapping: 0.950400 ms MarkObjects: 4.392400 ms  DeleteObjects: 0.101600 ms)

========================================================================
Received Import Request.
  path: Assets/Resources/Characters/Humanoids/Dracollarium/Dracollarium.blend
  artifactKey: Guid(ceffc8b195270074db74a9df1127f06e) Importer(815301076,1909f56bfc062723c751e8b465ee728b)
Start importing Assets/Resources/Characters/Humanoids/Dracollarium/Dracollarium.blend using Guid(ceffc8b195270074db74a9df1127f06e) Importer(815301076,1909f56bfc062723c751e8b465ee728b) Launched and connected shader compiler UnityShaderCompiler.exe after 0.14 seconds
Launched and connected shader compiler UnityShaderCompiler.exe after 0.15 seconds
Launched and connected shader compiler UnityShaderCompiler.exe after 0.14 seconds
Launched and connected shader compiler UnityShaderCompiler.exe after 0.16 seconds
Launched and connected shader compiler UnityShaderCompiler.exe after 0.16 seconds
Launched and connected shader compiler UnityShaderCompiler.exe after 0.15 seconds
Launched and connected shader compiler UnityShaderCompiler.exe after 0.16 seconds
 -> (artifact id: '06680c7efcb0e3426ca5efd48a03eb8f') in 3.544773 seconds
  Import took 3.608951 seconds .

========================================================================
Received Import Request.
  Time since last request: 315.689775 seconds.
  path: Assets/Resources/Characters/Humanoids/Dracollarium/Dracollarium.blend
  artifactKey: Guid(ceffc8b195270074db74a9df1127f06e) Importer(815301076,1909f56bfc062723c751e8b465ee728b)
Start importing Assets/Resources/Characters/Humanoids/Dracollarium/Dracollarium.blend using Guid(ceffc8b195270074db74a9df1127f06e) Importer(815301076,1909f56bfc062723c751e8b465ee728b)  -> (artifact id: 'b856b224b18251a9ab64ca7484b76bd3') in 0.451862 seconds
  Import took 0.523175 seconds .

========================================================================
Received Import Request.
  Time since last request: 291.144742 seconds.
  path: Assets/Prefabs/Thirdparty/Gridbox Prototype Materials/Materials/Skybox
  artifactKey: Guid(e794d9bd7ccf473498946fa53f28db0c) Importer(815301076,1909f56bfc062723c751e8b465ee728b)
Start importing Assets/Prefabs/Thirdparty/Gridbox Prototype Materials/Materials/Skybox using Guid(e794d9bd7ccf473498946fa53f28db0c) Importer(815301076,1909f56bfc062723c751e8b465ee728b)  -> (artifact id: '967ec16782b374d912a390bebb15966d') in 0.015590 seconds
  Import took 0.040095 seconds .

AssetImportWorkerClient::OnTransportError - code=2 error=End of file
