Using pre-set license
Built from '2020.3/staging' branch; Version is '2020.3.5f1 (8095aa901b9b) revision 8426922'; Using compiler version '192528614'; Build Type 'Release'
OS: 'Windows 10 Pro; OS build 19042.928; Version 2009; 64bit' Language: 'es' Physical Memory: 8140 MB
BatchMode: 1, IsHumanControllingUs: 0, StartBugReporterOnCrash: 0, Is64bit: 1, IsPro: 0

 COMMAND LINE ARGUMENTS:
D:\Program Files\Unity\2020.3.5f1\Editor\Unity.exe
-adb2
-batchMode
-noUpm
-name
AssetImportWorker2
-projectPath
D:/MisProyectos/Dracollarium/[Unity] Project
-logFile
Logs/AssetImportWorker2.log
-srvPort
51496
Successfully changed project path to: D:/MisProyectos/Dracollarium/[Unity] Project
D:/MisProyectos/Dracollarium/[Unity] Project
Using Asset Import Pipeline V2.
Refreshing native plugins compatible for Editor in 156.47 ms, found 0 plugins.
Preloading 0 native plugins for Editor in 0.00 ms.
Initialize engine version: 2020.3.5f1 (8095aa901b9b)
[Subsystems] Discovering subsystems at path D:/Program Files/Unity/2020.3.5f1/Editor/Data/Resources/UnitySubsystems
[Subsystems] Discovering subsystems at path D:/MisProyectos/Dracollarium/[Unity] Project/Assets
GfxDevice: creating device client; threaded=0
Direct3D:
    Version:  Direct3D 11.0 [level 11.1]
    Renderer: Radeon RX 580 Series (ID=0x67df)
    Vendor:   
    VRAM:     8171 MB
    Driver:   27.20.1034.6
Initialize mono
Mono path[0] = 'D:/Program Files/Unity/2020.3.5f1/Editor/Data/Managed'
Mono path[1] = 'D:/Program Files/Unity/2020.3.5f1/Editor/Data/MonoBleedingEdge/lib/mono/unityjit'
Mono config path = 'D:/Program Files/Unity/2020.3.5f1/Editor/Data/MonoBleedingEdge/etc'
Using monoOptions --debugger-agent=transport=dt_socket,embedding=1,server=y,suspend=n,address=127.0.0.1:56172
Begin MonoManager ReloadAssembly
Registering precompiled unity dll's ...
Register platform support module: D:/Program Files/Unity/2020.3.5f1/Editor/Data/PlaybackEngines/WindowsStandaloneSupport/UnityEditor.WindowsStandalone.Extensions.dll
Registered in 0.002366 seconds.
Native extension for WindowsStandalone target not found
Refreshing native plugins compatible for Editor in 186.61 ms, found 0 plugins.
Preloading 0 native plugins for Editor in 0.00 ms.
Mono: successfully reloaded assembly
- Completed reload, in  2.157 seconds
Platform modules already initialized, skipping
Registering precompiled user dll's ...
Registered in 0.005408 seconds.
Begin MonoManager ReloadAssembly
Native extension for WindowsStandalone target not found
Refreshing native plugins compatible for Editor in 211.84 ms, found 0 plugins.
Preloading 0 native plugins for Editor in 0.00 ms.
Mono: successfully reloaded assembly
- Completed reload, in  4.960 seconds
Platform modules already initialized, skipping
========================================================================
Worker process is ready to serve import requests
Launched and connected shader compiler UnityShaderCompiler.exe after 0.58 seconds
Refreshing native plugins compatible for Editor in 1.12 ms, found 0 plugins.
Preloading 0 native plugins for Editor in 0.00 ms.
Unloading 4065 Unused Serialized files (Serialized files now loaded: 0)
System memory in use before: 199.3 MB.
System memory in use after: 199.5 MB.

Unloading 17 unused Assets to reduce memory usage. Loaded Objects now: 4524.
Total: 7.611600 ms (FindLiveObjects: 2.035500 ms CreateObjectMapping: 0.395200 ms MarkObjects: 5.051500 ms  DeleteObjects: 0.126900 ms)

========================================================================
Received Import Request.
  path: Assets/Scripts/Camera/FreeLookCamera.cs
  artifactKey: Guid(1ecf730fce7808143a38599fde946459) Importer(815301076,1909f56bfc062723c751e8b465ee728b)
Start importing Assets/Scripts/Camera/FreeLookCamera.cs using Guid(1ecf730fce7808143a38599fde946459) Importer(815301076,1909f56bfc062723c751e8b465ee728b)  -> (artifact id: '164510dd322a3e1cd5c5732d4df60c05') in 0.170713 seconds
  Import took 0.209863 seconds .

========================================================================
Received Import Request.
  Time since last request: 18.516996 seconds.
  path: Assets/Scripts/Camera/FreeLookCamera.cs
  artifactKey: Guid(1ecf730fce7808143a38599fde946459) Importer(815301076,1909f56bfc062723c751e8b465ee728b)
Start importing Assets/Scripts/Camera/FreeLookCamera.cs using Guid(1ecf730fce7808143a38599fde946459) Importer(815301076,1909f56bfc062723c751e8b465ee728b)  -> (artifact id: '055778338f11bfc85fc003780124c8ff') in 0.002875 seconds
  Import took 0.053041 seconds .

========================================================================
Received Import Request.
  Time since last request: 0.040098 seconds.
  path: Assets/Scripts/Camera/FreeLookCamera.cs
  artifactKey: Guid(1ecf730fce7808143a38599fde946459) Importer(815301076,1909f56bfc062723c751e8b465ee728b)
Start importing Assets/Scripts/Camera/FreeLookCamera.cs using Guid(1ecf730fce7808143a38599fde946459) Importer(815301076,1909f56bfc062723c751e8b465ee728b)  -> (artifact id: '055778338f11bfc85fc003780124c8ff') in 0.002554 seconds
  Import took 0.013248 seconds .

========================================================================
Received Prepare
Registering precompiled user dll's ...
Registered in 0.005934 seconds.
Begin MonoManager ReloadAssembly
Native extension for WindowsStandalone target not found
Refreshing native plugins compatible for Editor in 1.05 ms, found 0 plugins.
Preloading 0 native plugins for Editor in 0.00 ms.
Mono: successfully reloaded assembly
- Completed reload, in  2.534 seconds
Platform modules already initialized, skipping
Refreshing native plugins compatible for Editor in 2.35 ms, found 0 plugins.
Preloading 0 native plugins for Editor in 0.00 ms.
Unloading 3792 Unused Serialized files (Serialized files now loaded: 0)
System memory in use before: 185.1 MB.
System memory in use after: 185.4 MB.

Unloading 11 unused Assets to reduce memory usage. Loaded Objects now: 4529.
Total: 4.720400 ms (FindLiveObjects: 0.714700 ms CreateObjectMapping: 0.240100 ms MarkObjects: 3.734700 ms  DeleteObjects: 0.029000 ms)

========================================================================
Received Import Request.
  Time since last request: 96.623282 seconds.
  path: Assets/Scripts/SimpleCameraController.cs
  artifactKey: Guid(e8a636f62116c0a40bbfefdf876d4608) Importer(815301076,1909f56bfc062723c751e8b465ee728b)
Start importing Assets/Scripts/SimpleCameraController.cs using Guid(e8a636f62116c0a40bbfefdf876d4608) Importer(815301076,1909f56bfc062723c751e8b465ee728b)  -> (artifact id: '2e7a4648e25f5f2bafa46b6208849659') in 0.017430 seconds
  Import took 0.042785 seconds .

========================================================================
Received Prepare
Registering precompiled user dll's ...
Registered in 0.007673 seconds.
Begin MonoManager ReloadAssembly
Native extension for WindowsStandalone target not found
Refreshing native plugins compatible for Editor in 1.18 ms, found 0 plugins.
Preloading 0 native plugins for Editor in 0.00 ms.
Mono: successfully reloaded assembly
- Completed reload, in  3.083 seconds
Platform modules already initialized, skipping
Refreshing native plugins compatible for Editor in 1.53 ms, found 0 plugins.
Preloading 0 native plugins for Editor in 0.00 ms.
Unloading 3792 Unused Serialized files (Serialized files now loaded: 0)
System memory in use before: 185.2 MB.
System memory in use after: 185.4 MB.

Unloading 11 unused Assets to reduce memory usage. Loaded Objects now: 4534.
Total: 6.708400 ms (FindLiveObjects: 1.683100 ms CreateObjectMapping: 0.428300 ms MarkObjects: 4.564000 ms  DeleteObjects: 0.030100 ms)

========================================================================
Received Prepare
Registering precompiled user dll's ...
Registered in 0.006020 seconds.
Begin MonoManager ReloadAssembly
Native extension for WindowsStandalone target not found
Refreshing native plugins compatible for Editor in 1.17 ms, found 0 plugins.
Preloading 0 native plugins for Editor in 0.00 ms.
Mono: successfully reloaded assembly
- Completed reload, in  2.716 seconds
Platform modules already initialized, skipping
Refreshing native plugins compatible for Editor in 1.10 ms, found 0 plugins.
Preloading 0 native plugins for Editor in 0.00 ms.
Unloading 3792 Unused Serialized files (Serialized files now loaded: 0)
System memory in use before: 185.2 MB.
System memory in use after: 185.5 MB.

Unloading 11 unused Assets to reduce memory usage. Loaded Objects now: 4539.
Total: 5.364300 ms (FindLiveObjects: 0.742400 ms CreateObjectMapping: 0.225500 ms MarkObjects: 4.362200 ms  DeleteObjects: 0.032200 ms)

========================================================================
Received Prepare
Registering precompiled user dll's ...
Registered in 0.008508 seconds.
Begin MonoManager ReloadAssembly
Native extension for WindowsStandalone target not found
Refreshing native plugins compatible for Editor in 1.24 ms, found 0 plugins.
Preloading 0 native plugins for Editor in 0.00 ms.
Mono: successfully reloaded assembly
- Completed reload, in  2.471 seconds
Platform modules already initialized, skipping
Refreshing native plugins compatible for Editor in 1.13 ms, found 0 plugins.
Preloading 0 native plugins for Editor in 0.00 ms.
Unloading 3792 Unused Serialized files (Serialized files now loaded: 0)
System memory in use before: 185.3 MB.
System memory in use after: 185.5 MB.

Unloading 11 unused Assets to reduce memory usage. Loaded Objects now: 4544.
Total: 4.885000 ms (FindLiveObjects: 0.749700 ms CreateObjectMapping: 0.246800 ms MarkObjects: 3.860600 ms  DeleteObjects: 0.026200 ms)

========================================================================
Received Import Request.
  Time since last request: 661.099450 seconds.
  path: Assets/Scripts/Camera/FreeLookCamera.cs
  artifactKey: Guid(1ecf730fce7808143a38599fde946459) Importer(815301076,1909f56bfc062723c751e8b465ee728b)
Start importing Assets/Scripts/Camera/FreeLookCamera.cs using Guid(1ecf730fce7808143a38599fde946459) Importer(815301076,1909f56bfc062723c751e8b465ee728b)  -> (artifact id: '1ef78a382308178f216ad3a3e34cfed1') in 0.013495 seconds
  Import took 0.039391 seconds .

========================================================================
Received Import Request.
  Time since last request: 9.435960 seconds.
  path: Assets/Scripts/Camera/CameraFollow.cs
  artifactKey: Guid(1ecf730fce7808143a38599fde946459) Importer(815301076,1909f56bfc062723c751e8b465ee728b)
Start importing Assets/Scripts/Camera/CameraFollow.cs using Guid(1ecf730fce7808143a38599fde946459) Importer(815301076,1909f56bfc062723c751e8b465ee728b)  -> (artifact id: '3a0d6ef5bf60bfecaa9db8cc838d6374') in 0.005951 seconds
  Import took 0.031847 seconds .

========================================================================
Received Prepare
Registering precompiled user dll's ...
Registered in 0.006135 seconds.
Begin MonoManager ReloadAssembly
Native extension for WindowsStandalone target not found
Refreshing native plugins compatible for Editor in 1.49 ms, found 0 plugins.
Preloading 0 native plugins for Editor in 0.00 ms.
Mono: successfully reloaded assembly
- Completed reload, in  2.558 seconds
Platform modules already initialized, skipping
Refreshing native plugins compatible for Editor in 1.10 ms, found 0 plugins.
Preloading 0 native plugins for Editor in 0.00 ms.
Unloading 3792 Unused Serialized files (Serialized files now loaded: 0)
System memory in use before: 185.3 MB.
System memory in use after: 185.5 MB.

Unloading 11 unused Assets to reduce memory usage. Loaded Objects now: 4549.
Total: 4.783900 ms (FindLiveObjects: 0.777200 ms CreateObjectMapping: 0.247800 ms MarkObjects: 3.730100 ms  DeleteObjects: 0.027400 ms)

========================================================================
Received Import Request.
  Time since last request: 183.025996 seconds.
  path: Assets/Scripts/Camera/CameraFollow.cs
  artifactKey: Guid(1ecf730fce7808143a38599fde946459) Importer(815301076,1909f56bfc062723c751e8b465ee728b)
Start importing Assets/Scripts/Camera/CameraFollow.cs using Guid(1ecf730fce7808143a38599fde946459) Importer(815301076,1909f56bfc062723c751e8b465ee728b)  -> (artifact id: 'b4a868fdca77dee6a2237b176c7d8d65') in 0.011612 seconds
  Import took 0.090772 seconds .

========================================================================
Received Import Request.
  Time since last request: 0.006740 seconds.
  path: Assets/Scripts/Camera/CameraFollow.cs
  artifactKey: Guid(1ecf730fce7808143a38599fde946459) Importer(815301076,1909f56bfc062723c751e8b465ee728b)
Start importing Assets/Scripts/Camera/CameraFollow.cs using Guid(1ecf730fce7808143a38599fde946459) Importer(815301076,1909f56bfc062723c751e8b465ee728b)  -> (artifact id: 'b4a868fdca77dee6a2237b176c7d8d65') in 0.002640 seconds
  Import took 0.013297 seconds .

========================================================================
Received Import Request.
  Time since last request: 3.884803 seconds.
  path: Assets/Scripts/PlayerAnimation.cs
  artifactKey: Guid(0a1c93b30e4741d46b4aac34a52f3b59) Importer(815301076,1909f56bfc062723c751e8b465ee728b)
Start importing Assets/Scripts/PlayerAnimation.cs using Guid(0a1c93b30e4741d46b4aac34a52f3b59) Importer(815301076,1909f56bfc062723c751e8b465ee728b)  -> (artifact id: '663bd720f54266c4496dbd5fd0be4745') in 0.016246 seconds
  Import took 0.058140 seconds .

========================================================================
Received Import Request.
  Time since last request: 138.406781 seconds.
  path: Assets/Scripts/Input/PlayerActions.inputactions
  artifactKey: Guid(3537d580c11a8cb4182ee6f58072a727) Importer(815301076,1909f56bfc062723c751e8b465ee728b)
Start importing Assets/Scripts/Input/PlayerActions.inputactions using Guid(3537d580c11a8cb4182ee6f58072a727) Importer(815301076,1909f56bfc062723c751e8b465ee728b)  -> (artifact id: 'ae2179b9071bf36c558f12360e86fdfc') in 0.080714 seconds
  Import took 0.135801 seconds .

========================================================================
Received Import Request.
  Time since last request: 183.333778 seconds.
  path: Assets/HDRPDefaultResources/DefaultSettingsVolumeProfile.asset
  artifactKey: Guid(f9859bc8cf8f3cf43864cfa041044cd9) Importer(815301076,1909f56bfc062723c751e8b465ee728b)
Start importing Assets/HDRPDefaultResources/DefaultSettingsVolumeProfile.asset using Guid(f9859bc8cf8f3cf43864cfa041044cd9) Importer(815301076,1909f56bfc062723c751e8b465ee728b)  -> (artifact id: 'd06b8869c8916ecee594eed3422b723b') in 0.043927 seconds
  Import took 0.115004 seconds .

========================================================================
Received Import Request.
  Time since last request: 0.037679 seconds.
  path: Assets/HDRPDefaultResources/DefaultSettingsVolumeProfile.asset
  artifactKey: Guid(f9859bc8cf8f3cf43864cfa041044cd9) Importer(815301076,1909f56bfc062723c751e8b465ee728b)
Start importing Assets/HDRPDefaultResources/DefaultSettingsVolumeProfile.asset using Guid(f9859bc8cf8f3cf43864cfa041044cd9) Importer(815301076,1909f56bfc062723c751e8b465ee728b)  -> (artifact id: 'd06b8869c8916ecee594eed3422b723b') in 0.009603 seconds
  Import took 0.045133 seconds .

========================================================================
Received Import Request.
  Time since last request: 2.952912 seconds.
  path: Assets/HDRPDefaultResources/Foliage Diffusion Profile.asset
  artifactKey: Guid(3e18cb57aa0b2cb47ae7a41416d31219) Importer(815301076,1909f56bfc062723c751e8b465ee728b)
Start importing Assets/HDRPDefaultResources/Foliage Diffusion Profile.asset using Guid(3e18cb57aa0b2cb47ae7a41416d31219) Importer(815301076,1909f56bfc062723c751e8b465ee728b)  -> (artifact id: 'f6c649c4379c02059f7655b7d8db01fe') in 0.006344 seconds
  Import took 0.050851 seconds .

========================================================================
Received Import Request.
  Time since last request: 0.000428 seconds.
  path: Assets/HDRPDefaultResources/HDRenderPipelineAsset.asset
  artifactKey: Guid(be55fb7374e8cc745b091f2605c2e926) Importer(815301076,1909f56bfc062723c751e8b465ee728b)
Start importing Assets/HDRPDefaultResources/HDRenderPipelineAsset.asset using Guid(be55fb7374e8cc745b091f2605c2e926) Importer(815301076,1909f56bfc062723c751e8b465ee728b)  -> (artifact id: 'e6c401ab6a69a54d7072817b0100f6b6') in 0.007509 seconds
  Import took 0.050824 seconds .

========================================================================
Received Import Request.
  Time since last request: 159.968919 seconds.
  path: Assets/Scripts/Input/PlayerActions.inputactions
  artifactKey: Guid(3537d580c11a8cb4182ee6f58072a727) Importer(815301076,1909f56bfc062723c751e8b465ee728b)
Start importing Assets/Scripts/Input/PlayerActions.inputactions using Guid(3537d580c11a8cb4182ee6f58072a727) Importer(815301076,1909f56bfc062723c751e8b465ee728b)  -> (artifact id: 'ce4812fbe2edc4cae229e13bbd5eb63a') in 0.008638 seconds
  Import took 0.031124 seconds .

========================================================================
Received Prepare
Registering precompiled user dll's ...
Registered in 0.005714 seconds.
Begin MonoManager ReloadAssembly
Native extension for WindowsStandalone target not found
Refreshing native plugins compatible for Editor in 1.16 ms, found 0 plugins.
Preloading 0 native plugins for Editor in 0.00 ms.
Mono: successfully reloaded assembly
- Completed reload, in  2.676 seconds
Platform modules already initialized, skipping
Refreshing native plugins compatible for Editor in 1.22 ms, found 0 plugins.
Preloading 0 native plugins for Editor in 0.00 ms.
Unloading 3795 Unused Serialized files (Serialized files now loaded: 0)
System memory in use before: 185.4 MB.
System memory in use after: 185.6 MB.

Unloading 23 unused Assets to reduce memory usage. Loaded Objects now: 4554.
Total: 5.861500 ms (FindLiveObjects: 0.926500 ms CreateObjectMapping: 0.244600 ms MarkObjects: 3.951900 ms  DeleteObjects: 0.736400 ms)

========================================================================
Received Import Request.
  Time since last request: 116.388133 seconds.
  path: Assets/Scripts/Input/PlayerInput.cs
  artifactKey: Guid(8d1db845eae9c64438bda43b60e58d06) Importer(815301076,1909f56bfc062723c751e8b465ee728b)
Start importing Assets/Scripts/Input/PlayerInput.cs using Guid(8d1db845eae9c64438bda43b60e58d06) Importer(815301076,1909f56bfc062723c751e8b465ee728b)  -> (artifact id: '28988efd7ff4b1ae49878c53599d2c3e') in 0.014893 seconds
  Import took 0.052119 seconds .

========================================================================
Received Import Request.
  Time since last request: 40.772075 seconds.
  path: Assets/Scripts/Input/PlayerInput.cs
  artifactKey: Guid(8d1db845eae9c64438bda43b60e58d06) Importer(815301076,1909f56bfc062723c751e8b465ee728b)
Start importing Assets/Scripts/Input/PlayerInput.cs using Guid(8d1db845eae9c64438bda43b60e58d06) Importer(815301076,1909f56bfc062723c751e8b465ee728b)  -> (artifact id: '91648f7463a60f7d76b64a3281cd67d0') in 0.139086 seconds
  Import took 0.193989 seconds .

========================================================================
Received Prepare
Registering precompiled user dll's ...
Registered in 0.011665 seconds.
Begin MonoManager ReloadAssembly
Native extension for WindowsStandalone target not found
Refreshing native plugins compatible for Editor in 1.16 ms, found 0 plugins.
Preloading 0 native plugins for Editor in 0.00 ms.
Mono: successfully reloaded assembly
- Completed reload, in  2.801 seconds
Platform modules already initialized, skipping
Refreshing native plugins compatible for Editor in 1.02 ms, found 0 plugins.
Preloading 0 native plugins for Editor in 0.00 ms.
Unloading 3792 Unused Serialized files (Serialized files now loaded: 0)
System memory in use before: 185.3 MB.
System memory in use after: 185.6 MB.

Unloading 11 unused Assets to reduce memory usage. Loaded Objects now: 4559.
Total: 4.572500 ms (FindLiveObjects: 0.774000 ms CreateObjectMapping: 0.241400 ms MarkObjects: 3.528400 ms  DeleteObjects: 0.027100 ms)

========================================================================
Received Import Request.
  Time since last request: 51.791176 seconds.
  path: Assets/Scripts/Input/PlayerInput.cs
  artifactKey: Guid(8d1db845eae9c64438bda43b60e58d06) Importer(815301076,1909f56bfc062723c751e8b465ee728b)
Start importing Assets/Scripts/Input/PlayerInput.cs using Guid(8d1db845eae9c64438bda43b60e58d06) Importer(815301076,1909f56bfc062723c751e8b465ee728b)  -> (artifact id: '5de35ac906b6228038738900d1cd71cb') in 0.009451 seconds
  Import took 0.034820 seconds .

========================================================================
Received Import Request.
  Time since last request: 565.210016 seconds.
  path: Assets/Scripts/Input/PlayerActions.inputactions
  artifactKey: Guid(3537d580c11a8cb4182ee6f58072a727) Importer(815301076,1909f56bfc062723c751e8b465ee728b)
Start importing Assets/Scripts/Input/PlayerActions.inputactions using Guid(3537d580c11a8cb4182ee6f58072a727) Importer(815301076,1909f56bfc062723c751e8b465ee728b)  -> (artifact id: '7f53e860a1dae721926cf2f4d7799a27') in 0.028816 seconds
  Import took 0.060403 seconds .

========================================================================
Received Prepare
Registering precompiled user dll's ...
Registered in 0.007043 seconds.
Begin MonoManager ReloadAssembly
Native extension for WindowsStandalone target not found
Refreshing native plugins compatible for Editor in 1.18 ms, found 0 plugins.
Preloading 0 native plugins for Editor in 0.00 ms.
Mono: successfully reloaded assembly
- Completed reload, in  2.832 seconds
Platform modules already initialized, skipping
Refreshing native plugins compatible for Editor in 1.13 ms, found 0 plugins.
Preloading 0 native plugins for Editor in 0.00 ms.
Unloading 3792 Unused Serialized files (Serialized files now loaded: 0)
System memory in use before: 185.3 MB.
System memory in use after: 185.6 MB.

Unloading 11 unused Assets to reduce memory usage. Loaded Objects now: 4564.
Total: 4.980500 ms (FindLiveObjects: 0.899300 ms CreateObjectMapping: 0.411400 ms MarkObjects: 3.627400 ms  DeleteObjects: 0.040200 ms)

========================================================================
Received Prepare
Registering precompiled user dll's ...
Registered in 0.009417 seconds.
Begin MonoManager ReloadAssembly
Native extension for WindowsStandalone target not found
Refreshing native plugins compatible for Editor in 1.12 ms, found 0 plugins.
Preloading 0 native plugins for Editor in 0.00 ms.
Mono: successfully reloaded assembly
- Completed reload, in  2.618 seconds
Platform modules already initialized, skipping
Refreshing native plugins compatible for Editor in 1.24 ms, found 0 plugins.
Preloading 0 native plugins for Editor in 0.00 ms.
Unloading 3792 Unused Serialized files (Serialized files now loaded: 0)
System memory in use before: 185.3 MB.
System memory in use after: 185.6 MB.

Unloading 11 unused Assets to reduce memory usage. Loaded Objects now: 4569.
Total: 5.263600 ms (FindLiveObjects: 0.739000 ms CreateObjectMapping: 0.234900 ms MarkObjects: 4.259300 ms  DeleteObjects: 0.028600 ms)

========================================================================
Received Prepare
Registering precompiled user dll's ...
Registered in 0.008402 seconds.
Begin MonoManager ReloadAssembly
Native extension for WindowsStandalone target not found
Refreshing native plugins compatible for Editor in 1.14 ms, found 0 plugins.
Preloading 0 native plugins for Editor in 0.00 ms.
Mono: successfully reloaded assembly
- Completed reload, in  2.508 seconds
Platform modules already initialized, skipping
Refreshing native plugins compatible for Editor in 1.60 ms, found 0 plugins.
Preloading 0 native plugins for Editor in 0.00 ms.
Unloading 3792 Unused Serialized files (Serialized files now loaded: 0)
System memory in use before: 185.4 MB.
System memory in use after: 185.6 MB.

Unloading 11 unused Assets to reduce memory usage. Loaded Objects now: 4574.
Total: 5.101100 ms (FindLiveObjects: 0.873800 ms CreateObjectMapping: 0.253100 ms MarkObjects: 3.945500 ms  DeleteObjects: 0.027300 ms)

========================================================================
Received Prepare
Registering precompiled user dll's ...
Registered in 0.005940 seconds.
Begin MonoManager ReloadAssembly
Native extension for WindowsStandalone target not found
Refreshing native plugins compatible for Editor in 1.11 ms, found 0 plugins.
Preloading 0 native plugins for Editor in 0.00 ms.
Mono: successfully reloaded assembly
- Completed reload, in  2.369 seconds
Platform modules already initialized, skipping
Refreshing native plugins compatible for Editor in 1.17 ms, found 0 plugins.
Preloading 0 native plugins for Editor in 0.00 ms.
Unloading 3792 Unused Serialized files (Serialized files now loaded: 0)
System memory in use before: 185.4 MB.
System memory in use after: 185.6 MB.

Unloading 11 unused Assets to reduce memory usage. Loaded Objects now: 4579.
Total: 7.820600 ms (FindLiveObjects: 1.226100 ms CreateObjectMapping: 0.622700 ms MarkObjects: 5.937700 ms  DeleteObjects: 0.031600 ms)

========================================================================
Received Prepare
Registering precompiled user dll's ...
Registered in 0.006796 seconds.
Begin MonoManager ReloadAssembly
Native extension for WindowsStandalone target not found
Refreshing native plugins compatible for Editor in 1.35 ms, found 0 plugins.
Preloading 0 native plugins for Editor in 0.00 ms.
Mono: successfully reloaded assembly
- Completed reload, in  2.543 seconds
Platform modules already initialized, skipping
Refreshing native plugins compatible for Editor in 1.31 ms, found 0 plugins.
Preloading 0 native plugins for Editor in 0.00 ms.
Unloading 3792 Unused Serialized files (Serialized files now loaded: 0)
System memory in use before: 185.4 MB.
System memory in use after: 185.6 MB.

Unloading 11 unused Assets to reduce memory usage. Loaded Objects now: 4584.
Total: 6.400100 ms (FindLiveObjects: 1.054700 ms CreateObjectMapping: 0.273900 ms MarkObjects: 5.040900 ms  DeleteObjects: 0.028200 ms)

========================================================================
Received Import Request.
  Time since last request: 1158.626161 seconds.
  path: Assets/Scripts/Input/PlayerActions.inputactions
  artifactKey: Guid(3537d580c11a8cb4182ee6f58072a727) Importer(815301076,1909f56bfc062723c751e8b465ee728b)
Start importing Assets/Scripts/Input/PlayerActions.inputactions using Guid(3537d580c11a8cb4182ee6f58072a727) Importer(815301076,1909f56bfc062723c751e8b465ee728b)  -> (artifact id: '0a6789f611f52ee0aad1df92da288cb0') in 0.042787 seconds
  Import took 0.083884 seconds .

========================================================================
Received Prepare
Registering precompiled user dll's ...
Registered in 0.006883 seconds.
Begin MonoManager ReloadAssembly
Native extension for WindowsStandalone target not found
Refreshing native plugins compatible for Editor in 1.13 ms, found 0 plugins.
Preloading 0 native plugins for Editor in 0.00 ms.
Mono: successfully reloaded assembly
- Completed reload, in  2.444 seconds
Platform modules already initialized, skipping
Refreshing native plugins compatible for Editor in 1.35 ms, found 0 plugins.
Preloading 0 native plugins for Editor in 0.00 ms.
Unloading 3792 Unused Serialized files (Serialized files now loaded: 0)
System memory in use before: 185.4 MB.
System memory in use after: 185.6 MB.

Unloading 11 unused Assets to reduce memory usage. Loaded Objects now: 4589.
Total: 5.723100 ms (FindLiveObjects: 0.884100 ms CreateObjectMapping: 0.257100 ms MarkObjects: 4.543100 ms  DeleteObjects: 0.036900 ms)

========================================================================
Received Import Request.
  Time since last request: 162.978681 seconds.
  path: Assets/Scripts/Input/PlayerActions.inputactions
  artifactKey: Guid(3537d580c11a8cb4182ee6f58072a727) Importer(815301076,1909f56bfc062723c751e8b465ee728b)
Start importing Assets/Scripts/Input/PlayerActions.inputactions using Guid(3537d580c11a8cb4182ee6f58072a727) Importer(815301076,1909f56bfc062723c751e8b465ee728b)  -> (artifact id: '3eb102d513ce4ab6725cf9582df3a6fc') in 0.038978 seconds
  Import took 0.068347 seconds .

========================================================================
Received Prepare
Registering precompiled user dll's ...
Registered in 0.009682 seconds.
Begin MonoManager ReloadAssembly
Native extension for WindowsStandalone target not found
Refreshing native plugins compatible for Editor in 1.21 ms, found 0 plugins.
Preloading 0 native plugins for Editor in 0.00 ms.
Mono: successfully reloaded assembly
- Completed reload, in  3.042 seconds
Platform modules already initialized, skipping
Refreshing native plugins compatible for Editor in 1.16 ms, found 0 plugins.
Preloading 0 native plugins for Editor in 0.00 ms.
Unloading 3792 Unused Serialized files (Serialized files now loaded: 0)
System memory in use before: 185.4 MB.
System memory in use after: 185.6 MB.

Unloading 11 unused Assets to reduce memory usage. Loaded Objects now: 4594.
Total: 7.246100 ms (FindLiveObjects: 1.944600 ms CreateObjectMapping: 0.353900 ms MarkObjects: 4.911300 ms  DeleteObjects: 0.034100 ms)

========================================================================
Received Prepare
Registering precompiled user dll's ...
Registered in 0.006430 seconds.
Begin MonoManager ReloadAssembly
Native extension for WindowsStandalone target not found
Refreshing native plugins compatible for Editor in 1.05 ms, found 0 plugins.
Preloading 0 native plugins for Editor in 0.00 ms.
Mono: successfully reloaded assembly
- Completed reload, in  2.332 seconds
Platform modules already initialized, skipping
Refreshing native plugins compatible for Editor in 1.15 ms, found 0 plugins.
Preloading 0 native plugins for Editor in 0.00 ms.
Unloading 3792 Unused Serialized files (Serialized files now loaded: 0)
System memory in use before: 185.4 MB.
System memory in use after: 185.6 MB.

Unloading 11 unused Assets to reduce memory usage. Loaded Objects now: 4599.
Total: 4.626300 ms (FindLiveObjects: 0.741500 ms CreateObjectMapping: 0.243900 ms MarkObjects: 3.604100 ms  DeleteObjects: 0.035000 ms)

========================================================================
Received Prepare
Registering precompiled user dll's ...
Registered in 0.005897 seconds.
Begin MonoManager ReloadAssembly
Native extension for WindowsStandalone target not found
Refreshing native plugins compatible for Editor in 1.44 ms, found 0 plugins.
Preloading 0 native plugins for Editor in 0.00 ms.
Mono: successfully reloaded assembly
- Completed reload, in  3.209 seconds
Platform modules already initialized, skipping
Refreshing native plugins compatible for Editor in 1.29 ms, found 0 plugins.
Preloading 0 native plugins for Editor in 0.00 ms.
Unloading 3792 Unused Serialized files (Serialized files now loaded: 0)
System memory in use before: 185.4 MB.
System memory in use after: 185.7 MB.

Unloading 11 unused Assets to reduce memory usage. Loaded Objects now: 4604.
Total: 6.559300 ms (FindLiveObjects: 1.312000 ms CreateObjectMapping: 0.591000 ms MarkObjects: 4.624400 ms  DeleteObjects: 0.029200 ms)

========================================================================
Received Prepare
Registering precompiled user dll's ...
Registered in 0.005891 seconds.
Begin MonoManager ReloadAssembly
Native extension for WindowsStandalone target not found
Refreshing native plugins compatible for Editor in 1.15 ms, found 0 plugins.
Preloading 0 native plugins for Editor in 0.00 ms.
Mono: successfully reloaded assembly
- Completed reload, in  3.442 seconds
Platform modules already initialized, skipping
Refreshing native plugins compatible for Editor in 1.57 ms, found 0 plugins.
Preloading 0 native plugins for Editor in 0.00 ms.
Unloading 3792 Unused Serialized files (Serialized files now loaded: 0)
System memory in use before: 185.4 MB.
System memory in use after: 185.7 MB.

Unloading 11 unused Assets to reduce memory usage. Loaded Objects now: 4609.
Total: 5.459100 ms (FindLiveObjects: 0.907100 ms CreateObjectMapping: 0.267500 ms MarkObjects: 4.251300 ms  DeleteObjects: 0.031600 ms)

========================================================================
Received Prepare
Registering precompiled user dll's ...
Registered in 0.006796 seconds.
Begin MonoManager ReloadAssembly
Native extension for WindowsStandalone target not found
Refreshing native plugins compatible for Editor in 1.11 ms, found 0 plugins.
Preloading 0 native plugins for Editor in 0.00 ms.
Mono: successfully reloaded assembly
- Completed reload, in  2.431 seconds
Platform modules already initialized, skipping
Refreshing native plugins compatible for Editor in 1.07 ms, found 0 plugins.
Preloading 0 native plugins for Editor in 0.00 ms.
Unloading 3792 Unused Serialized files (Serialized files now loaded: 0)
System memory in use before: 185.4 MB.
System memory in use after: 185.7 MB.

Unloading 11 unused Assets to reduce memory usage. Loaded Objects now: 4614.
Total: 5.002400 ms (FindLiveObjects: 0.841800 ms CreateObjectMapping: 0.334100 ms MarkObjects: 3.797300 ms  DeleteObjects: 0.027100 ms)

========================================================================
Received Prepare
Registering precompiled user dll's ...
Registered in 0.006266 seconds.
Begin MonoManager ReloadAssembly
Native extension for WindowsStandalone target not found
Refreshing native plugins compatible for Editor in 1.13 ms, found 0 plugins.
Preloading 0 native plugins for Editor in 0.00 ms.
Mono: successfully reloaded assembly
- Completed reload, in  2.396 seconds
Platform modules already initialized, skipping
Refreshing native plugins compatible for Editor in 1.11 ms, found 0 plugins.
Preloading 0 native plugins for Editor in 0.00 ms.
Unloading 3792 Unused Serialized files (Serialized files now loaded: 0)
System memory in use before: 185.4 MB.
System memory in use after: 185.7 MB.

Unloading 11 unused Assets to reduce memory usage. Loaded Objects now: 4619.
Total: 5.107300 ms (FindLiveObjects: 1.216900 ms CreateObjectMapping: 0.290500 ms MarkObjects: 3.570200 ms  DeleteObjects: 0.026900 ms)

========================================================================
Received Prepare
Registering precompiled user dll's ...
Registered in 0.005751 seconds.
Begin MonoManager ReloadAssembly
Native extension for WindowsStandalone target not found
Refreshing native plugins compatible for Editor in 1.17 ms, found 0 plugins.
Preloading 0 native plugins for Editor in 0.00 ms.
Mono: successfully reloaded assembly
- Completed reload, in  2.246 seconds
Platform modules already initialized, skipping
Refreshing native plugins compatible for Editor in 1.12 ms, found 0 plugins.
Preloading 0 native plugins for Editor in 0.00 ms.
Unloading 3792 Unused Serialized files (Serialized files now loaded: 0)
System memory in use before: 185.4 MB.
System memory in use after: 185.7 MB.

Unloading 11 unused Assets to reduce memory usage. Loaded Objects now: 4624.
Total: 5.053100 ms (FindLiveObjects: 0.799200 ms CreateObjectMapping: 0.290100 ms MarkObjects: 3.934900 ms  DeleteObjects: 0.026400 ms)

========================================================================
Received Prepare
Registering precompiled user dll's ...
Registered in 0.005815 seconds.
Begin MonoManager ReloadAssembly
Native extension for WindowsStandalone target not found
Refreshing native plugins compatible for Editor in 1.70 ms, found 0 plugins.
Preloading 0 native plugins for Editor in 0.00 ms.
Mono: successfully reloaded assembly
- Completed reload, in  2.638 seconds
Platform modules already initialized, skipping
Refreshing native plugins compatible for Editor in 1.86 ms, found 0 plugins.
Preloading 0 native plugins for Editor in 0.00 ms.
Unloading 3792 Unused Serialized files (Serialized files now loaded: 0)
System memory in use before: 185.4 MB.
System memory in use after: 185.7 MB.

Unloading 11 unused Assets to reduce memory usage. Loaded Objects now: 4629.
Total: 6.318300 ms (FindLiveObjects: 1.127600 ms CreateObjectMapping: 0.341900 ms MarkObjects: 4.814700 ms  DeleteObjects: 0.031500 ms)

========================================================================
Received Prepare
Registering precompiled user dll's ...
Registered in 0.007270 seconds.
Begin MonoManager ReloadAssembly
Native extension for WindowsStandalone target not found
Refreshing native plugins compatible for Editor in 1.19 ms, found 0 plugins.
Preloading 0 native plugins for Editor in 0.00 ms.
Mono: successfully reloaded assembly
- Completed reload, in  2.446 seconds
Platform modules already initialized, skipping
Refreshing native plugins compatible for Editor in 1.12 ms, found 0 plugins.
Preloading 0 native plugins for Editor in 0.00 ms.
Unloading 3792 Unused Serialized files (Serialized files now loaded: 0)
System memory in use before: 185.5 MB.
System memory in use after: 185.7 MB.

Unloading 11 unused Assets to reduce memory usage. Loaded Objects now: 4634.
Total: 4.966600 ms (FindLiveObjects: 0.780200 ms CreateObjectMapping: 0.227200 ms MarkObjects: 3.929900 ms  DeleteObjects: 0.027700 ms)

========================================================================
Received Prepare
Registering precompiled user dll's ...
Registered in 0.006284 seconds.
Begin MonoManager ReloadAssembly
Native extension for WindowsStandalone target not found
Refreshing native plugins compatible for Editor in 1.09 ms, found 0 plugins.
Preloading 0 native plugins for Editor in 0.00 ms.
Mono: successfully reloaded assembly
- Completed reload, in  2.401 seconds
Platform modules already initialized, skipping
Refreshing native plugins compatible for Editor in 1.03 ms, found 0 plugins.
Preloading 0 native plugins for Editor in 0.00 ms.
Unloading 3792 Unused Serialized files (Serialized files now loaded: 0)
System memory in use before: 185.5 MB.
System memory in use after: 185.7 MB.

Unloading 11 unused Assets to reduce memory usage. Loaded Objects now: 4639.
Total: 10.749400 ms (FindLiveObjects: 0.946100 ms CreateObjectMapping: 0.277500 ms MarkObjects: 9.482500 ms  DeleteObjects: 0.040800 ms)

========================================================================
Received Prepare
Registering precompiled user dll's ...
Registered in 0.006924 seconds.
Begin MonoManager ReloadAssembly
Native extension for WindowsStandalone target not found
Refreshing native plugins compatible for Editor in 1.10 ms, found 0 plugins.
Preloading 0 native plugins for Editor in 0.00 ms.
Mono: successfully reloaded assembly
- Completed reload, in  2.463 seconds
Platform modules already initialized, skipping
Refreshing native plugins compatible for Editor in 1.10 ms, found 0 plugins.
Preloading 0 native plugins for Editor in 0.00 ms.
Unloading 3792 Unused Serialized files (Serialized files now loaded: 0)
System memory in use before: 185.5 MB.
System memory in use after: 185.7 MB.

Unloading 11 unused Assets to reduce memory usage. Loaded Objects now: 4644.
Total: 6.343400 ms (FindLiveObjects: 1.543800 ms CreateObjectMapping: 0.530100 ms MarkObjects: 4.222300 ms  DeleteObjects: 0.045200 ms)

========================================================================
Received Prepare
Registering precompiled user dll's ...
Registered in 0.006817 seconds.
Begin MonoManager ReloadAssembly
Native extension for WindowsStandalone target not found
Refreshing native plugins compatible for Editor in 1.16 ms, found 0 plugins.
Preloading 0 native plugins for Editor in 0.00 ms.
Mono: successfully reloaded assembly
- Completed reload, in  2.612 seconds
Platform modules already initialized, skipping
Refreshing native plugins compatible for Editor in 1.31 ms, found 0 plugins.
Preloading 0 native plugins for Editor in 0.00 ms.
Unloading 3792 Unused Serialized files (Serialized files now loaded: 0)
System memory in use before: 185.5 MB.
System memory in use after: 185.7 MB.

Unloading 11 unused Assets to reduce memory usage. Loaded Objects now: 4649.
Total: 5.630200 ms (FindLiveObjects: 0.957300 ms CreateObjectMapping: 0.249900 ms MarkObjects: 4.391700 ms  DeleteObjects: 0.029600 ms)

========================================================================
Received Prepare
Registering precompiled user dll's ...
Registered in 0.005642 seconds.
Begin MonoManager ReloadAssembly
Native extension for WindowsStandalone target not found
Refreshing native plugins compatible for Editor in 1.16 ms, found 0 plugins.
Preloading 0 native plugins for Editor in 0.00 ms.
Mono: successfully reloaded assembly
- Completed reload, in  2.615 seconds
Platform modules already initialized, skipping
Refreshing native plugins compatible for Editor in 1.35 ms, found 0 plugins.
Preloading 0 native plugins for Editor in 0.00 ms.
Unloading 3792 Unused Serialized files (Serialized files now loaded: 0)
System memory in use before: 185.5 MB.
System memory in use after: 185.7 MB.

Unloading 11 unused Assets to reduce memory usage. Loaded Objects now: 4654.
Total: 6.454500 ms (FindLiveObjects: 1.087500 ms CreateObjectMapping: 0.307600 ms MarkObjects: 5.026200 ms  DeleteObjects: 0.031000 ms)

========================================================================
Received Prepare
Registering precompiled user dll's ...
Registered in 0.007153 seconds.
Begin MonoManager ReloadAssembly
Native extension for WindowsStandalone target not found
Refreshing native plugins compatible for Editor in 1.36 ms, found 0 plugins.
Preloading 0 native plugins for Editor in 0.00 ms.
Mono: successfully reloaded assembly
- Completed reload, in  2.717 seconds
Platform modules already initialized, skipping
Refreshing native plugins compatible for Editor in 1.44 ms, found 0 plugins.
Preloading 0 native plugins for Editor in 0.00 ms.
Unloading 3792 Unused Serialized files (Serialized files now loaded: 0)
System memory in use before: 185.5 MB.
System memory in use after: 185.8 MB.

Unloading 11 unused Assets to reduce memory usage. Loaded Objects now: 4659.
Total: 7.162300 ms (FindLiveObjects: 0.970800 ms CreateObjectMapping: 0.291100 ms MarkObjects: 5.869900 ms  DeleteObjects: 0.028600 ms)

========================================================================
Received Prepare
Registering precompiled user dll's ...
Registered in 0.008590 seconds.
Begin MonoManager ReloadAssembly
Native extension for WindowsStandalone target not found
Refreshing native plugins compatible for Editor in 1.41 ms, found 0 plugins.
Preloading 0 native plugins for Editor in 0.00 ms.
Mono: successfully reloaded assembly
- Completed reload, in  2.641 seconds
Platform modules already initialized, skipping
Refreshing native plugins compatible for Editor in 1.43 ms, found 0 plugins.
Preloading 0 native plugins for Editor in 0.00 ms.
Unloading 3792 Unused Serialized files (Serialized files now loaded: 0)
System memory in use before: 185.5 MB.
System memory in use after: 185.8 MB.

Unloading 11 unused Assets to reduce memory usage. Loaded Objects now: 4664.
Total: 6.033500 ms (FindLiveObjects: 0.853700 ms CreateObjectMapping: 0.247500 ms MarkObjects: 4.900400 ms  DeleteObjects: 0.030100 ms)

========================================================================
Received Prepare
Registering precompiled user dll's ...
Registered in 0.006732 seconds.
Begin MonoManager ReloadAssembly
Native extension for WindowsStandalone target not found
Refreshing native plugins compatible for Editor in 1.04 ms, found 0 plugins.
Preloading 0 native plugins for Editor in 0.00 ms.
Mono: successfully reloaded assembly
- Completed reload, in  2.373 seconds
Platform modules already initialized, skipping
Refreshing native plugins compatible for Editor in 1.24 ms, found 0 plugins.
Preloading 0 native plugins for Editor in 0.00 ms.
Unloading 3792 Unused Serialized files (Serialized files now loaded: 0)
System memory in use before: 185.5 MB.
System memory in use after: 185.8 MB.

Unloading 11 unused Assets to reduce memory usage. Loaded Objects now: 4669.
Total: 4.881800 ms (FindLiveObjects: 0.695800 ms CreateObjectMapping: 0.227700 ms MarkObjects: 3.921500 ms  DeleteObjects: 0.035400 ms)

========================================================================
Received Prepare
Registering precompiled user dll's ...
Registered in 0.005547 seconds.
Begin MonoManager ReloadAssembly
Native extension for WindowsStandalone target not found
Refreshing native plugins compatible for Editor in 1.22 ms, found 0 plugins.
Preloading 0 native plugins for Editor in 0.00 ms.
Mono: successfully reloaded assembly
- Completed reload, in  2.654 seconds
Platform modules already initialized, skipping
Refreshing native plugins compatible for Editor in 1.46 ms, found 0 plugins.
Preloading 0 native plugins for Editor in 0.00 ms.
Unloading 3792 Unused Serialized files (Serialized files now loaded: 0)
System memory in use before: 185.5 MB.
System memory in use after: 185.8 MB.

Unloading 11 unused Assets to reduce memory usage. Loaded Objects now: 4674.
Total: 5.802500 ms (FindLiveObjects: 0.827800 ms CreateObjectMapping: 0.250100 ms MarkObjects: 4.690500 ms  DeleteObjects: 0.031400 ms)

========================================================================
Received Import Request.
  Time since last request: 3481.656360 seconds.
  path: Assets/Resources/Characters/Humanoids/Dracollarium/Dracollarium.blend
  artifactKey: Guid(ceffc8b195270074db74a9df1127f06e) Importer(815301076,1909f56bfc062723c751e8b465ee728b)
Start importing Assets/Resources/Characters/Humanoids/Dracollarium/Dracollarium.blend using Guid(ceffc8b195270074db74a9df1127f06e) Importer(815301076,1909f56bfc062723c751e8b465ee728b) Launched and connected shader compiler UnityShaderCompiler.exe after 0.42 seconds
Launched and connected shader compiler UnityShaderCompiler.exe after 0.08 seconds
Launched and connected shader compiler UnityShaderCompiler.exe after 0.08 seconds
Launched and connected shader compiler UnityShaderCompiler.exe after 0.07 seconds
Launched and connected shader compiler UnityShaderCompiler.exe after 0.07 seconds
Launched and connected shader compiler UnityShaderCompiler.exe after 0.08 seconds
Launched and connected shader compiler UnityShaderCompiler.exe after 0.09 seconds
 -> (artifact id: 'cda36283da5947d38f747186623a9fe7') in 4.253657 seconds
  Import took 4.297023 seconds .

========================================================================
Received Import Request.
  Time since last request: 128.831384 seconds.
  path: Assets/Resources/Characters/Humanoids/Dracollarium/Dracollarium.blend1
  artifactKey: Guid(372c9e453afcb7c46a759143dc4a0dc1) Importer(815301076,1909f56bfc062723c751e8b465ee728b)
Start importing Assets/Resources/Characters/Humanoids/Dracollarium/Dracollarium.blend1 using Guid(372c9e453afcb7c46a759143dc4a0dc1) Importer(815301076,1909f56bfc062723c751e8b465ee728b)  -> (artifact id: 'cbb47b095c3a167a04930504d5fcef23') in 0.007964 seconds
  Import took 0.027876 seconds .

========================================================================
Received Import Request.
  Time since last request: 41.436459 seconds.
  path: Assets/Resources/Characters/Humanoids/Dracollarium/Dracollarium.blend
  artifactKey: Guid(ceffc8b195270074db74a9df1127f06e) Importer(815301076,1909f56bfc062723c751e8b465ee728b)
Start importing Assets/Resources/Characters/Humanoids/Dracollarium/Dracollarium.blend using Guid(ceffc8b195270074db74a9df1127f06e) Importer(815301076,1909f56bfc062723c751e8b465ee728b)  -> (artifact id: '9bc6f10329242c4d2b66032a5fd0223b') in 0.304244 seconds
  Import took 0.331936 seconds .

========================================================================
Received Import Request.
  Time since last request: 86.915952 seconds.
  path: Assets/Resources/Characters/Humanoids/Dracollarium/Dracollarium.blend
  artifactKey: Guid(ceffc8b195270074db74a9df1127f06e) Importer(815301076,1909f56bfc062723c751e8b465ee728b)
Start importing Assets/Resources/Characters/Humanoids/Dracollarium/Dracollarium.blend using Guid(ceffc8b195270074db74a9df1127f06e) Importer(815301076,1909f56bfc062723c751e8b465ee728b)  -> (artifact id: 'c53430e0050f287a211d8faf4c341a8d') in 0.329935 seconds
  Import took 0.364140 seconds .

========================================================================
Received Prepare
Registering precompiled user dll's ...
Registered in 0.059909 seconds.
Begin MonoManager ReloadAssembly
Native extension for WindowsStandalone target not found
Refreshing native plugins compatible for Editor in 1.12 ms, found 0 plugins.
Preloading 0 native plugins for Editor in 0.00 ms.
Mono: successfully reloaded assembly
- Completed reload, in  2.915 seconds
Platform modules already initialized, skipping
Refreshing native plugins compatible for Editor in 1.10 ms, found 0 plugins.
Preloading 0 native plugins for Editor in 0.00 ms.
Unloading 3805 Unused Serialized files (Serialized files now loaded: 0)
System memory in use before: 211.5 MB.
System memory in use after: 211.7 MB.

Unloading 11 unused Assets to reduce memory usage. Loaded Objects now: 4819.
Total: 6.204200 ms (FindLiveObjects: 1.312500 ms CreateObjectMapping: 0.395000 ms MarkObjects: 4.461500 ms  DeleteObjects: 0.033700 ms)

========================================================================
Received Prepare
Registering precompiled user dll's ...
Registered in 0.007604 seconds.
Begin MonoManager ReloadAssembly
Native extension for WindowsStandalone target not found
Refreshing native plugins compatible for Editor in 1.17 ms, found 0 plugins.
Preloading 0 native plugins for Editor in 0.00 ms.
Mono: successfully reloaded assembly
- Completed reload, in  3.043 seconds
Platform modules already initialized, skipping
Refreshing native plugins compatible for Editor in 1.31 ms, found 0 plugins.
Preloading 0 native plugins for Editor in 0.00 ms.
Unloading 3792 Unused Serialized files (Serialized files now loaded: 0)
System memory in use before: 210.6 MB.
System memory in use after: 210.9 MB.

Unloading 11 unused Assets to reduce memory usage. Loaded Objects now: 4824.
Total: 5.232100 ms (FindLiveObjects: 0.789000 ms CreateObjectMapping: 0.235400 ms MarkObjects: 4.180200 ms  DeleteObjects: 0.026100 ms)

========================================================================
Received Prepare
Registering precompiled user dll's ...
Registered in 0.007653 seconds.
Begin MonoManager ReloadAssembly
Native extension for WindowsStandalone target not found
Refreshing native plugins compatible for Editor in 1.15 ms, found 0 plugins.
Preloading 0 native plugins for Editor in 0.00 ms.
Mono: successfully reloaded assembly
- Completed reload, in  2.647 seconds
Platform modules already initialized, skipping
Refreshing native plugins compatible for Editor in 1.32 ms, found 0 plugins.
Preloading 0 native plugins for Editor in 0.00 ms.
Unloading 3792 Unused Serialized files (Serialized files now loaded: 0)
System memory in use before: 210.7 MB.
System memory in use after: 210.9 MB.

Unloading 11 unused Assets to reduce memory usage. Loaded Objects now: 4829.
Total: 7.367000 ms (FindLiveObjects: 1.083700 ms CreateObjectMapping: 0.380200 ms MarkObjects: 5.847700 ms  DeleteObjects: 0.052500 ms)

========================================================================
Received Prepare
Registering precompiled user dll's ...
Registered in 0.006616 seconds.
Begin MonoManager ReloadAssembly
Native extension for WindowsStandalone target not found
Refreshing native plugins compatible for Editor in 1.30 ms, found 0 plugins.
Preloading 0 native plugins for Editor in 0.00 ms.
Mono: successfully reloaded assembly
- Completed reload, in  2.700 seconds
Platform modules already initialized, skipping
Refreshing native plugins compatible for Editor in 1.44 ms, found 0 plugins.
Preloading 0 native plugins for Editor in 0.00 ms.
Unloading 3792 Unused Serialized files (Serialized files now loaded: 0)
System memory in use before: 210.7 MB.
System memory in use after: 210.9 MB.

Unloading 11 unused Assets to reduce memory usage. Loaded Objects now: 4834.
Total: 7.749400 ms (FindLiveObjects: 1.181800 ms CreateObjectMapping: 0.308400 ms MarkObjects: 6.221700 ms  DeleteObjects: 0.034900 ms)

========================================================================
Received Prepare
Registering precompiled user dll's ...
Registered in 0.005959 seconds.
Begin MonoManager ReloadAssembly
Native extension for WindowsStandalone target not found
Refreshing native plugins compatible for Editor in 1.08 ms, found 0 plugins.
Preloading 0 native plugins for Editor in 0.00 ms.
Mono: successfully reloaded assembly
- Completed reload, in  2.408 seconds
Platform modules already initialized, skipping
Refreshing native plugins compatible for Editor in 1.06 ms, found 0 plugins.
Preloading 0 native plugins for Editor in 0.00 ms.
Unloading 3792 Unused Serialized files (Serialized files now loaded: 0)
System memory in use before: 210.7 MB.
System memory in use after: 210.9 MB.

Unloading 11 unused Assets to reduce memory usage. Loaded Objects now: 4839.
Total: 5.806200 ms (FindLiveObjects: 1.149800 ms CreateObjectMapping: 0.436600 ms MarkObjects: 4.190200 ms  DeleteObjects: 0.027800 ms)

========================================================================
Received Prepare
Registering precompiled user dll's ...
Registered in 0.006802 seconds.
Begin MonoManager ReloadAssembly
Native extension for WindowsStandalone target not found
Refreshing native plugins compatible for Editor in 1.16 ms, found 0 plugins.
Preloading 0 native plugins for Editor in 0.00 ms.
Mono: successfully reloaded assembly
- Completed reload, in  2.543 seconds
Platform modules already initialized, skipping
Refreshing native plugins compatible for Editor in 1.18 ms, found 0 plugins.
Preloading 0 native plugins for Editor in 0.00 ms.
Unloading 3792 Unused Serialized files (Serialized files now loaded: 0)
System memory in use before: 210.7 MB.
System memory in use after: 211.0 MB.

Unloading 11 unused Assets to reduce memory usage. Loaded Objects now: 4844.
Total: 6.502000 ms (FindLiveObjects: 1.037600 ms CreateObjectMapping: 0.382800 ms MarkObjects: 5.048900 ms  DeleteObjects: 0.030500 ms)

========================================================================
Received Prepare
Registering precompiled user dll's ...
Registered in 0.005693 seconds.
Begin MonoManager ReloadAssembly
Native extension for WindowsStandalone target not found
Refreshing native plugins compatible for Editor in 1.54 ms, found 0 plugins.
Preloading 0 native plugins for Editor in 0.00 ms.
Mono: successfully reloaded assembly
- Completed reload, in  2.693 seconds
Platform modules already initialized, skipping
Refreshing native plugins compatible for Editor in 1.26 ms, found 0 plugins.
Preloading 0 native plugins for Editor in 0.00 ms.
Unloading 3792 Unused Serialized files (Serialized files now loaded: 0)
System memory in use before: 210.7 MB.
System memory in use after: 211.0 MB.

Unloading 11 unused Assets to reduce memory usage. Loaded Objects now: 4849.
Total: 6.334700 ms (FindLiveObjects: 1.082700 ms CreateObjectMapping: 0.375900 ms MarkObjects: 4.838100 ms  DeleteObjects: 0.035700 ms)

========================================================================
Received Import Request.
  Time since last request: 3141.574621 seconds.
  path: Assets/Prefabs/Materials
  artifactKey: Guid(1c6b519d8d5b3a14fb350ae9a86c70ab) Importer(815301076,1909f56bfc062723c751e8b465ee728b)
Start importing Assets/Prefabs/Materials using Guid(1c6b519d8d5b3a14fb350ae9a86c70ab) Importer(815301076,1909f56bfc062723c751e8b465ee728b)  -> (artifact id: 'a8107d265b7ecbca68bec79b476f3a3a') in 0.012970 seconds
  Import took 0.030625 seconds .

========================================================================
Received Import Request.
  Time since last request: 9.435999 seconds.
  path: Assets/Prefabs/Materials/Colors
  artifactKey: Guid(34d55a1ffc8657948b86ba2fe3a8293f) Importer(815301076,1909f56bfc062723c751e8b465ee728b)
Start importing Assets/Prefabs/Materials/Colors using Guid(34d55a1ffc8657948b86ba2fe3a8293f) Importer(815301076,1909f56bfc062723c751e8b465ee728b)  -> (artifact id: 'c5b58f1c7e5348401b7d9d75f538c986') in 0.004122 seconds
  Import took 0.024462 seconds .

========================================================================
Received Import Request.
  Time since last request: 14.038807 seconds.
  path: Assets/Prefabs/Materials/Colors/SolidRed.mat
  artifactKey: Guid(9f21ba2d94c0be942ae5baa859bfc72d) Importer(815301076,1909f56bfc062723c751e8b465ee728b)
Start importing Assets/Prefabs/Materials/Colors/SolidRed.mat using Guid(9f21ba2d94c0be942ae5baa859bfc72d) Importer(815301076,1909f56bfc062723c751e8b465ee728b)  -> (artifact id: 'c146119073a85701f59a411bb88c6d90') in 1.599279 seconds
  Import took 1.627677 seconds .

========================================================================
Received Import Request.
  Time since last request: 106.148964 seconds.
  path: Assets/Resources/Characters/Humanoids/Dracollarium/Dracollarium.blend
  artifactKey: Guid(ceffc8b195270074db74a9df1127f06e) Importer(815301076,1909f56bfc062723c751e8b465ee728b)
Start importing Assets/Resources/Characters/Humanoids/Dracollarium/Dracollarium.blend using Guid(ceffc8b195270074db74a9df1127f06e) Importer(815301076,1909f56bfc062723c751e8b465ee728b)  -> (artifact id: 'acfaf7d5f0b9df195a2c7da8d75393e7') in 0.574690 seconds
  Import took 0.614548 seconds .

========================================================================
Received Import Request.
  Time since last request: 172.888596 seconds.
  path: Assets/Prefabs/Materials/Colors/SolidBlue.mat
  artifactKey: Guid(71dda0e5ef0b9e84e8d919c6743ab4ff) Importer(815301076,1909f56bfc062723c751e8b465ee728b)
Start importing Assets/Prefabs/Materials/Colors/SolidBlue.mat using Guid(71dda0e5ef0b9e84e8d919c6743ab4ff) Importer(815301076,1909f56bfc062723c751e8b465ee728b)  -> (artifact id: '2502f75dcdd28a68b73e78e1feb68047') in 0.045161 seconds
  Import took 0.063806 seconds .

========================================================================
Received Import Request.
  Time since last request: 0.000579 seconds.
  path: Assets/Prefabs/Materials/Colors/SolidRed.mat
  artifactKey: Guid(9f21ba2d94c0be942ae5baa859bfc72d) Importer(815301076,1909f56bfc062723c751e8b465ee728b)
Start importing Assets/Prefabs/Materials/Colors/SolidRed.mat using Guid(9f21ba2d94c0be942ae5baa859bfc72d) Importer(815301076,1909f56bfc062723c751e8b465ee728b)  -> (artifact id: 'f6e12a41cefc4b73bc5f471823902788') in 0.038748 seconds
  Import took 0.055310 seconds .

========================================================================
Received Import Request.
  Time since last request: 39.739198 seconds.
  path: Assets/Prefabs/Materials/Colors/SolidBlue.mat
  artifactKey: Guid(71dda0e5ef0b9e84e8d919c6743ab4ff) Importer(815301076,1909f56bfc062723c751e8b465ee728b)
Start importing Assets/Prefabs/Materials/Colors/SolidBlue.mat using Guid(71dda0e5ef0b9e84e8d919c6743ab4ff) Importer(815301076,1909f56bfc062723c751e8b465ee728b)  -> (artifact id: 'da174c7b2daceb26100ab5cb5a127869') in 0.040107 seconds
  Import took 0.063591 seconds .

========================================================================
Received Import Request.
  Time since last request: 0.000534 seconds.
  path: Assets/Prefabs/Materials/Colors/SolidGreen.mat
  artifactKey: Guid(aff81335a50bd0948a33d62521558130) Importer(815301076,1909f56bfc062723c751e8b465ee728b)
Start importing Assets/Prefabs/Materials/Colors/SolidGreen.mat using Guid(aff81335a50bd0948a33d62521558130) Importer(815301076,1909f56bfc062723c751e8b465ee728b)  -> (artifact id: 'f343c7d47d81b48d4e5fe5ba60df6a02') in 0.049901 seconds
  Import took 0.088040 seconds .

========================================================================
Received Import Request.
  Time since last request: 0.000455 seconds.
  path: Assets/Prefabs/Materials/Colors/SolidRed.mat
  artifactKey: Guid(9f21ba2d94c0be942ae5baa859bfc72d) Importer(815301076,1909f56bfc062723c751e8b465ee728b)
Start importing Assets/Prefabs/Materials/Colors/SolidRed.mat using Guid(9f21ba2d94c0be942ae5baa859bfc72d) Importer(815301076,1909f56bfc062723c751e8b465ee728b)  -> (artifact id: 'b80c6e81f3d0097d1cb44bf281de0b5f') in 0.039653 seconds
  Import took 0.052938 seconds .

========================================================================
Received Import Request.
  Time since last request: 46.543955 seconds.
  path: Assets/Prefabs/Materials/Colors/SolidBlue.mat
  artifactKey: Guid(71dda0e5ef0b9e84e8d919c6743ab4ff) Importer(815301076,1909f56bfc062723c751e8b465ee728b)
Start importing Assets/Prefabs/Materials/Colors/SolidBlue.mat using Guid(71dda0e5ef0b9e84e8d919c6743ab4ff) Importer(815301076,1909f56bfc062723c751e8b465ee728b)  -> (artifact id: '895d6ca830e68588a56c75517446caef') in 0.042752 seconds
  Import took 0.056378 seconds .

========================================================================
Received Import Request.
  Time since last request: 0.000423 seconds.
  path: Assets/Prefabs/Materials/Colors/SolidYellow.mat
  artifactKey: Guid(5f95fa7fb7fde92409d3c5d718611225) Importer(815301076,1909f56bfc062723c751e8b465ee728b)
Start importing Assets/Prefabs/Materials/Colors/SolidYellow.mat using Guid(5f95fa7fb7fde92409d3c5d718611225) Importer(815301076,1909f56bfc062723c751e8b465ee728b)  -> (artifact id: '747a852830e1aee227d97371aa12ba64') in 0.043850 seconds
  Import took 0.054126 seconds .

========================================================================
Received Import Request.
  Time since last request: 0.000429 seconds.
  path: Assets/Prefabs/Materials/Colors/SolidGreen.mat
  artifactKey: Guid(aff81335a50bd0948a33d62521558130) Importer(815301076,1909f56bfc062723c751e8b465ee728b)
Start importing Assets/Prefabs/Materials/Colors/SolidGreen.mat using Guid(aff81335a50bd0948a33d62521558130) Importer(815301076,1909f56bfc062723c751e8b465ee728b)  -> (artifact id: '1ad455189145b5974c1f8cfbfc79250c') in 0.039292 seconds
  Import took 0.061699 seconds .

========================================================================
Received Import Request.
  Time since last request: 0.000356 seconds.
  path: Assets/Prefabs/Materials/Colors/SolidRed.mat
  artifactKey: Guid(9f21ba2d94c0be942ae5baa859bfc72d) Importer(815301076,1909f56bfc062723c751e8b465ee728b)
Start importing Assets/Prefabs/Materials/Colors/SolidRed.mat using Guid(9f21ba2d94c0be942ae5baa859bfc72d) Importer(815301076,1909f56bfc062723c751e8b465ee728b)  -> (artifact id: 'de19f592c6ba919e0d72b17b127ece7e') in 0.037521 seconds
  Import took 0.059745 seconds .

========================================================================
Received Import Request.
  Time since last request: 22.103317 seconds.
  path: Assets/Prefabs/Materials/Colors/SolidViolet.mat
  artifactKey: Guid(cf40009cd6fbc32479428eac741e6a00) Importer(815301076,1909f56bfc062723c751e8b465ee728b)
Start importing Assets/Prefabs/Materials/Colors/SolidViolet.mat using Guid(cf40009cd6fbc32479428eac741e6a00) Importer(815301076,1909f56bfc062723c751e8b465ee728b)  -> (artifact id: '35ef038540ad6629cf48fb79c03559fb') in 0.046015 seconds
  Import took 0.064667 seconds .

========================================================================
Received Import Request.
  Time since last request: 0.000379 seconds.
  path: Assets/Prefabs/Materials/Colors/SolidYellow.mat
  artifactKey: Guid(5f95fa7fb7fde92409d3c5d718611225) Importer(815301076,1909f56bfc062723c751e8b465ee728b)
Start importing Assets/Prefabs/Materials/Colors/SolidYellow.mat using Guid(5f95fa7fb7fde92409d3c5d718611225) Importer(815301076,1909f56bfc062723c751e8b465ee728b)  -> (artifact id: '6bb968ac6bb4e65ccbf95ec41d256986') in 0.038640 seconds
  Import took 0.061722 seconds .

========================================================================
Received Import Request.
  Time since last request: 0.001830 seconds.
  path: Assets/Prefabs/Materials/Colors/SolidYellow.mat
  artifactKey: Guid(5f95fa7fb7fde92409d3c5d718611225) Importer(815301076,1909f56bfc062723c751e8b465ee728b)
Start importing Assets/Prefabs/Materials/Colors/SolidYellow.mat using Guid(5f95fa7fb7fde92409d3c5d718611225) Importer(815301076,1909f56bfc062723c751e8b465ee728b)  -> (artifact id: '6bb968ac6bb4e65ccbf95ec41d256986') in 0.040219 seconds
  Import took 0.054100 seconds .

========================================================================
Received Import Request.
  Time since last request: 43.270087 seconds.
  path: Assets/Prefabs/Materials/Colors/SolidPink.mat
  artifactKey: Guid(cf40009cd6fbc32479428eac741e6a00) Importer(815301076,1909f56bfc062723c751e8b465ee728b)
Start importing Assets/Prefabs/Materials/Colors/SolidPink.mat using Guid(cf40009cd6fbc32479428eac741e6a00) Importer(815301076,1909f56bfc062723c751e8b465ee728b)  -> (artifact id: '6542203cd11bfd8d3b4c8a0f69dde449') in 0.057025 seconds
  Import took 0.084250 seconds .

========================================================================
Received Import Request.
  Time since last request: 0.000834 seconds.
  path: Assets/Prefabs/Materials/Colors/SolidWhite.mat
  artifactKey: Guid(c6c7824ec8492c04abe5f4cdf8e3a145) Importer(815301076,1909f56bfc062723c751e8b465ee728b)
Start importing Assets/Prefabs/Materials/Colors/SolidWhite.mat using Guid(c6c7824ec8492c04abe5f4cdf8e3a145) Importer(815301076,1909f56bfc062723c751e8b465ee728b)  -> (artifact id: 'eaf88044a5f2a1622fddf1a2b03afd46') in 0.039304 seconds
  Import took 0.061114 seconds .

========================================================================
Received Import Request.
  Time since last request: 18.625690 seconds.
  path: Assets/Prefabs/Materials/Colors/SolidBlack.mat
  artifactKey: Guid(5e9cde8723471114fbe0b5828bd532e7) Importer(815301076,1909f56bfc062723c751e8b465ee728b)
Start importing Assets/Prefabs/Materials/Colors/SolidBlack.mat using Guid(5e9cde8723471114fbe0b5828bd532e7) Importer(815301076,1909f56bfc062723c751e8b465ee728b)  -> (artifact id: 'a9a9567f7fb4776243fa2a21703f0a4d') in 0.042802 seconds
  Import took 0.068554 seconds .

========================================================================
Received Import Request.
  Time since last request: 0.000560 seconds.
  path: Assets/Prefabs/Materials/Colors/SolidWhite.mat
  artifactKey: Guid(c6c7824ec8492c04abe5f4cdf8e3a145) Importer(815301076,1909f56bfc062723c751e8b465ee728b)
Start importing Assets/Prefabs/Materials/Colors/SolidWhite.mat using Guid(c6c7824ec8492c04abe5f4cdf8e3a145) Importer(815301076,1909f56bfc062723c751e8b465ee728b)  -> (artifact id: 'dfa7a7c38062664be8e1758569682aeb') in 0.039756 seconds
  Import took 0.050557 seconds .

========================================================================
Received Import Request.
  Time since last request: 0.000369 seconds.
  path: Assets/Prefabs/Materials/Colors/SolidBlack.mat
  artifactKey: Guid(5e9cde8723471114fbe0b5828bd532e7) Importer(815301076,1909f56bfc062723c751e8b465ee728b)
Start importing Assets/Prefabs/Materials/Colors/SolidBlack.mat using Guid(5e9cde8723471114fbe0b5828bd532e7) Importer(815301076,1909f56bfc062723c751e8b465ee728b)  -> (artifact id: 'a9a9567f7fb4776243fa2a21703f0a4d') in 0.045745 seconds
  Import took 0.058966 seconds .

========================================================================
Received Import Request.
  Time since last request: 0.000439 seconds.
  path: Assets/Prefabs/Materials/Colors/SolidWhite.mat
  artifactKey: Guid(c6c7824ec8492c04abe5f4cdf8e3a145) Importer(815301076,1909f56bfc062723c751e8b465ee728b)
Start importing Assets/Prefabs/Materials/Colors/SolidWhite.mat using Guid(c6c7824ec8492c04abe5f4cdf8e3a145) Importer(815301076,1909f56bfc062723c751e8b465ee728b)  -> (artifact id: 'dfa7a7c38062664be8e1758569682aeb') in 0.041895 seconds
  Import took 0.053295 seconds .

========================================================================
Received Prepare
Registering precompiled user dll's ...
Registered in 0.007065 seconds.
Begin MonoManager ReloadAssembly
Native extension for WindowsStandalone target not found
Refreshing native plugins compatible for Editor in 1.04 ms, found 0 plugins.
Preloading 0 native plugins for Editor in 0.00 ms.
Mono: successfully reloaded assembly
- Completed reload, in  2.530 seconds
Platform modules already initialized, skipping
Refreshing native plugins compatible for Editor in 1.10 ms, found 0 plugins.
Preloading 0 native plugins for Editor in 0.00 ms.
Unloading 3792 Unused Serialized files (Serialized files now loaded: 0)
System memory in use before: 211.5 MB.
System memory in use after: 211.8 MB.

Unloading 11 unused Assets to reduce memory usage. Loaded Objects now: 4987.
Total: 6.361400 ms (FindLiveObjects: 1.165900 ms CreateObjectMapping: 0.318000 ms MarkObjects: 4.845400 ms  DeleteObjects: 0.030000 ms)

========================================================================
Received Import Request.
  Time since last request: 99.634605 seconds.
  path: Assets/Prefabs/Materials/Colors/SolidBlack.mat
  artifactKey: Guid(5e9cde8723471114fbe0b5828bd532e7) Importer(815301076,1909f56bfc062723c751e8b465ee728b)
Start importing Assets/Prefabs/Materials/Colors/SolidBlack.mat using Guid(5e9cde8723471114fbe0b5828bd532e7) Importer(815301076,1909f56bfc062723c751e8b465ee728b)  -> (artifact id: '12fb768ca4ce7a49752bb21a7ec7253e') in 1.223347 seconds
  Import took 1.236994 seconds .

========================================================================
Received Prepare
Registering precompiled user dll's ...
Registered in 0.012862 seconds.
Begin MonoManager ReloadAssembly
Native extension for WindowsStandalone target not found
Refreshing native plugins compatible for Editor in 8.78 ms, found 0 plugins.
Preloading 0 native plugins for Editor in 0.00 ms.
Mono: successfully reloaded assembly
- Completed reload, in  3.890 seconds
Platform modules already initialized, skipping
Refreshing native plugins compatible for Editor in 2.17 ms, found 0 plugins.
Preloading 0 native plugins for Editor in 0.00 ms.
Unloading 3792 Unused Serialized files (Serialized files now loaded: 0)
System memory in use before: 211.8 MB.
System memory in use after: 212.1 MB.

Unloading 11 unused Assets to reduce memory usage. Loaded Objects now: 5092.
Total: 6.336300 ms (FindLiveObjects: 0.864100 ms CreateObjectMapping: 0.273600 ms MarkObjects: 5.164100 ms  DeleteObjects: 0.032600 ms)

========================================================================
Received Prepare
Registering precompiled user dll's ...
Registered in 0.006749 seconds.
Begin MonoManager ReloadAssembly
Native extension for WindowsStandalone target not found
Refreshing native plugins compatible for Editor in 1.66 ms, found 0 plugins.
Preloading 0 native plugins for Editor in 0.00 ms.
Invalid AssetDatabase path: /Editor/EditorResources/cm_logo_sm.png. Use path relative to the project folder.
UnityEngine.StackTraceUtility:ExtractStackTrace ()
UnityEditor.AssetDatabase:LoadAssetAtPath<UnityEngine.Texture2D> (string)
Cinemachine.Editor.CinemachineSettings:get_CinemachineLogoTexture () (at Library/PackageCache/com.unity.cinemachine@2.6.4/Editor/Windows/CinemachineSettings.cs:205)
Cinemachine.Editor.CinemachineSettings:.cctor () (at Library/PackageCache/com.unity.cinemachine@2.6.4/Editor/Windows/CinemachineSettings.cs:237)
Cinemachine.CinemachineColliderPrefs:.cctor () (at Library/PackageCache/com.unity.cinemachine@2.6.4/Editor/Windows/CinemachineColliderPrefs.cs:61)
System.Runtime.CompilerServices.RuntimeHelpers:RunClassConstructor (System.RuntimeTypeHandle)
UnityEditor.EditorAssemblies:ProcessInitializeOnLoadAttributes (System.Type[])

[Library/PackageCache/com.unity.cinemachine@2.6.4/Editor/Windows/CinemachineSettings.cs line 205]

Mono: successfully reloaded assembly
- Completed reload, in  4.066 seconds
Platform modules already initialized, skipping
Refreshing native plugins compatible for Editor in 1.22 ms, found 0 plugins.
Preloading 0 native plugins for Editor in 0.00 ms.
Unloading 3938 Unused Serialized files (Serialized files now loaded: 0)
System memory in use before: 216.7 MB.
System memory in use after: 217.0 MB.

Unloading 12 unused Assets to reduce memory usage. Loaded Objects now: 5242.
Total: 5.955200 ms (FindLiveObjects: 0.848900 ms CreateObjectMapping: 0.244700 ms MarkObjects: 4.762300 ms  DeleteObjects: 0.097800 ms)

========================================================================
Received Prepare
Registering precompiled user dll's ...
Registered in 0.006838 seconds.
Begin MonoManager ReloadAssembly
Native extension for WindowsStandalone target not found
Refreshing native plugins compatible for Editor in 1.18 ms, found 0 plugins.
Preloading 0 native plugins for Editor in 0.00 ms.
Mono: successfully reloaded assembly
- Completed reload, in  2.667 seconds
Platform modules already initialized, skipping
Refreshing native plugins compatible for Editor in 1.28 ms, found 0 plugins.
Preloading 0 native plugins for Editor in 0.00 ms.
Unloading 3939 Unused Serialized files (Serialized files now loaded: 0)
System memory in use before: 216.8 MB.
System memory in use after: 217.1 MB.

Unloading 13 unused Assets to reduce memory usage. Loaded Objects now: 5248.
Total: 6.838200 ms (FindLiveObjects: 0.838300 ms CreateObjectMapping: 0.251900 ms MarkObjects: 5.664700 ms  DeleteObjects: 0.081600 ms)

========================================================================
Received Prepare
Registering precompiled user dll's ...
Registered in 0.006118 seconds.
Begin MonoManager ReloadAssembly
Native extension for WindowsStandalone target not found
Refreshing native plugins compatible for Editor in 1.26 ms, found 0 plugins.
Preloading 0 native plugins for Editor in 0.00 ms.
Mono: successfully reloaded assembly
- Completed reload, in  3.625 seconds
Platform modules already initialized, skipping
Refreshing native plugins compatible for Editor in 1.17 ms, found 0 plugins.
Preloading 0 native plugins for Editor in 0.00 ms.
Unloading 3938 Unused Serialized files (Serialized files now loaded: 0)
System memory in use before: 216.8 MB.
System memory in use after: 217.1 MB.

Unloading 13 unused Assets to reduce memory usage. Loaded Objects now: 5253.
Total: 6.051700 ms (FindLiveObjects: 0.889200 ms CreateObjectMapping: 0.269000 ms MarkObjects: 4.809900 ms  DeleteObjects: 0.081600 ms)

========================================================================
Received Prepare
Registering precompiled user dll's ...
Registered in 0.027361 seconds.
Begin MonoManager ReloadAssembly
Native extension for WindowsStandalone target not found
Refreshing native plugins compatible for Editor in 1.68 ms, found 0 plugins.
Preloading 0 native plugins for Editor in 0.00 ms.
Mono: successfully reloaded assembly
- Completed reload, in  3.455 seconds
Platform modules already initialized, skipping
Refreshing native plugins compatible for Editor in 1.36 ms, found 0 plugins.
Preloading 0 native plugins for Editor in 0.00 ms.
Unloading 3938 Unused Serialized files (Serialized files now loaded: 0)
System memory in use before: 216.8 MB.
System memory in use after: 217.1 MB.

Unloading 13 unused Assets to reduce memory usage. Loaded Objects now: 5258.
Total: 7.561600 ms (FindLiveObjects: 1.401500 ms CreateObjectMapping: 0.636800 ms MarkObjects: 5.425500 ms  DeleteObjects: 0.095100 ms)

========================================================================
Received Prepare
Registering precompiled user dll's ...
Registered in 0.007141 seconds.
Begin MonoManager ReloadAssembly
Native extension for WindowsStandalone target not found
Refreshing native plugins compatible for Editor in 1.27 ms, found 0 plugins.
Preloading 0 native plugins for Editor in 0.00 ms.
Mono: successfully reloaded assembly
- Completed reload, in  3.087 seconds
Platform modules already initialized, skipping
Refreshing native plugins compatible for Editor in 1.58 ms, found 0 plugins.
Preloading 0 native plugins for Editor in 0.00 ms.
Unloading 3938 Unused Serialized files (Serialized files now loaded: 0)
System memory in use before: 216.8 MB.
System memory in use after: 217.1 MB.

Unloading 13 unused Assets to reduce memory usage. Loaded Objects now: 5263.
Total: 7.480200 ms (FindLiveObjects: 1.329600 ms CreateObjectMapping: 0.434100 ms MarkObjects: 5.628300 ms  DeleteObjects: 0.085700 ms)

========================================================================
Received Import Request.
  Time since last request: 1849.278748 seconds.
  path: Assets/Scripts/Input/PlayerActions.inputactions
  artifactKey: Guid(3537d580c11a8cb4182ee6f58072a727) Importer(815301076,1909f56bfc062723c751e8b465ee728b)
Start importing Assets/Scripts/Input/PlayerActions.inputactions using Guid(3537d580c11a8cb4182ee6f58072a727) Importer(815301076,1909f56bfc062723c751e8b465ee728b)  -> (artifact id: '3c8007d0986d292499fe7509a2c4c1d7') in 0.113985 seconds
  Import took 0.131478 seconds .

========================================================================
Received Prepare
Registering precompiled user dll's ...
Registered in 0.006793 seconds.
Begin MonoManager ReloadAssembly
Native extension for WindowsStandalone target not found
Refreshing native plugins compatible for Editor in 1.25 ms, found 0 plugins.
Preloading 0 native plugins for Editor in 0.00 ms.
Mono: successfully reloaded assembly
- Completed reload, in  3.148 seconds
Platform modules already initialized, skipping
Refreshing native plugins compatible for Editor in 1.39 ms, found 0 plugins.
Preloading 0 native plugins for Editor in 0.00 ms.
Unloading 3938 Unused Serialized files (Serialized files now loaded: 0)
System memory in use before: 216.8 MB.
System memory in use after: 217.1 MB.

Unloading 13 unused Assets to reduce memory usage. Loaded Objects now: 5268.
Total: 8.131700 ms (FindLiveObjects: 1.549300 ms CreateObjectMapping: 0.549200 ms MarkObjects: 5.931300 ms  DeleteObjects: 0.099500 ms)

========================================================================
Received Prepare
Registering precompiled user dll's ...
Registered in 0.006592 seconds.
Begin MonoManager ReloadAssembly
Native extension for WindowsStandalone target not found
Refreshing native plugins compatible for Editor in 1.41 ms, found 0 plugins.
Preloading 0 native plugins for Editor in 0.00 ms.
Mono: successfully reloaded assembly
- Completed reload, in  2.864 seconds
Platform modules already initialized, skipping
Refreshing native plugins compatible for Editor in 1.31 ms, found 0 plugins.
Preloading 0 native plugins for Editor in 0.00 ms.
Unloading 3938 Unused Serialized files (Serialized files now loaded: 0)
System memory in use before: 216.9 MB.
System memory in use after: 217.1 MB.

Unloading 13 unused Assets to reduce memory usage. Loaded Objects now: 5273.
Total: 8.815900 ms (FindLiveObjects: 0.994400 ms CreateObjectMapping: 0.256800 ms MarkObjects: 7.470800 ms  DeleteObjects: 0.091300 ms)

========================================================================
Received Prepare
Registering precompiled user dll's ...
Registered in 0.007134 seconds.
Begin MonoManager ReloadAssembly
Native extension for WindowsStandalone target not found
Refreshing native plugins compatible for Editor in 1.04 ms, found 0 plugins.
Preloading 0 native plugins for Editor in 0.00 ms.
Mono: successfully reloaded assembly
- Completed reload, in  2.979 seconds
Platform modules already initialized, skipping
Refreshing native plugins compatible for Editor in 1.19 ms, found 0 plugins.
Preloading 0 native plugins for Editor in 0.00 ms.
Unloading 3938 Unused Serialized files (Serialized files now loaded: 0)
System memory in use before: 216.9 MB.
System memory in use after: 217.1 MB.

Unloading 13 unused Assets to reduce memory usage. Loaded Objects now: 5278.
Total: 6.371500 ms (FindLiveObjects: 1.842500 ms CreateObjectMapping: 0.320500 ms MarkObjects: 4.126800 ms  DeleteObjects: 0.080100 ms)

========================================================================
Received Prepare
Registering precompiled user dll's ...
Registered in 0.006074 seconds.
Begin MonoManager ReloadAssembly
Native extension for WindowsStandalone target not found
Refreshing native plugins compatible for Editor in 1.16 ms, found 0 plugins.
Preloading 0 native plugins for Editor in 0.00 ms.
Mono: successfully reloaded assembly
- Completed reload, in  2.672 seconds
Platform modules already initialized, skipping
Refreshing native plugins compatible for Editor in 1.37 ms, found 0 plugins.
Preloading 0 native plugins for Editor in 0.00 ms.
Unloading 3938 Unused Serialized files (Serialized files now loaded: 0)
System memory in use before: 216.9 MB.
System memory in use after: 217.1 MB.

Unloading 13 unused Assets to reduce memory usage. Loaded Objects now: 5283.
Total: 7.694900 ms (FindLiveObjects: 1.156600 ms CreateObjectMapping: 0.416200 ms MarkObjects: 6.039700 ms  DeleteObjects: 0.080200 ms)

========================================================================
Received Import Request.
  Time since last request: 1441.817473 seconds.
  path: Assets/Scripts/PlayerMovement.cs
  artifactKey: Guid(c27eebc82aa4daf4db372e74ee204385) Importer(815301076,1909f56bfc062723c751e8b465ee728b)
Start importing Assets/Scripts/PlayerMovement.cs using Guid(c27eebc82aa4daf4db372e74ee204385) Importer(815301076,1909f56bfc062723c751e8b465ee728b)  -> (artifact id: '64e8c25c1b7427e8763c46ddc1f64e98') in 0.019884 seconds
  Import took 0.033181 seconds .

AssetImportWorkerClient::OnTransportError - code=2 error=End of file
