Using pre-set license
Built from '2020.3/staging' branch; Version is '2020.3.5f1 (8095aa901b9b) revision 8426922'; Using compiler version '192528614'; Build Type 'Release'
OS: 'Windows 10 Pro; OS build 19042.928; Version 2009; 64bit' Language: 'es' Physical Memory: 8140 MB
BatchMode: 1, IsHumanControllingUs: 0, StartBugReporterOnCrash: 0, Is64bit: 1, IsPro: 0

 COMMAND LINE ARGUMENTS:
D:\Program Files\Unity\2020.3.5f1\Editor\Unity.exe
-adb2
-batchMode
-noUpm
-name
AssetImportWorker0
-projectPath
D:/MisProyectos/Dracollarium/Project-Dracollarium
-logFile
Logs/AssetImportWorker0.log
-srvPort
50227
Successfully changed project path to: D:/MisProyectos/Dracollarium/Project-Dracollarium
D:/MisProyectos/Dracollarium/Project-Dracollarium
Using Asset Import Pipeline V2.
Refreshing native plugins compatible for Editor in 442.88 ms, found 0 plugins.
Preloading 0 native plugins for Editor in 0.00 ms.
Initialize engine version: 2020.3.5f1 (8095aa901b9b)
[Subsystems] Discovering subsystems at path D:/Program Files/Unity/2020.3.5f1/Editor/Data/Resources/UnitySubsystems
[Subsystems] Discovering subsystems at path D:/MisProyectos/Dracollarium/Project-Dracollarium/Assets
GfxDevice: creating device client; threaded=0
Direct3D:
    Version:  Direct3D 11.0 [level 11.1]
    Renderer: Radeon RX 580 Series (ID=0x67df)
    Vendor:   
    VRAM:     8171 MB
    Driver:   27.20.1034.6
Initialize mono
Mono path[0] = 'D:/Program Files/Unity/2020.3.5f1/Editor/Data/Managed'
Mono path[1] = 'D:/Program Files/Unity/2020.3.5f1/Editor/Data/MonoBleedingEdge/lib/mono/unityjit'
Mono config path = 'D:/Program Files/Unity/2020.3.5f1/Editor/Data/MonoBleedingEdge/etc'
Using monoOptions --debugger-agent=transport=dt_socket,embedding=1,server=y,suspend=n,address=127.0.0.1:56300
Begin MonoManager ReloadAssembly
Registering precompiled unity dll's ...
Register platform support module: D:/Program Files/Unity/2020.3.5f1/Editor/Data/PlaybackEngines/WindowsStandaloneSupport/UnityEditor.WindowsStandalone.Extensions.dll
Registered in 0.003539 seconds.
Native extension for WindowsStandalone target not found
Refreshing native plugins compatible for Editor in 437.90 ms, found 0 plugins.
Preloading 0 native plugins for Editor in 0.00 ms.
Mono: successfully reloaded assembly
- Completed reload, in  4.948 seconds
Platform modules already initialized, skipping
Registering precompiled user dll's ...
Registered in 0.019286 seconds.
Begin MonoManager ReloadAssembly
Native extension for WindowsStandalone target not found
Refreshing native plugins compatible for Editor in 500.90 ms, found 0 plugins.
Preloading 0 native plugins for Editor in 0.00 ms.
Mono: successfully reloaded assembly
- Completed reload, in 10.777 seconds
Platform modules already initialized, skipping
========================================================================
Worker process is ready to serve import requests
Launched and connected shader compiler UnityShaderCompiler.exe after 0.54 seconds
Refreshing native plugins compatible for Editor in 2.01 ms, found 0 plugins.
Preloading 0 native plugins for Editor in 0.00 ms.
Unloading 4212 Unused Serialized files (Serialized files now loaded: 0)
System memory in use before: 204.7 MB.
System memory in use after: 204.9 MB.

Unloading 18 unused Assets to reduce memory usage. Loaded Objects now: 4672.
Total: 13.591400 ms (FindLiveObjects: 1.350600 ms CreateObjectMapping: 0.394600 ms MarkObjects: 11.379900 ms  DeleteObjects: 0.460500 ms)

========================================================================
Received Import Request.
  path: Assets/Scripts/Camera/CameraFollow.cs
  artifactKey: Guid(1ecf730fce7808143a38599fde946459) Importer(815301076,1909f56bfc062723c751e8b465ee728b)
Start importing Assets/Scripts/Camera/CameraFollow.cs using Guid(1ecf730fce7808143a38599fde946459) Importer(815301076,1909f56bfc062723c751e8b465ee728b)  -> (artifact id: 'ba010d2fb75f6a731634a60d581d5c17') in 0.386587 seconds
  Import took 1.099942 seconds .

========================================================================
Received Import Request.
  Time since last request: 358.386056 seconds.
  path: Assets/Scripts/Camera/CameraFollow.cs
  artifactKey: Guid(1ecf730fce7808143a38599fde946459) Importer(815301076,1909f56bfc062723c751e8b465ee728b)
Start importing Assets/Scripts/Camera/CameraFollow.cs using Guid(1ecf730fce7808143a38599fde946459) Importer(815301076,1909f56bfc062723c751e8b465ee728b)  -> (artifact id: 'd76fb734e1c163944dd45c0f5b62b0cf') in 0.004532 seconds
  Import took 0.050446 seconds .

========================================================================
Received Prepare
Registering precompiled user dll's ...
Registered in 0.015361 seconds.
Begin MonoManager ReloadAssembly
Native extension for WindowsStandalone target not found
Refreshing native plugins compatible for Editor in 2.31 ms, found 0 plugins.
Preloading 0 native plugins for Editor in 0.00 ms.
Mono: successfully reloaded assembly
- Completed reload, in  5.396 seconds
Platform modules already initialized, skipping
Refreshing native plugins compatible for Editor in 2.44 ms, found 0 plugins.
Preloading 0 native plugins for Editor in 0.00 ms.
Unloading 3937 Unused Serialized files (Serialized files now loaded: 0)
System memory in use before: 190.4 MB.
System memory in use after: 190.7 MB.

Unloading 12 unused Assets to reduce memory usage. Loaded Objects now: 4677.
Total: 11.863900 ms (FindLiveObjects: 2.106100 ms CreateObjectMapping: 0.780400 ms MarkObjects: 8.921900 ms  DeleteObjects: 0.053000 ms)

========================================================================
Received Prepare
Registering precompiled user dll's ...
Registered in 0.009553 seconds.
Begin MonoManager ReloadAssembly
Native extension for WindowsStandalone target not found
Refreshing native plugins compatible for Editor in 1.80 ms, found 0 plugins.
Preloading 0 native plugins for Editor in 0.00 ms.
Mono: successfully reloaded assembly
- Completed reload, in  5.050 seconds
Platform modules already initialized, skipping
Refreshing native plugins compatible for Editor in 7.15 ms, found 0 plugins.
Preloading 0 native plugins for Editor in 0.00 ms.
Unloading 3937 Unused Serialized files (Serialized files now loaded: 0)
System memory in use before: 190.5 MB.
System memory in use after: 190.7 MB.

Unloading 12 unused Assets to reduce memory usage. Loaded Objects now: 4682.
Total: 8.812700 ms (FindLiveObjects: 1.157300 ms CreateObjectMapping: 0.344500 ms MarkObjects: 7.244000 ms  DeleteObjects: 0.063800 ms)

========================================================================
Received Import Request.
  Time since last request: 98.932067 seconds.
  path: Assets/Scripts/Camera/CameraFollow.cs
  artifactKey: Guid(1ecf730fce7808143a38599fde946459) Importer(815301076,1909f56bfc062723c751e8b465ee728b)
Start importing Assets/Scripts/Camera/CameraFollow.cs using Guid(1ecf730fce7808143a38599fde946459) Importer(815301076,1909f56bfc062723c751e8b465ee728b)  -> (artifact id: '20d41eb9647349357cf19377320af49c') in 0.027071 seconds
  Import took 0.140936 seconds .

========================================================================
Received Prepare
Registering precompiled user dll's ...
Registered in 0.007329 seconds.
Begin MonoManager ReloadAssembly
Native extension for WindowsStandalone target not found
Refreshing native plugins compatible for Editor in 1.26 ms, found 0 plugins.
Preloading 0 native plugins for Editor in 0.00 ms.
Mono: successfully reloaded assembly
- Completed reload, in  2.799 seconds
Platform modules already initialized, skipping
Refreshing native plugins compatible for Editor in 1.29 ms, found 0 plugins.
Preloading 0 native plugins for Editor in 0.00 ms.
Unloading 3937 Unused Serialized files (Serialized files now loaded: 0)
System memory in use before: 190.5 MB.
System memory in use after: 190.8 MB.

Unloading 12 unused Assets to reduce memory usage. Loaded Objects now: 4687.
Total: 6.116600 ms (FindLiveObjects: 1.018900 ms CreateObjectMapping: 0.299700 ms MarkObjects: 4.761300 ms  DeleteObjects: 0.033900 ms)

========================================================================
Received Prepare
Registering precompiled user dll's ...
Registered in 0.008991 seconds.
Begin MonoManager ReloadAssembly
Native extension for WindowsStandalone target not found
Refreshing native plugins compatible for Editor in 1.96 ms, found 0 plugins.
Preloading 0 native plugins for Editor in 0.00 ms.
Mono: successfully reloaded assembly
- Completed reload, in  4.690 seconds
Platform modules already initialized, skipping
Refreshing native plugins compatible for Editor in 3.65 ms, found 0 plugins.
Preloading 0 native plugins for Editor in 0.00 ms.
Unloading 3937 Unused Serialized files (Serialized files now loaded: 0)
System memory in use before: 190.5 MB.
System memory in use after: 190.8 MB.

Unloading 12 unused Assets to reduce memory usage. Loaded Objects now: 4692.
Total: 16.403100 ms (FindLiveObjects: 1.876100 ms CreateObjectMapping: 0.750000 ms MarkObjects: 13.709500 ms  DeleteObjects: 0.064200 ms)

========================================================================
Received Prepare
Registering precompiled user dll's ...
Registered in 0.014486 seconds.
Begin MonoManager ReloadAssembly
Native extension for WindowsStandalone target not found
Refreshing native plugins compatible for Editor in 1.33 ms, found 0 plugins.
Preloading 0 native plugins for Editor in 0.00 ms.
Mono: successfully reloaded assembly
- Completed reload, in  4.763 seconds
Platform modules already initialized, skipping
Refreshing native plugins compatible for Editor in 4.04 ms, found 0 plugins.
Preloading 0 native plugins for Editor in 0.00 ms.
Unloading 3937 Unused Serialized files (Serialized files now loaded: 0)
System memory in use before: 190.6 MB.
System memory in use after: 190.8 MB.

Unloading 12 unused Assets to reduce memory usage. Loaded Objects now: 4697.
Total: 16.384400 ms (FindLiveObjects: 4.212800 ms CreateObjectMapping: 2.444700 ms MarkObjects: 9.625200 ms  DeleteObjects: 0.049700 ms)

========================================================================
Received Prepare
Registering precompiled user dll's ...
Registered in 0.012774 seconds.
Begin MonoManager ReloadAssembly
Native extension for WindowsStandalone target not found
Refreshing native plugins compatible for Editor in 2.08 ms, found 0 plugins.
Preloading 0 native plugins for Editor in 0.00 ms.
Mono: successfully reloaded assembly
- Completed reload, in  4.163 seconds
Platform modules already initialized, skipping
Refreshing native plugins compatible for Editor in 3.66 ms, found 0 plugins.
Preloading 0 native plugins for Editor in 0.00 ms.
Unloading 3937 Unused Serialized files (Serialized files now loaded: 0)
System memory in use before: 190.6 MB.
System memory in use after: 190.8 MB.

Unloading 12 unused Assets to reduce memory usage. Loaded Objects now: 4702.
Total: 22.101400 ms (FindLiveObjects: 6.924000 ms CreateObjectMapping: 0.885300 ms MarkObjects: 14.209800 ms  DeleteObjects: 0.079100 ms)

========================================================================
Received Prepare
Registering precompiled user dll's ...
Registered in 0.007387 seconds.
Begin MonoManager ReloadAssembly
Native extension for WindowsStandalone target not found
Refreshing native plugins compatible for Editor in 1.99 ms, found 0 plugins.
Preloading 0 native plugins for Editor in 0.00 ms.
Mono: successfully reloaded assembly
- Completed reload, in  6.206 seconds
Platform modules already initialized, skipping
Refreshing native plugins compatible for Editor in 3.26 ms, found 0 plugins.
Preloading 0 native plugins for Editor in 0.00 ms.
Unloading 3937 Unused Serialized files (Serialized files now loaded: 0)
System memory in use before: 190.6 MB.
System memory in use after: 190.8 MB.

Unloading 12 unused Assets to reduce memory usage. Loaded Objects now: 4707.
Total: 12.951200 ms (FindLiveObjects: 2.090500 ms CreateObjectMapping: 1.037700 ms MarkObjects: 9.752200 ms  DeleteObjects: 0.066000 ms)

========================================================================
Received Prepare
Registering precompiled user dll's ...
Registered in 0.032149 seconds.
Begin MonoManager ReloadAssembly
Native extension for WindowsStandalone target not found
Refreshing native plugins compatible for Editor in 1.22 ms, found 0 plugins.
Preloading 0 native plugins for Editor in 0.00 ms.
Mono: successfully reloaded assembly
- Completed reload, in  2.323 seconds
Platform modules already initialized, skipping
Refreshing native plugins compatible for Editor in 1.02 ms, found 0 plugins.
Preloading 0 native plugins for Editor in 0.00 ms.
Unloading 3937 Unused Serialized files (Serialized files now loaded: 0)
System memory in use before: 190.6 MB.
System memory in use after: 190.8 MB.

Unloading 12 unused Assets to reduce memory usage. Loaded Objects now: 4712.
Total: 4.869400 ms (FindLiveObjects: 0.867900 ms CreateObjectMapping: 0.296200 ms MarkObjects: 3.672900 ms  DeleteObjects: 0.030900 ms)

========================================================================
Received Prepare
Registering precompiled user dll's ...
Registered in 0.005742 seconds.
Begin MonoManager ReloadAssembly
Native extension for WindowsStandalone target not found
Refreshing native plugins compatible for Editor in 1.44 ms, found 0 plugins.
Preloading 0 native plugins for Editor in 0.00 ms.
Mono: successfully reloaded assembly
- Completed reload, in  2.575 seconds
Platform modules already initialized, skipping
Refreshing native plugins compatible for Editor in 1.37 ms, found 0 plugins.
Preloading 0 native plugins for Editor in 0.00 ms.
Unloading 3937 Unused Serialized files (Serialized files now loaded: 0)
System memory in use before: 190.6 MB.
System memory in use after: 190.9 MB.

Unloading 12 unused Assets to reduce memory usage. Loaded Objects now: 4717.
Total: 6.158800 ms (FindLiveObjects: 0.932000 ms CreateObjectMapping: 0.307600 ms MarkObjects: 4.888500 ms  DeleteObjects: 0.028300 ms)

========================================================================
Received Prepare
Registering precompiled user dll's ...
Registered in 0.005559 seconds.
Begin MonoManager ReloadAssembly
Native extension for WindowsStandalone target not found
Refreshing native plugins compatible for Editor in 1.09 ms, found 0 plugins.
Preloading 0 native plugins for Editor in 0.00 ms.
Mono: successfully reloaded assembly
- Completed reload, in  2.271 seconds
Platform modules already initialized, skipping
Refreshing native plugins compatible for Editor in 1.16 ms, found 0 plugins.
Preloading 0 native plugins for Editor in 0.00 ms.
Unloading 3937 Unused Serialized files (Serialized files now loaded: 0)
System memory in use before: 190.6 MB.
System memory in use after: 190.9 MB.

Unloading 12 unused Assets to reduce memory usage. Loaded Objects now: 4722.
Total: 8.790400 ms (FindLiveObjects: 1.086500 ms CreateObjectMapping: 0.289600 ms MarkObjects: 7.378400 ms  DeleteObjects: 0.032700 ms)

========================================================================
Received Import Request.
  Time since last request: 2676.598038 seconds.
  path: Assets/Scripts/PlayerMovement.cs
  artifactKey: Guid(c27eebc82aa4daf4db372e74ee204385) Importer(815301076,1909f56bfc062723c751e8b465ee728b)
Start importing Assets/Scripts/PlayerMovement.cs using Guid(c27eebc82aa4daf4db372e74ee204385) Importer(815301076,1909f56bfc062723c751e8b465ee728b)  -> (artifact id: '136a80f46072803b56c50f246c2c2cbb') in 0.041734 seconds
  Import took 0.085623 seconds .

========================================================================
Received Prepare
Registering precompiled user dll's ...
Registered in 0.007495 seconds.
Begin MonoManager ReloadAssembly
Native extension for WindowsStandalone target not found
Refreshing native plugins compatible for Editor in 1.92 ms, found 0 plugins.
Preloading 0 native plugins for Editor in 0.00 ms.
Mono: successfully reloaded assembly
- Completed reload, in  3.786 seconds
Platform modules already initialized, skipping
Refreshing native plugins compatible for Editor in 1.55 ms, found 0 plugins.
Preloading 0 native plugins for Editor in 0.00 ms.
Unloading 3937 Unused Serialized files (Serialized files now loaded: 0)
System memory in use before: 190.6 MB.
System memory in use after: 190.9 MB.

Unloading 12 unused Assets to reduce memory usage. Loaded Objects now: 4727.
Total: 12.642300 ms (FindLiveObjects: 3.020200 ms CreateObjectMapping: 0.469600 ms MarkObjects: 9.105600 ms  DeleteObjects: 0.042700 ms)

========================================================================
Received Import Request.
  Time since last request: 112.559587 seconds.
  path: Assets/Scripts/PlayerMovement.cs
  artifactKey: Guid(c27eebc82aa4daf4db372e74ee204385) Importer(815301076,1909f56bfc062723c751e8b465ee728b)
Start importing Assets/Scripts/PlayerMovement.cs using Guid(c27eebc82aa4daf4db372e74ee204385) Importer(815301076,1909f56bfc062723c751e8b465ee728b)  -> (artifact id: 'a19184951d43159ab6f6ff03e0f25efc') in 0.020469 seconds
  Import took 0.080242 seconds .

========================================================================
Received Prepare
Registering precompiled user dll's ...
Registered in 0.009319 seconds.
Begin MonoManager ReloadAssembly
Native extension for WindowsStandalone target not found
Refreshing native plugins compatible for Editor in 1.27 ms, found 0 plugins.
Preloading 0 native plugins for Editor in 0.00 ms.
Mono: successfully reloaded assembly
- Completed reload, in  3.791 seconds
Platform modules already initialized, skipping
Refreshing native plugins compatible for Editor in 1.58 ms, found 0 plugins.
Preloading 0 native plugins for Editor in 0.00 ms.
Unloading 3937 Unused Serialized files (Serialized files now loaded: 0)
System memory in use before: 190.6 MB.
System memory in use after: 190.9 MB.

Unloading 12 unused Assets to reduce memory usage. Loaded Objects now: 4732.
Total: 9.831000 ms (FindLiveObjects: 1.409200 ms CreateObjectMapping: 0.343400 ms MarkObjects: 7.530700 ms  DeleteObjects: 0.543400 ms)

========================================================================
Received Import Request.
  Time since last request: 562.952808 seconds.
  path: Assets/Scripts/PlayerMovement.cs
  artifactKey: Guid(c27eebc82aa4daf4db372e74ee204385) Importer(815301076,1909f56bfc062723c751e8b465ee728b)
Start importing Assets/Scripts/PlayerMovement.cs using Guid(c27eebc82aa4daf4db372e74ee204385) Importer(815301076,1909f56bfc062723c751e8b465ee728b)  -> (artifact id: '7b0c91c3aae1eb324cb9e5c42b005d35') in 0.017368 seconds
  Import took 0.079438 seconds .

========================================================================
Received Prepare
Registering precompiled user dll's ...
Registered in 0.010865 seconds.
Begin MonoManager ReloadAssembly
Native extension for WindowsStandalone target not found
Refreshing native plugins compatible for Editor in 2.35 ms, found 0 plugins.
Preloading 0 native plugins for Editor in 0.00 ms.
Mono: successfully reloaded assembly
- Completed reload, in  3.055 seconds
Platform modules already initialized, skipping
Refreshing native plugins compatible for Editor in 1.28 ms, found 0 plugins.
Preloading 0 native plugins for Editor in 0.00 ms.
Unloading 3937 Unused Serialized files (Serialized files now loaded: 0)
System memory in use before: 190.6 MB.
System memory in use after: 190.9 MB.

Unloading 12 unused Assets to reduce memory usage. Loaded Objects now: 4737.
Total: 14.291000 ms (FindLiveObjects: 4.446100 ms CreateObjectMapping: 0.661600 ms MarkObjects: 9.124700 ms  DeleteObjects: 0.053600 ms)

========================================================================
Received Import Request.
  Time since last request: 415.380218 seconds.
  path: Assets/Scripts/Input/PlayerInput.cs
  artifactKey: Guid(8d1db845eae9c64438bda43b60e58d06) Importer(815301076,1909f56bfc062723c751e8b465ee728b)
Start importing Assets/Scripts/Input/PlayerInput.cs using Guid(8d1db845eae9c64438bda43b60e58d06) Importer(815301076,1909f56bfc062723c751e8b465ee728b)  -> (artifact id: '9074293fcd29a0162635ce50b9b54ea2') in 0.016207 seconds
  Import took 0.053214 seconds .

========================================================================
Received Prepare
Registering precompiled user dll's ...
Registered in 0.026173 seconds.
Begin MonoManager ReloadAssembly
Native extension for WindowsStandalone target not found
Refreshing native plugins compatible for Editor in 1.22 ms, found 0 plugins.
Preloading 0 native plugins for Editor in 0.00 ms.
Mono: successfully reloaded assembly
- Completed reload, in  2.846 seconds
Platform modules already initialized, skipping
Refreshing native plugins compatible for Editor in 1.21 ms, found 0 plugins.
Preloading 0 native plugins for Editor in 0.00 ms.
Unloading 3937 Unused Serialized files (Serialized files now loaded: 0)
System memory in use before: 190.6 MB.
System memory in use after: 190.9 MB.

Unloading 12 unused Assets to reduce memory usage. Loaded Objects now: 4742.
Total: 5.237600 ms (FindLiveObjects: 0.863000 ms CreateObjectMapping: 0.252900 ms MarkObjects: 4.091100 ms  DeleteObjects: 0.028100 ms)

========================================================================
Received Prepare
Registering precompiled user dll's ...
Registered in 0.006451 seconds.
Begin MonoManager ReloadAssembly
Native extension for WindowsStandalone target not found
Refreshing native plugins compatible for Editor in 1.32 ms, found 0 plugins.
Preloading 0 native plugins for Editor in 0.00 ms.
Mono: successfully reloaded assembly
- Completed reload, in  2.902 seconds
Platform modules already initialized, skipping
Refreshing native plugins compatible for Editor in 1.61 ms, found 0 plugins.
Preloading 0 native plugins for Editor in 0.00 ms.
Unloading 3937 Unused Serialized files (Serialized files now loaded: 0)
System memory in use before: 190.7 MB.
System memory in use after: 190.9 MB.

Unloading 12 unused Assets to reduce memory usage. Loaded Objects now: 4747.
Total: 7.100300 ms (FindLiveObjects: 1.645500 ms CreateObjectMapping: 0.558200 ms MarkObjects: 4.859400 ms  DeleteObjects: 0.034100 ms)

========================================================================
Received Import Request.
  Time since last request: 948.904013 seconds.
  path: Assets/Scripts/PlayerMovement.cs
  artifactKey: Guid(c27eebc82aa4daf4db372e74ee204385) Importer(815301076,1909f56bfc062723c751e8b465ee728b)
Start importing Assets/Scripts/PlayerMovement.cs using Guid(c27eebc82aa4daf4db372e74ee204385) Importer(815301076,1909f56bfc062723c751e8b465ee728b)  -> (artifact id: 'd1149c9d9b77e04d1bd3c11f25e28ef2') in 0.019956 seconds
  Import took 0.045988 seconds .

========================================================================
Received Import Request.
  Time since last request: 13.479111 seconds.
  path: Assets/Scripts/PlayerFreeMovement.cs
  artifactKey: Guid(c27eebc82aa4daf4db372e74ee204385) Importer(815301076,1909f56bfc062723c751e8b465ee728b)
Start importing Assets/Scripts/PlayerFreeMovement.cs using Guid(c27eebc82aa4daf4db372e74ee204385) Importer(815301076,1909f56bfc062723c751e8b465ee728b)  -> (artifact id: '844af81afff93a713566c090d6df2985') in 0.003471 seconds
  Import took 0.043194 seconds .

========================================================================
Received Import Request.
  Time since last request: 0.002502 seconds.
  path: Assets/Scripts/PlayerFreeMovement.cs
  artifactKey: Guid(c27eebc82aa4daf4db372e74ee204385) Importer(815301076,1909f56bfc062723c751e8b465ee728b)
Start importing Assets/Scripts/PlayerFreeMovement.cs using Guid(c27eebc82aa4daf4db372e74ee204385) Importer(815301076,1909f56bfc062723c751e8b465ee728b)  -> (artifact id: '844af81afff93a713566c090d6df2985') in 0.009494 seconds
  Import took 0.074690 seconds .

========================================================================
Received Prepare
Registering precompiled user dll's ...
Registered in 0.039394 seconds.
Begin MonoManager ReloadAssembly
Native extension for WindowsStandalone target not found
Refreshing native plugins compatible for Editor in 1.41 ms, found 0 plugins.
Preloading 0 native plugins for Editor in 0.00 ms.
Mono: successfully reloaded assembly
- Completed reload, in  3.585 seconds
Platform modules already initialized, skipping
Refreshing native plugins compatible for Editor in 1.58 ms, found 0 plugins.
Preloading 0 native plugins for Editor in 0.00 ms.
Unloading 3937 Unused Serialized files (Serialized files now loaded: 0)
System memory in use before: 190.7 MB.
System memory in use after: 190.9 MB.

Unloading 12 unused Assets to reduce memory usage. Loaded Objects now: 4752.
Total: 7.917700 ms (FindLiveObjects: 1.179400 ms CreateObjectMapping: 0.321700 ms MarkObjects: 6.362700 ms  DeleteObjects: 0.050800 ms)

========================================================================
Received Prepare
Registering precompiled user dll's ...
Registered in 0.016288 seconds.
Begin MonoManager ReloadAssembly
Native extension for WindowsStandalone target not found
Refreshing native plugins compatible for Editor in 1.62 ms, found 0 plugins.
Preloading 0 native plugins for Editor in 0.00 ms.
Mono: successfully reloaded assembly
- Completed reload, in  3.067 seconds
Platform modules already initialized, skipping
Refreshing native plugins compatible for Editor in 1.49 ms, found 0 plugins.
Preloading 0 native plugins for Editor in 0.00 ms.
Unloading 3937 Unused Serialized files (Serialized files now loaded: 0)
System memory in use before: 190.7 MB.
System memory in use after: 190.9 MB.

Unloading 12 unused Assets to reduce memory usage. Loaded Objects now: 4757.
Total: 6.624200 ms (FindLiveObjects: 1.523900 ms CreateObjectMapping: 0.497100 ms MarkObjects: 4.571600 ms  DeleteObjects: 0.028400 ms)

========================================================================
Received Import Request.
  Time since last request: 105.326549 seconds.
  path: Assets/Scripts/PlayerFreeMovement.cs
  artifactKey: Guid(c27eebc82aa4daf4db372e74ee204385) Importer(815301076,1909f56bfc062723c751e8b465ee728b)
Start importing Assets/Scripts/PlayerFreeMovement.cs using Guid(c27eebc82aa4daf4db372e74ee204385) Importer(815301076,1909f56bfc062723c751e8b465ee728b)  -> (artifact id: '341661c32fa78eb3bce7f8eda23ef788') in 0.013574 seconds
  Import took 0.049098 seconds .

========================================================================
Received Import Request.
  Time since last request: 0.000456 seconds.
  path: Assets/Scripts/Camera/CameraFreeLookFollow.cs
  artifactKey: Guid(1ecf730fce7808143a38599fde946459) Importer(815301076,1909f56bfc062723c751e8b465ee728b)
Start importing Assets/Scripts/Camera/CameraFreeLookFollow.cs using Guid(1ecf730fce7808143a38599fde946459) Importer(815301076,1909f56bfc062723c751e8b465ee728b)  -> (artifact id: '457416bb8b05a4c70bffb8cbbd1e9d4d') in 0.009491 seconds
  Import took 0.062058 seconds .

========================================================================
Received Import Request.
  Time since last request: 3.474617 seconds.
  path: Assets/Scripts/PlayerAnimation.cs
  artifactKey: Guid(0a1c93b30e4741d46b4aac34a52f3b59) Importer(815301076,1909f56bfc062723c751e8b465ee728b)
Start importing Assets/Scripts/PlayerAnimation.cs using Guid(0a1c93b30e4741d46b4aac34a52f3b59) Importer(815301076,1909f56bfc062723c751e8b465ee728b)  -> (artifact id: 'e611fa1231bdddcac4eb2174699557c8') in 0.007200 seconds
  Import took 0.031409 seconds .

========================================================================
Received Import Request.
  Time since last request: 0.013904 seconds.
  path: Assets/Scripts/PlayerAnimation.cs
  artifactKey: Guid(0a1c93b30e4741d46b4aac34a52f3b59) Importer(815301076,1909f56bfc062723c751e8b465ee728b)
Start importing Assets/Scripts/PlayerAnimation.cs using Guid(0a1c93b30e4741d46b4aac34a52f3b59) Importer(815301076,1909f56bfc062723c751e8b465ee728b)  -> (artifact id: 'e611fa1231bdddcac4eb2174699557c8') in 0.015435 seconds
  Import took 0.030762 seconds .

========================================================================
Received Prepare
Registering precompiled user dll's ...
Registered in 0.012960 seconds.
Begin MonoManager ReloadAssembly
Native extension for WindowsStandalone target not found
Refreshing native plugins compatible for Editor in 2.32 ms, found 0 plugins.
Preloading 0 native plugins for Editor in 0.00 ms.
Mono: successfully reloaded assembly
- Completed reload, in  3.093 seconds
Platform modules already initialized, skipping
Refreshing native plugins compatible for Editor in 1.26 ms, found 0 plugins.
Preloading 0 native plugins for Editor in 0.00 ms.
Unloading 3937 Unused Serialized files (Serialized files now loaded: 0)
System memory in use before: 190.7 MB.
System memory in use after: 190.9 MB.

Unloading 12 unused Assets to reduce memory usage. Loaded Objects now: 4762.
Total: 5.165800 ms (FindLiveObjects: 0.817500 ms CreateObjectMapping: 0.260500 ms MarkObjects: 4.057500 ms  DeleteObjects: 0.028200 ms)

========================================================================
Received Import Request.
  Time since last request: 35.682250 seconds.
  path: Assets/Scripts/PlayerDracollariumAnimation.cs
  artifactKey: Guid(0a1c93b30e4741d46b4aac34a52f3b59) Importer(815301076,1909f56bfc062723c751e8b465ee728b)
Start importing Assets/Scripts/PlayerDracollariumAnimation.cs using Guid(0a1c93b30e4741d46b4aac34a52f3b59) Importer(815301076,1909f56bfc062723c751e8b465ee728b)  -> (artifact id: '0ec996a6fe7ad681354936fff27abd88') in 0.049444 seconds
  Import took 0.081447 seconds .

========================================================================
Received Prepare
Registering precompiled user dll's ...
Registered in 0.010401 seconds.
Begin MonoManager ReloadAssembly
Native extension for WindowsStandalone target not found
Refreshing native plugins compatible for Editor in 1.82 ms, found 0 plugins.
Preloading 0 native plugins for Editor in 0.00 ms.
Mono: successfully reloaded assembly
- Completed reload, in  3.007 seconds
Platform modules already initialized, skipping
Refreshing native plugins compatible for Editor in 2.17 ms, found 0 plugins.
Preloading 0 native plugins for Editor in 0.00 ms.
Unloading 3938 Unused Serialized files (Serialized files now loaded: 0)
System memory in use before: 190.7 MB.
System memory in use after: 191.0 MB.

Unloading 12 unused Assets to reduce memory usage. Loaded Objects now: 4768.
Total: 7.442800 ms (FindLiveObjects: 1.730800 ms CreateObjectMapping: 0.704300 ms MarkObjects: 4.958600 ms  DeleteObjects: 0.046200 ms)

========================================================================
Received Import Request.
  Time since last request: 840.923174 seconds.
  path: Assets/Scripts/Camera/CameraFocusedLook.cs
  artifactKey: Guid(88c66c40e4f7df24ca7df1629f6b887b) Importer(815301076,1909f56bfc062723c751e8b465ee728b)
Start importing Assets/Scripts/Camera/CameraFocusedLook.cs using Guid(88c66c40e4f7df24ca7df1629f6b887b) Importer(815301076,1909f56bfc062723c751e8b465ee728b)  -> (artifact id: 'c481b558abc27582e48495e9820c99b1') in 0.013512 seconds
  Import took 0.046022 seconds .

========================================================================
Received Prepare
Registering precompiled user dll's ...
Registered in 0.016608 seconds.
Begin MonoManager ReloadAssembly
Native extension for WindowsStandalone target not found
Refreshing native plugins compatible for Editor in 2.21 ms, found 0 plugins.
Preloading 0 native plugins for Editor in 0.00 ms.
Mono: successfully reloaded assembly
- Completed reload, in  3.150 seconds
Platform modules already initialized, skipping
Refreshing native plugins compatible for Editor in 1.66 ms, found 0 plugins.
Preloading 0 native plugins for Editor in 0.00 ms.
Unloading 3938 Unused Serialized files (Serialized files now loaded: 0)
System memory in use before: 190.7 MB.
System memory in use after: 191.0 MB.

Unloading 12 unused Assets to reduce memory usage. Loaded Objects now: 4773.
Total: 9.100300 ms (FindLiveObjects: 1.864500 ms CreateObjectMapping: 0.423800 ms MarkObjects: 6.763800 ms  DeleteObjects: 0.044700 ms)

========================================================================
Received Import Request.
  Time since last request: 39.664971 seconds.
  path: Assets/Scripts/Camera/CameraPlayerFreeLook.cs
  artifactKey: Guid(1ecf730fce7808143a38599fde946459) Importer(815301076,1909f56bfc062723c751e8b465ee728b)
Start importing Assets/Scripts/Camera/CameraPlayerFreeLook.cs using Guid(1ecf730fce7808143a38599fde946459) Importer(815301076,1909f56bfc062723c751e8b465ee728b)  -> (artifact id: 'a1f20bcf7eaea8e05b30b4e82f99e074') in 0.029065 seconds
  Import took 0.057436 seconds .

========================================================================
Received Prepare
Registering precompiled user dll's ...
Registered in 0.006283 seconds.
Begin MonoManager ReloadAssembly
Native extension for WindowsStandalone target not found
Refreshing native plugins compatible for Editor in 1.24 ms, found 0 plugins.
Preloading 0 native plugins for Editor in 0.00 ms.
Mono: successfully reloaded assembly
- Completed reload, in  2.490 seconds
Platform modules already initialized, skipping
Refreshing native plugins compatible for Editor in 1.18 ms, found 0 plugins.
Preloading 0 native plugins for Editor in 0.00 ms.
Unloading 3938 Unused Serialized files (Serialized files now loaded: 0)
System memory in use before: 190.7 MB.
System memory in use after: 191.0 MB.

Unloading 12 unused Assets to reduce memory usage. Loaded Objects now: 4778.
Total: 5.331000 ms (FindLiveObjects: 0.853500 ms CreateObjectMapping: 0.260800 ms MarkObjects: 4.185400 ms  DeleteObjects: 0.029600 ms)

========================================================================
Received Import Request.
  Time since last request: 1016.715800 seconds.
  path: Assets/Scripts/Camera/CameraPlayerFocusLook.cs
  artifactKey: Guid(88c66c40e4f7df24ca7df1629f6b887b) Importer(815301076,1909f56bfc062723c751e8b465ee728b)
Start importing Assets/Scripts/Camera/CameraPlayerFocusLook.cs using Guid(88c66c40e4f7df24ca7df1629f6b887b) Importer(815301076,1909f56bfc062723c751e8b465ee728b)  -> (artifact id: 'e00c649bf9a3f01719444c9b32d0f497') in 0.020499 seconds
  Import took 0.029791 seconds .

========================================================================
Received Prepare
Registering precompiled user dll's ...
Registered in 0.005776 seconds.
Begin MonoManager ReloadAssembly
Native extension for WindowsStandalone target not found
Refreshing native plugins compatible for Editor in 1.07 ms, found 0 plugins.
Preloading 0 native plugins for Editor in 0.00 ms.
Mono: successfully reloaded assembly
- Completed reload, in  2.356 seconds
Platform modules already initialized, skipping
Refreshing native plugins compatible for Editor in 1.22 ms, found 0 plugins.
Preloading 0 native plugins for Editor in 0.00 ms.
Unloading 3938 Unused Serialized files (Serialized files now loaded: 0)
System memory in use before: 190.7 MB.
System memory in use after: 191.0 MB.

Unloading 12 unused Assets to reduce memory usage. Loaded Objects now: 4783.
Total: 4.603200 ms (FindLiveObjects: 0.781100 ms CreateObjectMapping: 0.249100 ms MarkObjects: 3.542400 ms  DeleteObjects: 0.029100 ms)

========================================================================
Received Import Request.
  Time since last request: 165.150548 seconds.
  path: Assets/Scripts/Camera/CameraPlayerFocusLook.cs
  artifactKey: Guid(88c66c40e4f7df24ca7df1629f6b887b) Importer(815301076,1909f56bfc062723c751e8b465ee728b)
Start importing Assets/Scripts/Camera/CameraPlayerFocusLook.cs using Guid(88c66c40e4f7df24ca7df1629f6b887b) Importer(815301076,1909f56bfc062723c751e8b465ee728b)  -> (artifact id: 'edae211dbc937d22a65998ab71c63aae') in 0.009812 seconds
  Import took 0.061475 seconds .

========================================================================
Received Import Request.
  Time since last request: 20.007080 seconds.
  path: Assets/Scripts/Abstracts/CameraInput.cs
  artifactKey: Guid(f4333bd29aadc0f4db034e93bc4a2c85) Importer(815301076,1909f56bfc062723c751e8b465ee728b)
Start importing Assets/Scripts/Abstracts/CameraInput.cs using Guid(f4333bd29aadc0f4db034e93bc4a2c85) Importer(815301076,1909f56bfc062723c751e8b465ee728b)  -> (artifact id: '2857792879ad32f8c00704955eb3146d') in 0.003912 seconds
  Import took 0.041070 seconds .

========================================================================
Received Import Request.
  Time since last request: 0.008894 seconds.
  path: Assets/Scripts/Abstracts/CameraInput.cs
  artifactKey: Guid(f4333bd29aadc0f4db034e93bc4a2c85) Importer(815301076,1909f56bfc062723c751e8b465ee728b)
Start importing Assets/Scripts/Abstracts/CameraInput.cs using Guid(f4333bd29aadc0f4db034e93bc4a2c85) Importer(815301076,1909f56bfc062723c751e8b465ee728b)  -> (artifact id: '2857792879ad32f8c00704955eb3146d') in 0.004556 seconds
  Import took 0.019203 seconds .

========================================================================
Received Prepare
Registering precompiled user dll's ...
Registered in 0.005512 seconds.
Begin MonoManager ReloadAssembly
Native extension for WindowsStandalone target not found
Refreshing native plugins compatible for Editor in 1.56 ms, found 0 plugins.
Preloading 0 native plugins for Editor in 0.00 ms.
Mono: successfully reloaded assembly
- Completed reload, in  2.532 seconds
Platform modules already initialized, skipping
Refreshing native plugins compatible for Editor in 1.13 ms, found 0 plugins.
Preloading 0 native plugins for Editor in 0.00 ms.
Unloading 3939 Unused Serialized files (Serialized files now loaded: 0)
System memory in use before: 190.8 MB.
System memory in use after: 191.0 MB.

Unloading 12 unused Assets to reduce memory usage. Loaded Objects now: 4789.
Total: 5.613500 ms (FindLiveObjects: 0.864600 ms CreateObjectMapping: 0.306600 ms MarkObjects: 4.410500 ms  DeleteObjects: 0.029800 ms)

========================================================================
Received Prepare
Registering precompiled user dll's ...
Registered in 0.006251 seconds.
Begin MonoManager ReloadAssembly
Native extension for WindowsStandalone target not found
Refreshing native plugins compatible for Editor in 1.41 ms, found 0 plugins.
Preloading 0 native plugins for Editor in 0.00 ms.
Mono: successfully reloaded assembly
- Completed reload, in  2.565 seconds
Platform modules already initialized, skipping
Refreshing native plugins compatible for Editor in 1.16 ms, found 0 plugins.
Preloading 0 native plugins for Editor in 0.00 ms.
Unloading 3939 Unused Serialized files (Serialized files now loaded: 0)
System memory in use before: 190.8 MB.
System memory in use after: 191.0 MB.

Unloading 12 unused Assets to reduce memory usage. Loaded Objects now: 4794.
Total: 10.671200 ms (FindLiveObjects: 1.475600 ms CreateObjectMapping: 0.714800 ms MarkObjects: 8.444500 ms  DeleteObjects: 0.033500 ms)

========================================================================
Received Import Request.
  Time since last request: 942.892043 seconds.
  path: Assets/Scripts/Abstracts/CameraInput.cs
  artifactKey: Guid(f4333bd29aadc0f4db034e93bc4a2c85) Importer(815301076,1909f56bfc062723c751e8b465ee728b)
Start importing Assets/Scripts/Abstracts/CameraInput.cs using Guid(f4333bd29aadc0f4db034e93bc4a2c85) Importer(815301076,1909f56bfc062723c751e8b465ee728b)  -> (artifact id: '469aa2ec0476ab884cef6a472007b2d0') in 0.009842 seconds
  Import took 0.129507 seconds .

========================================================================
Received Prepare
Registering precompiled user dll's ...
Registered in 0.006218 seconds.
Begin MonoManager ReloadAssembly
Native extension for WindowsStandalone target not found
Refreshing native plugins compatible for Editor in 1.17 ms, found 0 plugins.
Preloading 0 native plugins for Editor in 0.00 ms.
Mono: successfully reloaded assembly
- Completed reload, in  2.597 seconds
Platform modules already initialized, skipping
Refreshing native plugins compatible for Editor in 1.49 ms, found 0 plugins.
Preloading 0 native plugins for Editor in 0.00 ms.
Unloading 3939 Unused Serialized files (Serialized files now loaded: 0)
System memory in use before: 190.8 MB.
System memory in use after: 191.0 MB.

Unloading 12 unused Assets to reduce memory usage. Loaded Objects now: 4799.
Total: 5.996100 ms (FindLiveObjects: 0.998300 ms CreateObjectMapping: 0.262700 ms MarkObjects: 4.696900 ms  DeleteObjects: 0.035700 ms)

========================================================================
Received Import Request.
  Time since last request: 407.859925 seconds.
  path: Assets/Scripts/Camera/CameraPlayerFreeLook.cs
  artifactKey: Guid(1ecf730fce7808143a38599fde946459) Importer(815301076,1909f56bfc062723c751e8b465ee728b)
Start importing Assets/Scripts/Camera/CameraPlayerFreeLook.cs using Guid(1ecf730fce7808143a38599fde946459) Importer(815301076,1909f56bfc062723c751e8b465ee728b)  -> (artifact id: '4abd04d7045aee217ca250494bb6aac2') in 0.023589 seconds
  Import took 0.070587 seconds .

========================================================================
Received Import Request.
  Time since last request: 0.768475 seconds.
  path: Assets/Scripts/Camera/CameraPlayerFocusLook.cs
  artifactKey: Guid(88c66c40e4f7df24ca7df1629f6b887b) Importer(815301076,1909f56bfc062723c751e8b465ee728b)
Start importing Assets/Scripts/Camera/CameraPlayerFocusLook.cs using Guid(88c66c40e4f7df24ca7df1629f6b887b) Importer(815301076,1909f56bfc062723c751e8b465ee728b)  -> (artifact id: 'd1295afdfa30090021bf1f9886a98399') in 0.004658 seconds
  Import took 0.015382 seconds .

========================================================================
Received Prepare
Registering precompiled user dll's ...
Registered in 0.010178 seconds.
Begin MonoManager ReloadAssembly
Native extension for WindowsStandalone target not found
Refreshing native plugins compatible for Editor in 1.15 ms, found 0 plugins.
Preloading 0 native plugins for Editor in 0.00 ms.
Mono: successfully reloaded assembly
- Completed reload, in  2.429 seconds
Platform modules already initialized, skipping
Refreshing native plugins compatible for Editor in 1.26 ms, found 0 plugins.
Preloading 0 native plugins for Editor in 0.00 ms.
Unloading 3937 Unused Serialized files (Serialized files now loaded: 0)
System memory in use before: 190.8 MB.
System memory in use after: 191.0 MB.

Unloading 12 unused Assets to reduce memory usage. Loaded Objects now: 4804.
Total: 5.769100 ms (FindLiveObjects: 1.029300 ms CreateObjectMapping: 0.298000 ms MarkObjects: 4.406500 ms  DeleteObjects: 0.033100 ms)

